<?xml version="1.0" encoding="UTF-8"?>
<!-- Generated by org.testng.reporters.JUnitReportReporter -->
<testsuite skipped="0" hostname="HW1562" name="POC.tests.functionalTests.CarePlan_IntakeAndOutput_TestCases" tests="2" failures="0" timestamp="15 Nov 2018 13:39:40 GMT" time="229.959" errors="0">
  <testcase name="POC_QA296_Intake_Recording_For_Resident" time="116.306" classname="POC.tests.functionalTests.CarePlan_IntakeAndOutput_TestCases"/>
  <testcase name="POC_QA297_Output_Recording_For_Resident" time="113.653" classname="POC.tests.functionalTests.CarePlan_IntakeAndOutput_TestCases"/>
</testsuite> <!-- POC.tests.functionalTests.CarePlan_IntakeAndOutput_TestCases -->
