<?xml version="1.0" encoding="UTF-8"?>
<!-- Generated by org.testng.reporters.JUnitReportReporter -->
<testsuite skipped="0" hostname="HW1562" name="bluestrata.tests.functionaltests.ClinicalTestCases" tests="1" failures="0" timestamp="07 Sep 2018 08:30:52 GMT" time="2226.136" errors="0">
  <testcase name="QA102_ViewAndModifyAnOrder_ViaOrderSets" time="2226.136" classname="bluestrata.tests.functionaltests.ClinicalTestCases"/>
</testsuite> <!-- bluestrata.tests.functionaltests.ClinicalTestCases -->
