<?xml version="1.0" encoding="UTF-8"?>
<!-- Generated by org.testng.reporters.JUnitReportReporter -->
<testsuite skipped="0" hostname="HW1562" name="UnitTestForDebugging" tests="1" failures="0" timestamp="03 Jul 2018 07:54:32 GMT" time="25.063" errors="0">
  <testcase name="testExcel" time="25.063" classname="UnitTestForDebugging"/>
</testsuite> <!-- UnitTestForDebugging -->
