<?xml version="1.0" encoding="UTF-8"?>
<!-- Generated by org.testng.reporters.JUnitReportReporter -->
<testsuite skipped="0" hostname="HW1562" name="POC.tests.functionalTests.HomePageTestCases" tests="1" failures="0" timestamp="08 Oct 2018 12:22:34 GMT" time="67.657" errors="0">
  <testcase name="POC_QA270_Station_Setup_7th_Icon_In_Left_Pane" time="67.657" classname="POC.tests.functionalTests.HomePageTestCases"/>
</testsuite> <!-- POC.tests.functionalTests.HomePageTestCases -->
