<?xml version="1.0" encoding="UTF-8"?>
<!-- Generated by org.testng.reporters.JUnitReportReporter -->
<testsuite skipped="0" hostname="HW1562" name="POC.tests.functionalTests.CarePlan_HeightAndWeight_TestCases" tests="1" failures="0" timestamp="03 Oct 2018 06:48:36 GMT" time="196.056" errors="0">
  <testcase name="POC_QA295_Weight_Recording_For_Resident" time="196.056" classname="POC.tests.functionalTests.CarePlan_HeightAndWeight_TestCases"/>
</testsuite> <!-- POC.tests.functionalTests.CarePlan_HeightAndWeight_TestCases -->
