<?xml version="1.0" encoding="UTF-8"?>
<!-- Generated by org.testng.reporters.JUnitReportReporter -->
<testsuite skipped="0" hostname="HW1562" name="bluestrata.tests.functionalTests.EmarTestCases" tests="33" failures="0" timestamp="05 Nov 2018 16:57:11 GMT" time="10043.819" errors="5">
  <testcase name="QA131_VerifyCurrentAdministrationFollowUps_OrdersAdministration" time="443.746" classname="bluestrata.tests.functionalTests.EmarTestCases">
    <error type="java.lang.NullPointerException">
      <![CDATA[java.lang.NullPointerException
	at bluestrata.pages.EmarPage.DescriptionSelectionFromRoutine(EmarPage.java:1303)
	at bluestrata.pages.EmarPage.AdministrationButtonRoutineTabValidation(EmarPage.java:933)
	at bluestrata.tests.functionalTests.EmarTestCases.QA131_VerifyCurrentAdministrationFollowUps_OrdersAdministration(EmarTestCases.java:432)
	at sun.reflect.NativeMethodAccessorImpl.invoke0(Native Method)
	at sun.reflect.NativeMethodAccessorImpl.invoke(NativeMethodAccessorImpl.java:62)
	at sun.reflect.DelegatingMethodAccessorImpl.invoke(DelegatingMethodAccessorImpl.java:43)
	at java.lang.reflect.Method.invoke(Method.java:498)
	at org.testng.internal.MethodInvocationHelper.invokeMethod(MethodInvocationHelper.java:108)
	at org.testng.internal.Invoker.invokeMethod(Invoker.java:661)
	at org.testng.internal.Invoker.invokeTestMethod(Invoker.java:869)
	at org.testng.internal.Invoker.invokeTestMethods(Invoker.java:1193)
	at org.testng.internal.TestMethodWorker.invokeTestMethods(TestMethodWorker.java:126)
	at org.testng.internal.TestMethodWorker.run(TestMethodWorker.java:109)
	at org.testng.TestRunner.privateRun(TestRunner.java:744)
	at org.testng.TestRunner.run(TestRunner.java:602)
	at org.testng.SuiteRunner.runTest(SuiteRunner.java:380)
	at org.testng.SuiteRunner.access$000(SuiteRunner.java:39)
	at org.testng.SuiteRunner$SuiteWorker.run(SuiteRunner.java:414)
	at org.testng.internal.thread.ThreadUtil$1.call(ThreadUtil.java:52)
	at java.util.concurrent.FutureTask.run(FutureTask.java:266)
	at java.util.concurrent.ThreadPoolExecutor.runWorker(ThreadPoolExecutor.java:1142)
	at java.util.concurrent.ThreadPoolExecutor$Worker.run(ThreadPoolExecutor.java:617)
	at java.lang.Thread.run(Thread.java:745)
]]>
    </error>
  </testcase> <!-- QA131_VerifyCurrentAdministrationFollowUps_OrdersAdministration -->
  <testcase name="QA144_MissedAdministration_PRNOrders_PostAdministrationAction_EMAR" time="251.813" classname="bluestrata.tests.functionalTests.EmarTestCases"/>
  <testcase name="QA121_LaunchPage_ViewOrderStatus_OneMARDashboard" time="303.582" classname="bluestrata.tests.functionalTests.EmarTestCases"/>
  <testcase name="QA129_VerifyCurrentAdministrationRoutine_OrdersAdministration" time="366.795" classname="bluestrata.tests.functionalTests.EmarTestCases"/>
  <testcase name="QA135_LostOrDisposedMedication_ResidentDashoard_EMAR" time="239.071" classname="bluestrata.tests.functionalTests.EmarTestCases"/>
  <testcase name="QA124_EmarDashboard_LateMedicationsLast24Hours" time="158.475" classname="bluestrata.tests.functionalTests.EmarTestCases"/>
  <testcase name="QA137_PastAdministrationPRN_ResidentDashoard_EMAR" time="317.119" classname="bluestrata.tests.functionalTests.EmarTestCases"/>
  <testcase name="QA142_MissedAdministration_RoutionOrders_PostAdministrationAction_EMAR" time="275.568" classname="bluestrata.tests.functionalTests.EmarTestCases"/>
  <testcase name="QA118_HelpMenuWith_HelpSiteAbout" time="148.865" classname="bluestrata.tests.functionalTests.EmarTestCases"/>
  <testcase name="QA127_EmarDashboard_ResidentDetails_OnDashboard" time="635.132" classname="bluestrata.tests.functionalTests.EmarTestCases"/>
  <testcase name="QA122_EmarDashboard_OrdersWidget" time="313.163" classname="bluestrata.tests.functionalTests.EmarTestCases"/>
  <testcase name="QA173_Creation_Of_Med_Inventory" time="207.707" classname="bluestrata.tests.functionalTests.EmarTestCases"/>
  <testcase name="QA143_MissedAdministration_PRNOrders_PreAdministrationAction_EMAR" time="241.068" classname="bluestrata.tests.functionalTests.EmarTestCases"/>
  <testcase name="QA116_LoginTo_EmarApplication" time="141.819" classname="bluestrata.tests.functionalTests.EmarTestCases"/>
  <testcase name="QA133_Edit_And_Undo_on_Today_administered_Orders_on_eMAR" time="334.800" classname="bluestrata.tests.functionalTests.EmarTestCases"/>
  <testcase name="QA120_ExploreEmar_DashboardPageUsing_eMARapp" time="143.062" classname="bluestrata.tests.functionalTests.EmarTestCases"/>
  <testcase name="QA136_PastAdministrationRoutine_ResidentDashoard_EMAR" time="375.797" classname="bluestrata.tests.functionalTests.EmarTestCases"/>
  <testcase name="QA117_UserNamePreferences_TopRightOf_ResidentDahsboard_Or_HomePage" time="159.144" classname="bluestrata.tests.functionalTests.EmarTestCases"/>
  <testcase name="QA130_VerifyCurrentAdministrationPRN_OrdersAdministration" time="349.474" classname="bluestrata.tests.functionalTests.EmarTestCases"/>
  <testcase name="QA134_InteractionsButton_ResidentDashoard_EMAR" time="259.644" classname="bluestrata.tests.functionalTests.EmarTestCases"/>
  <testcase name="QA138_PastAdministrationFollowUps_ResidentDashoard_EMAR" time="449.485" classname="bluestrata.tests.functionalTests.EmarTestCases">
    <error type="java.lang.NullPointerException">
      <![CDATA[java.lang.NullPointerException
	at bluestrata.pages.EmarPage.DescriptionSelectionFromRoutine(EmarPage.java:1303)
	at bluestrata.pages.EmarPage.AdministrationButtonRoutineTabValidation(EmarPage.java:933)
	at bluestrata.tests.functionalTests.EmarTestCases.QA138_PastAdministrationFollowUps_ResidentDashoard_EMAR(EmarTestCases.java:637)
	at sun.reflect.NativeMethodAccessorImpl.invoke0(Native Method)
	at sun.reflect.NativeMethodAccessorImpl.invoke(NativeMethodAccessorImpl.java:62)
	at sun.reflect.DelegatingMethodAccessorImpl.invoke(DelegatingMethodAccessorImpl.java:43)
	at java.lang.reflect.Method.invoke(Method.java:498)
	at org.testng.internal.MethodInvocationHelper.invokeMethod(MethodInvocationHelper.java:108)
	at org.testng.internal.Invoker.invokeMethod(Invoker.java:661)
	at org.testng.internal.Invoker.invokeTestMethod(Invoker.java:869)
	at org.testng.internal.Invoker.invokeTestMethods(Invoker.java:1193)
	at org.testng.internal.TestMethodWorker.invokeTestMethods(TestMethodWorker.java:126)
	at org.testng.internal.TestMethodWorker.run(TestMethodWorker.java:109)
	at org.testng.TestRunner.privateRun(TestRunner.java:744)
	at org.testng.TestRunner.run(TestRunner.java:602)
	at org.testng.SuiteRunner.runTest(SuiteRunner.java:380)
	at org.testng.SuiteRunner.access$000(SuiteRunner.java:39)
	at org.testng.SuiteRunner$SuiteWorker.run(SuiteRunner.java:414)
	at org.testng.internal.thread.ThreadUtil$1.call(ThreadUtil.java:52)
	at java.util.concurrent.FutureTask.run(FutureTask.java:266)
	at java.util.concurrent.ThreadPoolExecutor.runWorker(ThreadPoolExecutor.java:1142)
	at java.util.concurrent.ThreadPoolExecutor$Worker.run(ThreadPoolExecutor.java:617)
	at java.lang.Thread.run(Thread.java:745)
]]>
    </error>
  </testcase> <!-- QA138_PastAdministrationFollowUps_ResidentDashoard_EMAR -->
  <testcase name="QA140_MissedAdministration_RoutionOrders_ResidentDashboard_EMAR" time="262.434" classname="bluestrata.tests.functionalTests.EmarTestCases"/>
  <testcase name="QA151_Behavior_Monitoring_on_eMAR" time="197.298" classname="bluestrata.tests.functionalTests.EmarTestCases"/>
  <testcase name="QA139_MissedAdministrationOn_ResidentDashboard_EMAR" time="601.192" classname="bluestrata.tests.functionalTests.EmarTestCases">
    <error type="java.lang.NullPointerException">
      <![CDATA[java.lang.NullPointerException
	at bluestrata.pages.EmarPage.DescriptionSelectionFromRoutine(EmarPage.java:1303)
	at bluestrata.pages.EmarPage.AdministrationButtonRoutineTabValidation(EmarPage.java:933)
	at bluestrata.tests.functionalTests.EmarTestCases.QA139_MissedAdministrationOn_ResidentDashboard_EMAR(EmarTestCases.java:670)
	at sun.reflect.NativeMethodAccessorImpl.invoke0(Native Method)
	at sun.reflect.NativeMethodAccessorImpl.invoke(NativeMethodAccessorImpl.java:62)
	at sun.reflect.DelegatingMethodAccessorImpl.invoke(DelegatingMethodAccessorImpl.java:43)
	at java.lang.reflect.Method.invoke(Method.java:498)
	at org.testng.internal.MethodInvocationHelper.invokeMethod(MethodInvocationHelper.java:108)
	at org.testng.internal.Invoker.invokeMethod(Invoker.java:661)
	at org.testng.internal.Invoker.invokeTestMethod(Invoker.java:869)
	at org.testng.internal.Invoker.invokeTestMethods(Invoker.java:1193)
	at org.testng.internal.TestMethodWorker.invokeTestMethods(TestMethodWorker.java:126)
	at org.testng.internal.TestMethodWorker.run(TestMethodWorker.java:109)
	at org.testng.TestRunner.privateRun(TestRunner.java:744)
	at org.testng.TestRunner.run(TestRunner.java:602)
	at org.testng.SuiteRunner.runTest(SuiteRunner.java:380)
	at org.testng.SuiteRunner.access$000(SuiteRunner.java:39)
	at org.testng.SuiteRunner$SuiteWorker.run(SuiteRunner.java:414)
	at org.testng.internal.thread.ThreadUtil$1.call(ThreadUtil.java:52)
	at java.util.concurrent.FutureTask.run(FutureTask.java:266)
	at java.util.concurrent.ThreadPoolExecutor.runWorker(ThreadPoolExecutor.java:1142)
	at java.util.concurrent.ThreadPoolExecutor$Worker.run(ThreadPoolExecutor.java:617)
	at java.lang.Thread.run(Thread.java:745)
]]>
    </error>
  </testcase> <!-- QA139_MissedAdministrationOn_ResidentDashboard_EMAR -->
  <testcase name="QA145_MissedAdministration_AdministeringFollowupsOrders_EMAR" time="450.667" classname="bluestrata.tests.functionalTests.EmarTestCases">
    <error type="java.lang.NullPointerException">
      <![CDATA[java.lang.NullPointerException
	at bluestrata.pages.EmarPage.DescriptionSelectionFromRoutine(EmarPage.java:1303)
	at bluestrata.pages.EmarPage.AdministrationButtonRoutineTabValidation(EmarPage.java:933)
	at bluestrata.tests.functionalTests.EmarTestCases.QA145_MissedAdministration_AdministeringFollowupsOrders_EMAR(EmarTestCases.java:838)
	at sun.reflect.NativeMethodAccessorImpl.invoke0(Native Method)
	at sun.reflect.NativeMethodAccessorImpl.invoke(NativeMethodAccessorImpl.java:62)
	at sun.reflect.DelegatingMethodAccessorImpl.invoke(DelegatingMethodAccessorImpl.java:43)
	at java.lang.reflect.Method.invoke(Method.java:498)
	at org.testng.internal.MethodInvocationHelper.invokeMethod(MethodInvocationHelper.java:108)
	at org.testng.internal.Invoker.invokeMethod(Invoker.java:661)
	at org.testng.internal.Invoker.invokeTestMethod(Invoker.java:869)
	at org.testng.internal.Invoker.invokeTestMethods(Invoker.java:1193)
	at org.testng.internal.TestMethodWorker.invokeTestMethods(TestMethodWorker.java:126)
	at org.testng.internal.TestMethodWorker.run(TestMethodWorker.java:109)
	at org.testng.TestRunner.privateRun(TestRunner.java:744)
	at org.testng.TestRunner.run(TestRunner.java:602)
	at org.testng.SuiteRunner.runTest(SuiteRunner.java:380)
	at org.testng.SuiteRunner.access$000(SuiteRunner.java:39)
	at org.testng.SuiteRunner$SuiteWorker.run(SuiteRunner.java:414)
	at org.testng.internal.thread.ThreadUtil$1.call(ThreadUtil.java:52)
	at java.util.concurrent.FutureTask.run(FutureTask.java:266)
	at java.util.concurrent.ThreadPoolExecutor.runWorker(ThreadPoolExecutor.java:1142)
	at java.util.concurrent.ThreadPoolExecutor$Worker.run(ThreadPoolExecutor.java:617)
	at java.lang.Thread.run(Thread.java:745)
]]>
    </error>
  </testcase> <!-- QA145_MissedAdministration_AdministeringFollowupsOrders_EMAR -->
  <testcase name="QA123_EmarDashboard_ADTChanges" time="375.704" classname="bluestrata.tests.functionalTests.EmarTestCases"/>
  <testcase name="QA128_AdministrationButtonsAvailable_OnResidentDashboard" time="342.691" classname="bluestrata.tests.functionalTests.EmarTestCases"/>
  <testcase name="QA141_MissedAdministration_RoutionOrders_PreAdministrationAction_EMAR" time="246.278" classname="bluestrata.tests.functionalTests.EmarTestCases"/>
  <testcase name="QA125_EmarDashboard_Followups" time="161.100" classname="bluestrata.tests.functionalTests.EmarTestCases"/>
  <testcase name="QA147_VitalSigns_ResidentDashboard_eMAR" time="223.703" classname="bluestrata.tests.functionalTests.EmarTestCases">
    <error type="java.lang.NullPointerException">
      <![CDATA[java.lang.NullPointerException
	at bluestrata.pages.EmarPage.BooleanTasks(EmarPage.java:1007)
	at bluestrata.pages.EmarPage.UpdateNewVitalSign(EmarPage.java:2308)
	at bluestrata.tests.functionalTests.EmarTestCases.QA147_VitalSigns_ResidentDashboard_eMAR(EmarTestCases.java:878)
	at sun.reflect.NativeMethodAccessorImpl.invoke0(Native Method)
	at sun.reflect.NativeMethodAccessorImpl.invoke(NativeMethodAccessorImpl.java:62)
	at sun.reflect.DelegatingMethodAccessorImpl.invoke(DelegatingMethodAccessorImpl.java:43)
	at java.lang.reflect.Method.invoke(Method.java:498)
	at org.testng.internal.MethodInvocationHelper.invokeMethod(MethodInvocationHelper.java:108)
	at org.testng.internal.Invoker.invokeMethod(Invoker.java:661)
	at org.testng.internal.Invoker.invokeTestMethod(Invoker.java:869)
	at org.testng.internal.Invoker.invokeTestMethods(Invoker.java:1193)
	at org.testng.internal.TestMethodWorker.invokeTestMethods(TestMethodWorker.java:126)
	at org.testng.internal.TestMethodWorker.run(TestMethodWorker.java:109)
	at org.testng.TestRunner.privateRun(TestRunner.java:744)
	at org.testng.TestRunner.run(TestRunner.java:602)
	at org.testng.SuiteRunner.runTest(SuiteRunner.java:380)
	at org.testng.SuiteRunner.access$000(SuiteRunner.java:39)
	at org.testng.SuiteRunner$SuiteWorker.run(SuiteRunner.java:414)
	at org.testng.internal.thread.ThreadUtil$1.call(ThreadUtil.java:52)
	at java.util.concurrent.FutureTask.run(FutureTask.java:266)
	at java.util.concurrent.ThreadPoolExecutor.runWorker(ThreadPoolExecutor.java:1142)
	at java.util.concurrent.ThreadPoolExecutor$Worker.run(ThreadPoolExecutor.java:617)
	at java.lang.Thread.run(Thread.java:745)
]]>
    </error>
  </testcase> <!-- QA147_VitalSigns_ResidentDashboard_eMAR -->
  <testcase name="QA132_AdministeringShowFutureRecord_EMAR" time="201.916" classname="bluestrata.tests.functionalTests.EmarTestCases"/>
  <testcase name="QA119_ChangeAppWindowThrough_ApplicationMenuButton" time="131.786" classname="bluestrata.tests.functionalTests.EmarTestCases"/>
  <testcase name="QA126_EmarDashboard_ResidentDashboard" time="733.721" classname="bluestrata.tests.functionalTests.EmarTestCases"/>
</testsuite> <!-- bluestrata.tests.functionalTests.EmarTestCases -->
