<?xml version="1.0" encoding="UTF-8"?>
<!-- Generated by org.testng.reporters.JUnitReportReporter -->
<testsuite skipped="0" hostname="HW1562" name="aut.tests.functionaltests.ClinicalTestCases" tests="20" failures="0" timestamp="25 Aug 2018 08:22:58 GMT" time="32133.508" errors="2">
  <testcase name="QA090_OrderCreationViaClinicalAPP" time="156.621" classname="aut.tests.functionaltests.ClinicalTestCases"/>
  <testcase name="QA091_ResidentOrders_CreateAnOrderUsingDetailsType" time="757.582" classname="aut.tests.functionaltests.ClinicalTestCases"/>
  <testcase name="QA092_AddingFrequencyFromResidentOrders_CreateAnOrderWithFrequencyRoutine" time="966.713" classname="aut.tests.functionaltests.ClinicalTestCases"/>
  <testcase name="QA093_FrequencyFieldSelectionWhen_FrequencyTypeRoutine" time="13556.779" classname="aut.tests.functionaltests.ClinicalTestCases"/>
  <testcase name="QA094_HowOftenFieldSelectionWhen_FrequencyTypeRoutine" time="2681.403" classname="aut.tests.functionaltests.ClinicalTestCases"/>
  <testcase name="QA095_AddingFrequencyFromOrders_WithFrequencyPRN" time="926.789" classname="aut.tests.functionaltests.ClinicalTestCases"/>
  <testcase name="QA096_AddingFrequencyFromResidentOrder_WithFrequencyPRNEveryHour" time="929.451" classname="aut.tests.functionaltests.ClinicalTestCases"/>
  <testcase name="QA097_ResidentOrders_CreateAnOrderUsingDetailsTypeTreatmentWithMedication_And_Medication" time="1743.306" classname="aut.tests.functionaltests.ClinicalTestCases"/>
  <testcase name="QA098_ResidentOrders_CreateAnOrderUsingDetailsTypeTreatmentWithMedication_And_Medication_FrequencyTypeRoutine" time="1146.525" classname="aut.tests.functionaltests.ClinicalTestCases"/>
  <testcase name="QA099_ResidentOrders_CreateAnOrderUsingDetailsTypeTreatmentWithMedication_And_Medication_WithFrequencyPRNEveryHour" time="799.868" classname="aut.tests.functionaltests.ClinicalTestCases"/>
  <testcase name="QA100_ResidentOrders_CreateAnOrderUsingDetailsTypeTreatmentWithMedication_And_Medication_WithFrequencyPRN" time="788.422" classname="aut.tests.functionaltests.ClinicalTestCases"/>
  <testcase name="QA101_CreateAnOrder_ViaOrderSets" time="157.824" classname="aut.tests.functionaltests.ClinicalTestCases">
    <error type="org.openqa.selenium.NoSuchElementException" message="Unable to find element with xpath == //datatable-scroller[@class=&#039;datatable-scroll ng-star-inserted&#039;]//span[text()=&#039;Amoxicillin 875 MG Tablet&#039;]
For documentation on this error, please visit: http://seleniumhq.org/exceptions/no_such_element.html
Build info: version: &#039;3.6.0&#039;, revision: &#039;6fbf3ec767&#039;, time: &#039;2017-09-27T15:28:36.4Z&#039;
System info: host: &#039;HW1562&#039;, ip: &#039;10.11.4.33&#039;, os.name: &#039;Windows 7&#039;, os.arch: &#039;amd64&#039;, os.version: &#039;6.1&#039;, java.version: &#039;1.8.0_111&#039;
Driver info: org.openqa.selenium.ie.InternetExplorerDriver
Capabilities [{proxy=Proxy(), acceptInsecureCerts=false, browserVersion=11, se:ieOptions={nativeEvents=true, browserAttachTimeout=0, ie.ensureCleanSession=true, elementScrollBehavior=0, enablePersistentHover=true, ie.browserCommandLineSwitches=, ie.forceCreateProcessApi=false, requireWindowFocus=false, initialBrowserUrl=http://localhost:42912/, ignoreZoomSetting=false, ie.fileUploadDialogTimeout=3000, ignoreProtectedModeSettings=false}, timeouts={implicit=0, pageLoad=300000, script=30000}, browserName=internet explorer, pageLoadStrategy=normal, javascriptEnabled=true, platformName=WINDOWS, setWindowRect=true, platform=WINDOWS}]
Session ID: e2542ce8-bb99-402b-b37e-62991a8bf805
*** Element info: {Using=xpath, value=//datatable-scroller[@class=&#039;datatable-scroll ng-star-inserted&#039;]//span[text()=&#039;Amoxicillin 875 MG Tablet&#039;]}">
      <![CDATA[org.openqa.selenium.NoSuchElementException: Unable to find element with xpath == //datatable-scroller[@class='datatable-scroll ng-star-inserted']//span[text()='Amoxicillin 875 MG Tablet']
For documentation on this error, please visit: http://seleniumhq.org/exceptions/no_such_element.html
Build info: version: '3.6.0', revision: '6fbf3ec767', time: '2017-09-27T15:28:36.4Z'
System info: host: 'HW1562', ip: '10.11.4.33', os.name: 'Windows 7', os.arch: 'amd64', os.version: '6.1', java.version: '1.8.0_111'
Driver info: org.openqa.selenium.ie.InternetExplorerDriver
Capabilities [{proxy=Proxy(), acceptInsecureCerts=false, browserVersion=11, se:ieOptions={nativeEvents=true, browserAttachTimeout=0, ie.ensureCleanSession=true, elementScrollBehavior=0, enablePersistentHover=true, ie.browserCommandLineSwitches=, ie.forceCreateProcessApi=false, requireWindowFocus=false, initialBrowserUrl=http://localhost:42912/, ignoreZoomSetting=false, ie.fileUploadDialogTimeout=3000, ignoreProtectedModeSettings=false}, timeouts={implicit=0, pageLoad=300000, script=30000}, browserName=internet explorer, pageLoadStrategy=normal, javascriptEnabled=true, platformName=WINDOWS, setWindowRect=true, platform=WINDOWS}]
Session ID: e2542ce8-bb99-402b-b37e-62991a8bf805
*** Element info: {Using=xpath, value=//datatable-scroller[@class='datatable-scroll ng-star-inserted']//span[text()='Amoxicillin 875 MG Tablet']}
	at sun.reflect.NativeConstructorAccessorImpl.newInstance0(Native Method)
	at sun.reflect.NativeConstructorAccessorImpl.newInstance(NativeConstructorAccessorImpl.java:62)
	at sun.reflect.DelegatingConstructorAccessorImpl.newInstance(DelegatingConstructorAccessorImpl.java:45)
	at java.lang.reflect.Constructor.newInstance(Constructor.java:423)
	at org.openqa.selenium.remote.http.W3CHttpResponseCodec.createException(W3CHttpResponseCodec.java:187)
	at org.openqa.selenium.remote.http.W3CHttpResponseCodec.decode(W3CHttpResponseCodec.java:122)
	at org.openqa.selenium.remote.http.W3CHttpResponseCodec.decode(W3CHttpResponseCodec.java:49)
	at org.openqa.selenium.remote.HttpCommandExecutor.execute(HttpCommandExecutor.java:160)
	at org.openqa.selenium.remote.service.DriverCommandExecutor.execute(DriverCommandExecutor.java:83)
	at org.openqa.selenium.remote.RemoteWebDriver.execute(RemoteWebDriver.java:601)
	at org.openqa.selenium.remote.RemoteWebDriver.findElement(RemoteWebDriver.java:371)
	at org.openqa.selenium.remote.RemoteWebDriver.findElementByXPath(RemoteWebDriver.java:473)
	at org.openqa.selenium.By$ByXPath.findElement(By.java:361)
	at org.openqa.selenium.remote.RemoteWebDriver.findElement(RemoteWebDriver.java:363)
	at aut.bluestrata.pages.FacilityPage.CreateOrderSetDescription(FacilityPage.java:297)
	at aut.tests.functionaltests.ClinicalTestCases.QA101_CreateAnOrder_ViaOrderSets(ClinicalTestCases.java:1452)
	at sun.reflect.NativeMethodAccessorImpl.invoke0(Native Method)
	at sun.reflect.NativeMethodAccessorImpl.invoke(NativeMethodAccessorImpl.java:62)
	at sun.reflect.DelegatingMethodAccessorImpl.invoke(DelegatingMethodAccessorImpl.java:43)
	at java.lang.reflect.Method.invoke(Method.java:498)
	at org.testng.internal.MethodInvocationHelper.invokeMethod(MethodInvocationHelper.java:108)
	at org.testng.internal.Invoker.invokeMethod(Invoker.java:661)
	at org.testng.internal.Invoker.invokeTestMethod(Invoker.java:869)
	at org.testng.internal.Invoker.invokeTestMethods(Invoker.java:1193)
	at org.testng.internal.TestMethodWorker.invokeTestMethods(TestMethodWorker.java:126)
	at org.testng.internal.TestMethodWorker.run(TestMethodWorker.java:109)
	at org.testng.TestRunner.privateRun(TestRunner.java:744)
	at org.testng.TestRunner.run(TestRunner.java:602)
	at org.testng.SuiteRunner.runTest(SuiteRunner.java:380)
	at org.testng.SuiteRunner.access$000(SuiteRunner.java:39)
	at org.testng.SuiteRunner$SuiteWorker.run(SuiteRunner.java:414)
	at org.testng.internal.thread.ThreadUtil$1.call(ThreadUtil.java:52)
	at java.util.concurrent.FutureTask.run(FutureTask.java:266)
	at java.util.concurrent.ThreadPoolExecutor.runWorker(ThreadPoolExecutor.java:1142)
	at java.util.concurrent.ThreadPoolExecutor$Worker.run(ThreadPoolExecutor.java:617)
	at java.lang.Thread.run(Thread.java:745)
]]>
    </error>
  </testcase> <!-- QA101_CreateAnOrder_ViaOrderSets -->
  <testcase name="QA102_ViewAndModifyAnOrder_ViaOrderSets" time="84.614" classname="aut.tests.functionaltests.ClinicalTestCases">
    <error type="java.lang.NullPointerException">
      <![CDATA[java.lang.NullPointerException
	at aut.tests.functionaltests.ClinicalTestCases.QA102_ViewAndModifyAnOrder_ViaOrderSets(ClinicalTestCases.java:1620)
	at sun.reflect.NativeMethodAccessorImpl.invoke0(Native Method)
	at sun.reflect.NativeMethodAccessorImpl.invoke(NativeMethodAccessorImpl.java:62)
	at sun.reflect.DelegatingMethodAccessorImpl.invoke(DelegatingMethodAccessorImpl.java:43)
	at java.lang.reflect.Method.invoke(Method.java:498)
	at org.testng.internal.MethodInvocationHelper.invokeMethod(MethodInvocationHelper.java:108)
	at org.testng.internal.Invoker.invokeMethod(Invoker.java:661)
	at org.testng.internal.Invoker.invokeTestMethod(Invoker.java:869)
	at org.testng.internal.Invoker.invokeTestMethods(Invoker.java:1193)
	at org.testng.internal.TestMethodWorker.invokeTestMethods(TestMethodWorker.java:126)
	at org.testng.internal.TestMethodWorker.run(TestMethodWorker.java:109)
	at org.testng.TestRunner.privateRun(TestRunner.java:744)
	at org.testng.TestRunner.run(TestRunner.java:602)
	at org.testng.SuiteRunner.runTest(SuiteRunner.java:380)
	at org.testng.SuiteRunner.access$000(SuiteRunner.java:39)
	at org.testng.SuiteRunner$SuiteWorker.run(SuiteRunner.java:414)
	at org.testng.internal.thread.ThreadUtil$1.call(ThreadUtil.java:52)
	at java.util.concurrent.FutureTask.run(FutureTask.java:266)
	at java.util.concurrent.ThreadPoolExecutor.runWorker(ThreadPoolExecutor.java:1142)
	at java.util.concurrent.ThreadPoolExecutor$Worker.run(ThreadPoolExecutor.java:617)
	at java.lang.Thread.run(Thread.java:745)
]]>
    </error>
  </testcase> <!-- QA102_ViewAndModifyAnOrder_ViaOrderSets -->
  <testcase name="QA103_VerifyAnOrder_ViaOrderSetsOrCreateAnOrder" time="353.847" classname="aut.tests.functionaltests.ClinicalTestCases"/>
  <testcase name="QA104_VerifyAndModifyAnOrder_ViaOrderSetsOrCreateAnOrder" time="347.354" classname="aut.tests.functionaltests.ClinicalTestCases"/>
  <testcase name="QA105_SignAnOrder_ViaOrderSetsOrCreateAnOrder" time="502.933" classname="aut.tests.functionaltests.ClinicalTestCases"/>
  <testcase name="QA106_ViewAndModifyAnOrder_ViaOrderSetsOrCreateAnOrder" time="1904.588" classname="aut.tests.functionaltests.ClinicalTestCases"/>
  <testcase name="QA107_RecapAnOrder_ViaOrderSetsOrCreateAnOrder" time="1622.298" classname="aut.tests.functionaltests.ClinicalTestCases"/>
  <testcase name="QA108_SignatureOnRecap_Wheather_OrderCreatedFromOrder_Or_FromSets" time="615.398" classname="aut.tests.functionaltests.ClinicalTestCases"/>
  <testcase name="QA109_ViewAndModify_Recaps" time="2091.188" classname="aut.tests.functionaltests.ClinicalTestCases"/>
</testsuite> <!-- aut.tests.functionaltests.ClinicalTestCases -->
