<?xml version="1.0" encoding="UTF-8"?>
<!-- Generated by org.testng.reporters.JUnitReportReporter -->
<testsuite skipped="0" hostname="HW1562" name="POC.tests.functionalTests.CarePlan_ADLs_TestCases" tests="14" failures="0" timestamp="29 Nov 2018 11:10:27 GMT" time="2724.019" errors="0">
  <testcase name="POC_QA282_User_Able_To_Record_An_ADLs_Activity_Of_Daily_Livings_ADLs_for_PersonalHygiene" time="141.139" classname="POC.tests.functionalTests.CarePlan_ADLs_TestCases"/>
  <testcase name="POC_QA272_Activity_Of_Daily_Livings_ADLs_First_Screen" time="525.683" classname="POC.tests.functionalTests.CarePlan_ADLs_TestCases"/>
  <testcase name="POC_QA280_User_Able_To_Record_An_ADLs_Activity_Of_Daily_Livings_ADLs_for_Eating" time="140.107" classname="POC.tests.functionalTests.CarePlan_ADLs_TestCases"/>
  <testcase name="POC_QA284_Color_Change_For_ADLs_Icon" time="518.098" classname="POC.tests.functionalTests.CarePlan_ADLs_TestCases"/>
  <testcase name="POC_QA273_User_Able_To_Record_An_ADLs_Activity_Of_Daily_Livings_ADLs_for_BedMobility" time="197.743" classname="POC.tests.functionalTests.CarePlan_ADLs_TestCases"/>
  <testcase name="POC_QA278_User_Able_To_Record_An_ADLs_Activity_Of_Daily_Livings_ADLs_for_OffUnit" time="138.207" classname="POC.tests.functionalTests.CarePlan_ADLs_TestCases"/>
  <testcase name="POC_QA277_User_Able_To_Record_An_ADLs_Activity_Of_Daily_Livings_ADLs_for_OnUnit" time="137.874" classname="POC.tests.functionalTests.CarePlan_ADLs_TestCases"/>
  <testcase name="POC_QA271_New_And_Manage_Data_For_The_Care_Areas" time="96.608" classname="POC.tests.functionalTests.CarePlan_ADLs_TestCases"/>
  <testcase name="POC_QA281_User_Able_To_Record_An_ADLs_Activity_Of_Daily_Livings_ADLs_for_ToiletUse" time="137.640" classname="POC.tests.functionalTests.CarePlan_ADLs_TestCases"/>
  <testcase name="POC_QA274_User_Able_To_Record_An_ADLs_Activity_Of_Daily_Livings_ADLs_for_Transfer" time="138.102" classname="POC.tests.functionalTests.CarePlan_ADLs_TestCases"/>
  <testcase name="POC_QA275_User_Able_To_Record_An_ADLs_Activity_Of_Daily_Livings_ADLs_for_WalkInRoom" time="138.326" classname="POC.tests.functionalTests.CarePlan_ADLs_TestCases"/>
  <testcase name="POC_QA279_User_Able_To_Record_An_ADLs_Activity_Of_Daily_Livings_ADLs_for_Dressing" time="137.816" classname="POC.tests.functionalTests.CarePlan_ADLs_TestCases"/>
  <testcase name="POC_QA276_User_Able_To_Record_An_ADLs_Activity_Of_Daily_Livings_ADLs_for_WalkInCorridor" time="138.972" classname="POC.tests.functionalTests.CarePlan_ADLs_TestCases"/>
  <testcase name="POC_QA283_User_Able_To_Record_An_ADLs_Activity_Of_Daily_Livings_ADLs_for_Bathing" time="137.704" classname="POC.tests.functionalTests.CarePlan_ADLs_TestCases"/>
</testsuite> <!-- POC.tests.functionalTests.CarePlan_ADLs_TestCases -->
