<?xml version="1.0" encoding="UTF-8"?>
<!-- Generated by org.testng.reporters.JUnitReportReporter -->
<testsuite skipped="19" hostname="HW1562" name="bluestrata.tests.functionalTests.ClinicalTestCases" tests="26" failures="0" timestamp="06 Oct 2018 08:28:45 GMT" time="15958.872" errors="0">
  <testcase name="QA097_ResidentOrders_CreateAnOrderUsingDetailsTypeTreatmentWithMedication_And_Medication" time="15637.923" classname="bluestrata.tests.functionalTests.ClinicalTestCases"/>
  <testcase name="Gen_QA213_HelpMenuWith_HelpSiteAbout" time="52.278" classname="bluestrata.tests.functionalTests.ClinicalTestCases"/>
  <testcase name="Gen_QA210_Login_Credential_Verification" time="47.872" classname="bluestrata.tests.functionalTests.ClinicalTestCases"/>
  <testcase name="Gen_QA209_BS_EHR_LoginPage" time="51.756" classname="bluestrata.tests.functionalTests.ClinicalTestCases"/>
  <testcase name="Gen_QA214_HelpMenuWith_HelpSiteAbout" time="49.736" classname="bluestrata.tests.functionalTests.ClinicalTestCases"/>
  <testcase name="Gen_QA212_UserNamePreferences_TopRightOf_ResidentDahsboard_Or_HomePage" time="49.653" classname="bluestrata.tests.functionalTests.ClinicalTestCases"/>
  <testcase name="Gen_QA211_MyDashBoardPage" time="69.654" classname="bluestrata.tests.functionalTests.ClinicalTestCases"/>
  <testcase name="QA091_ResidentOrders_CreateAnOrderUsingDetailsType" classname="bluestrata.tests.functionalTests.ClinicalTestCases">
    <skipped/>
  </testcase> <!-- QA091_ResidentOrders_CreateAnOrderUsingDetailsType -->
  <testcase name="QA104_VerifyAndModifyAnOrder_ViaOrderSetsOrCreateAnOrder" classname="bluestrata.tests.functionalTests.ClinicalTestCases">
    <skipped/>
  </testcase> <!-- QA104_VerifyAndModifyAnOrder_ViaOrderSetsOrCreateAnOrder -->
  <testcase name="QA092_AddingFrequencyFromResidentOrders_CreateAnOrderWithFrequencyRoutine" classname="bluestrata.tests.functionalTests.ClinicalTestCases">
    <skipped/>
  </testcase> <!-- QA092_AddingFrequencyFromResidentOrders_CreateAnOrderWithFrequencyRoutine -->
  <testcase name="QA094_HowOftenFieldSelectionWhen_FrequencyTypeRoutine" classname="bluestrata.tests.functionalTests.ClinicalTestCases">
    <skipped/>
  </testcase> <!-- QA094_HowOftenFieldSelectionWhen_FrequencyTypeRoutine -->
  <testcase name="QA103_VerifyAnOrder_ViaOrderSetsOrCreateAnOrder" classname="bluestrata.tests.functionalTests.ClinicalTestCases">
    <skipped/>
  </testcase> <!-- QA103_VerifyAnOrder_ViaOrderSetsOrCreateAnOrder -->
  <testcase name="QA105_SignAnOrder_ViaOrderSetsOrCreateAnOrder" classname="bluestrata.tests.functionalTests.ClinicalTestCases">
    <skipped/>
  </testcase> <!-- QA105_SignAnOrder_ViaOrderSetsOrCreateAnOrder -->
  <testcase name="QA106_ViewAndModifyAnOrder_ViaOrderSetsOrCreateAnOrder" classname="bluestrata.tests.functionalTests.ClinicalTestCases">
    <skipped/>
  </testcase> <!-- QA106_ViewAndModifyAnOrder_ViaOrderSetsOrCreateAnOrder -->
  <testcase name="QA102_ViewAndModifyAnOrder_ViaOrderSets" classname="bluestrata.tests.functionalTests.ClinicalTestCases">
    <skipped/>
  </testcase> <!-- QA102_ViewAndModifyAnOrder_ViaOrderSets -->
  <testcase name="QA093_FrequencyFieldSelectionWhen_FrequencyTypeRoutine" classname="bluestrata.tests.functionalTests.ClinicalTestCases">
    <skipped/>
  </testcase> <!-- QA093_FrequencyFieldSelectionWhen_FrequencyTypeRoutine -->
  <testcase name="QA108_SignatureOnRecap_Wheather_OrderCreatedFromOrder_Or_FromSets" classname="bluestrata.tests.functionalTests.ClinicalTestCases">
    <skipped/>
  </testcase> <!-- QA108_SignatureOnRecap_Wheather_OrderCreatedFromOrder_Or_FromSets -->
  <testcase name="QA099_ResidentOrders_CreateAnOrderUsingDetailsTypeTreatmentWithMedication_And_Medication_WithFrequencyPRNEveryHour" classname="bluestrata.tests.functionalTests.ClinicalTestCases">
    <skipped/>
  </testcase> <!-- QA099_ResidentOrders_CreateAnOrderUsingDetailsTypeTreatmentWithMedication_And_Medication_WithFrequencyPRNEveryHour -->
  <testcase name="QA109_ViewAndModify_Recaps" classname="bluestrata.tests.functionalTests.ClinicalTestCases">
    <skipped/>
  </testcase> <!-- QA109_ViewAndModify_Recaps -->
  <testcase name="QA090_OrderCreationViaClinicalAPP" classname="bluestrata.tests.functionalTests.ClinicalTestCases">
    <skipped/>
  </testcase> <!-- QA090_OrderCreationViaClinicalAPP -->
  <testcase name="QA107_RecapAnOrder_ViaOrderSetsOrCreateAnOrder" classname="bluestrata.tests.functionalTests.ClinicalTestCases">
    <skipped/>
  </testcase> <!-- QA107_RecapAnOrder_ViaOrderSetsOrCreateAnOrder -->
  <testcase name="QA095_AddingFrequencyFromOrders_WithFrequencyPRN" classname="bluestrata.tests.functionalTests.ClinicalTestCases">
    <skipped/>
  </testcase> <!-- QA095_AddingFrequencyFromOrders_WithFrequencyPRN -->
  <testcase name="QA100_ResidentOrders_CreateAnOrderUsingDetailsTypeTreatmentWithMedication_And_Medication_WithFrequencyPRN" classname="bluestrata.tests.functionalTests.ClinicalTestCases">
    <skipped/>
  </testcase> <!-- QA100_ResidentOrders_CreateAnOrderUsingDetailsTypeTreatmentWithMedication_And_Medication_WithFrequencyPRN -->
  <testcase name="QA096_AddingFrequencyFromResidentOrder_WithFrequencyPRNEveryHour" classname="bluestrata.tests.functionalTests.ClinicalTestCases">
    <skipped/>
  </testcase> <!-- QA096_AddingFrequencyFromResidentOrder_WithFrequencyPRNEveryHour -->
  <testcase name="QA101_CreateAnOrder_ViaOrderSets" classname="bluestrata.tests.functionalTests.ClinicalTestCases">
    <skipped/>
  </testcase> <!-- QA101_CreateAnOrder_ViaOrderSets -->
  <testcase name="QA098_ResidentOrders_CreateAnOrderUsingDetailsTypeTreatmentWithMedication_And_Medication_FrequencyTypeRoutine" classname="bluestrata.tests.functionalTests.ClinicalTestCases">
    <skipped/>
  </testcase> <!-- QA098_ResidentOrders_CreateAnOrderUsingDetailsTypeTreatmentWithMedication_And_Medication_FrequencyTypeRoutine -->
</testsuite> <!-- bluestrata.tests.functionalTests.ClinicalTestCases -->
