<?xml version="1.0" encoding="UTF-8"?>
<!-- Generated by org.testng.reporters.JUnitReportReporter -->
<testsuite skipped="0" hostname="HW1562" name="aut.tests.functionaltests.PhysicianPortalTestCases" tests="2" failures="0" timestamp="06 Jul 2018 07:18:41 GMT" time="3259.618" errors="0">
  <testcase name="QA022_SignAnOrder_ViaOrderSetsOrCreateAnOrder" time="732.441" classname="aut.tests.functionaltests.PhysicianPortalTestCases"/>
  <testcase name="QA023_ViewAndModifyAnOrder_ViaOrderSetsOrCreateAnOrder" time="2527.177" classname="aut.tests.functionaltests.PhysicianPortalTestCases"/>
</testsuite> <!-- aut.tests.functionaltests.PhysicianPortalTestCases -->
