<?xml version="1.0" encoding="UTF-8"?>
<!-- Generated by org.testng.reporters.JUnitReportReporter -->
<testsuite skipped="0" hostname="HW1562" name="aut.tests.functionaltests.PhysicianPortalTestCases" tests="6" failures="0" timestamp="31 Aug 2018 12:11:11 GMT" time="496.913" errors="0">
  <testcase name="Gen_QA209_BS_EHR_LoginPage" time="61.176" classname="aut.tests.functionaltests.PhysicianPortalTestCases"/>
  <testcase name="Gen_QA210_Login_Credential_Verification" time="64.352" classname="aut.tests.functionaltests.PhysicianPortalTestCases"/>
  <testcase name="Gen_QA211_MyDashBoardPage" time="110.092" classname="aut.tests.functionaltests.PhysicianPortalTestCases"/>
  <testcase name="Gen_QA212_UserNamePreferences_TopRightOf_ResidentDahsboard_Or_HomePage" time="94.578" classname="aut.tests.functionaltests.PhysicianPortalTestCases"/>
  <testcase name="Gen_QA213_HelpMenuWith_HelpSiteAbout" time="91.909" classname="aut.tests.functionaltests.PhysicianPortalTestCases"/>
  <testcase name="Gen_QA214_HelpMenuWith_HelpSiteAbout" time="74.806" classname="aut.tests.functionaltests.PhysicianPortalTestCases"/>
</testsuite> <!-- aut.tests.functionaltests.PhysicianPortalTestCases -->
