<?xml version="1.0" encoding="UTF-8"?>
<!-- Generated by org.testng.reporters.JUnitReportReporter -->
<testsuite skipped="0" hostname="HW1562" name="POC.tests.functionalTests.CarePlan_ADLs_TestCases" tests="1" failures="0" timestamp="09 Oct 2018 11:48:32 GMT" time="974.914" errors="0">
  <testcase name="POC_QA284_Color_Change_For_ADLs_Icon" time="974.914" classname="POC.tests.functionalTests.CarePlan_ADLs_TestCases"/>
</testsuite> <!-- POC.tests.functionalTests.CarePlan_ADLs_TestCases -->
