<?xml version="1.0" encoding="UTF-8"?>
<!-- Generated by org.testng.reporters.JUnitReportReporter -->
<testsuite skipped="0" hostname="HW1562" name="POC.tests.functionalTests.HomePageTestCases" tests="9" failures="0" timestamp="15 Nov 2018 07:53:34 GMT" time="538.853" errors="0">
  <testcase name="POC_QA266_Station_Setup_3rd_Icon_In_Left_Pane" time="54.724" classname="POC.tests.functionalTests.HomePageTestCases"/>
  <testcase name="POC_QA265_Station_Setup_2nd_Icon_In_Left_Pane" time="59.330" classname="POC.tests.functionalTests.HomePageTestCases"/>
  <testcase name="POC_QA269_Station_Setup_6th_Icon_In_Left_Pane" time="85.363" classname="POC.tests.functionalTests.HomePageTestCases"/>
  <testcase name="POC_QA268_Station_Setup_5th_Icon_In_Left_Pane" time="51.072" classname="POC.tests.functionalTests.HomePageTestCases"/>
  <testcase name="POC_QA264_Station_Setup_1st_Icon_In_Left_Pane" time="46.097" classname="POC.tests.functionalTests.HomePageTestCases"/>
  <testcase name="POC_QA262_BlueStrata_Point_Of_Care_Header" time="30.232" classname="POC.tests.functionalTests.HomePageTestCases"/>
  <testcase name="POC_QA270_Station_Setup_7th_Icon_In_Left_Pane" time="45.311" classname="POC.tests.functionalTests.HomePageTestCases"/>
  <testcase name="POC_QA267_Station_Setup_4rd_Icon_In_Left_Pane" time="44.945" classname="POC.tests.functionalTests.HomePageTestCases"/>
  <testcase name="POC_QA263_POC_Application_Landing_Page_contents" time="121.779" classname="POC.tests.functionalTests.HomePageTestCases"/>
</testsuite> <!-- POC.tests.functionalTests.HomePageTestCases -->
