<?xml version="1.0" encoding="UTF-8"?>
<!-- Generated by org.testng.reporters.JUnitReportReporter -->
<testsuite skipped="0" hostname="HW1562" name="POC.tests.functionalTests.CarePlan_MoodAndBehavior_TestCases" tests="2" failures="0" timestamp="29 Nov 2018 11:10:27 GMT" time="426.446" errors="0">
  <testcase name="POC_QA303_Mood_And_Behavior_Behavior_Symptom_Recording_For_Training" time="190.580" classname="POC.tests.functionalTests.CarePlan_MoodAndBehavior_TestCases"/>
  <testcase name="POC_QA302_Mood_And_Behavior_Mood_Symptom_Recording_For_Training" time="235.866" classname="POC.tests.functionalTests.CarePlan_MoodAndBehavior_TestCases"/>
</testsuite> <!-- POC.tests.functionalTests.CarePlan_MoodAndBehavior_TestCases -->
