<?xml version="1.0" encoding="UTF-8"?>
<!-- Generated by org.testng.reporters.JUnitReportReporter -->
<testsuite skipped="0" hostname="HW1562" name="aut.tests.functionaltests.FacilityAppTestCases" tests="6" failures="0" timestamp="31 Aug 2018 12:45:25 GMT" time="452.308" errors="0">
  <testcase name="Gen_QA209_BS_EHR_LoginPage" time="55.844" classname="aut.tests.functionaltests.FacilityAppTestCases"/>
  <testcase name="Gen_QA210_Login_Credential_Verification" time="58.650" classname="aut.tests.functionaltests.FacilityAppTestCases"/>
  <testcase name="Gen_QA211_MyDashBoardPage" time="108.565" classname="aut.tests.functionaltests.FacilityAppTestCases"/>
  <testcase name="Gen_QA212_UserNamePreferences_TopRightOf_ResidentDahsboard_Or_HomePage" time="86.506" classname="aut.tests.functionaltests.FacilityAppTestCases"/>
  <testcase name="Gen_QA213_HelpMenuWith_HelpSiteAbout" time="73.000" classname="aut.tests.functionaltests.FacilityAppTestCases"/>
  <testcase name="Gen_QA214_HelpMenuWith_HelpSiteAbout" time="69.743" classname="aut.tests.functionaltests.FacilityAppTestCases"/>
</testsuite> <!-- aut.tests.functionaltests.FacilityAppTestCases -->
