<?xml version="1.0" encoding="UTF-8"?>
<!-- Generated by org.testng.reporters.JUnitReportReporter -->
<testsuite skipped="0" hostname="HW1562" name="bluestrata.tests.functionalTests.PhysicianPortalTestCases" tests="26" failures="0" timestamp="22 Sep 2018 20:08:50 GMT" time="36161.387" errors="1">
  <testcase name="QA025_SignatureOnRecap_Wheather_OrderCreatedFromOrder_Or_FromSets" time="685.032" classname="bluestrata.tests.functionalTests.PhysicianPortalTestCases"/>
  <testcase name="QA024_RecapAnOrder_ViaOrderSetsOrCreateAnOrder" time="1880.455" classname="bluestrata.tests.functionalTests.PhysicianPortalTestCases"/>
  <testcase name="QA009_ResidentOrders_CreateAnOrderWithFrequencyRoutine" time="955.723" classname="bluestrata.tests.functionalTests.PhysicianPortalTestCases"/>
  <testcase name="QA014_ResidentOrders_CreateAnOrder" time="1785.904" classname="bluestrata.tests.functionalTests.PhysicianPortalTestCases"/>
  <testcase name="QA011_HowOften_RoutineFrequencyType" time="2618.554" classname="bluestrata.tests.functionalTests.PhysicianPortalTestCases"/>
  <testcase name="QA020_VerifyAnOrder_ViaOrderSetsOrCreateAnOrder" time="380.534" classname="bluestrata.tests.functionalTests.PhysicianPortalTestCases"/>
  <testcase name="QA008_ResidentOrders_CreateAnOrder" time="763.621" classname="bluestrata.tests.functionalTests.PhysicianPortalTestCases"/>
  <testcase name="QA013_ResidentOrders_CreateAnOrderWithFrequencyPRNEveryHour" time="918.722" classname="bluestrata.tests.functionalTests.PhysicianPortalTestCases"/>
  <testcase name="QA019_ViewAndModifyAnOrder_ViaOrderSets" time="2406.636" classname="bluestrata.tests.functionalTests.PhysicianPortalTestCases"/>
  <testcase name="QA017_ResidentOrders_CreateAnOrderWithFrequencyPRN" time="777.712" classname="bluestrata.tests.functionalTests.PhysicianPortalTestCases"/>
  <testcase name="QA016_ResidentOrders_CreateAnOrderWithFrequencyPRNEveryHour" time="789.585" classname="bluestrata.tests.functionalTests.PhysicianPortalTestCases"/>
  <testcase name="QA023_ViewAndModifyAnOrder_ViaOrderSetsOrCreateAnOrder" time="2464.065" classname="bluestrata.tests.functionalTests.PhysicianPortalTestCases">
    <error type="org.openqa.selenium.NoSuchElementException" message="Unable to find element with css selector == #libraryCreate
For documentation on this error, please visit: http://seleniumhq.org/exceptions/no_such_element.html
Build info: version: &#039;3.6.0&#039;, revision: &#039;6fbf3ec767&#039;, time: &#039;2017-09-27T15:28:36.4Z&#039;
System info: host: &#039;HW1562&#039;, ip: &#039;10.11.1.7&#039;, os.name: &#039;Windows 7&#039;, os.arch: &#039;amd64&#039;, os.version: &#039;6.1&#039;, java.version: &#039;1.8.0_111&#039;
Driver info: org.openqa.selenium.ie.InternetExplorerDriver
Capabilities [{proxy=Proxy(), acceptInsecureCerts=false, browserVersion=11, se:ieOptions={nativeEvents=true, browserAttachTimeout=0, ie.ensureCleanSession=true, elementScrollBehavior=0, enablePersistentHover=true, ie.browserCommandLineSwitches=, ie.forceCreateProcessApi=false, requireWindowFocus=false, initialBrowserUrl=http://localhost:41265/, ignoreZoomSetting=false, ie.fileUploadDialogTimeout=3000, ignoreProtectedModeSettings=false}, timeouts={implicit=0, pageLoad=300000, script=30000}, browserName=internet explorer, pageLoadStrategy=normal, javascriptEnabled=true, platformName=WINDOWS, setWindowRect=true, platform=WINDOWS}]
Session ID: f53a6ae0-9826-4127-bc44-67f4d3092075
*** Element info: {Using=id, value=libraryCreate}">
      <![CDATA[org.openqa.selenium.NoSuchElementException: Unable to find element with css selector == #libraryCreate
For documentation on this error, please visit: http://seleniumhq.org/exceptions/no_such_element.html
Build info: version: '3.6.0', revision: '6fbf3ec767', time: '2017-09-27T15:28:36.4Z'
System info: host: 'HW1562', ip: '10.11.1.7', os.name: 'Windows 7', os.arch: 'amd64', os.version: '6.1', java.version: '1.8.0_111'
Driver info: org.openqa.selenium.ie.InternetExplorerDriver
Capabilities [{proxy=Proxy(), acceptInsecureCerts=false, browserVersion=11, se:ieOptions={nativeEvents=true, browserAttachTimeout=0, ie.ensureCleanSession=true, elementScrollBehavior=0, enablePersistentHover=true, ie.browserCommandLineSwitches=, ie.forceCreateProcessApi=false, requireWindowFocus=false, initialBrowserUrl=http://localhost:41265/, ignoreZoomSetting=false, ie.fileUploadDialogTimeout=3000, ignoreProtectedModeSettings=false}, timeouts={implicit=0, pageLoad=300000, script=30000}, browserName=internet explorer, pageLoadStrategy=normal, javascriptEnabled=true, platformName=WINDOWS, setWindowRect=true, platform=WINDOWS}]
Session ID: f53a6ae0-9826-4127-bc44-67f4d3092075
*** Element info: {Using=id, value=libraryCreate}
	at sun.reflect.NativeConstructorAccessorImpl.newInstance0(Native Method)
	at sun.reflect.NativeConstructorAccessorImpl.newInstance(NativeConstructorAccessorImpl.java:62)
	at sun.reflect.DelegatingConstructorAccessorImpl.newInstance(DelegatingConstructorAccessorImpl.java:45)
	at java.lang.reflect.Constructor.newInstance(Constructor.java:423)
	at org.openqa.selenium.remote.http.W3CHttpResponseCodec.createException(W3CHttpResponseCodec.java:187)
	at org.openqa.selenium.remote.http.W3CHttpResponseCodec.decode(W3CHttpResponseCodec.java:122)
	at org.openqa.selenium.remote.http.W3CHttpResponseCodec.decode(W3CHttpResponseCodec.java:49)
	at org.openqa.selenium.remote.HttpCommandExecutor.execute(HttpCommandExecutor.java:160)
	at org.openqa.selenium.remote.service.DriverCommandExecutor.execute(DriverCommandExecutor.java:83)
	at org.openqa.selenium.remote.RemoteWebDriver.execute(RemoteWebDriver.java:601)
	at org.openqa.selenium.remote.RemoteWebDriver.findElement(RemoteWebDriver.java:371)
	at org.openqa.selenium.remote.RemoteWebDriver.findElementById(RemoteWebDriver.java:417)
	at org.openqa.selenium.By$ById.findElement(By.java:218)
	at org.openqa.selenium.remote.RemoteWebDriver.findElement(RemoteWebDriver.java:363)
	at dweb.aut.pages.templates.PageTemplate.SendKeysToElementClearFirst(PageTemplate.java:525)
	at bluestrata.pages.PhysicianPortalPage.CreateAnOrderWithOrderDetails(PhysicianPortalPage.java:394)
	at bluestrata.pages.PhysicianPortalPage.OrderPageCopyOrderValidation(PhysicianPortalPage.java:2870)
	at bluestrata.tests.functionalTests.PhysicianPortalTestCases.QA023_ViewAndModifyAnOrder_ViaOrderSetsOrCreateAnOrder(PhysicianPortalTestCases.java:1469)
	at sun.reflect.NativeMethodAccessorImpl.invoke0(Native Method)
	at sun.reflect.NativeMethodAccessorImpl.invoke(NativeMethodAccessorImpl.java:62)
	at sun.reflect.DelegatingMethodAccessorImpl.invoke(DelegatingMethodAccessorImpl.java:43)
	at java.lang.reflect.Method.invoke(Method.java:498)
	at org.testng.internal.MethodInvocationHelper.invokeMethod(MethodInvocationHelper.java:108)
	at org.testng.internal.Invoker.invokeMethod(Invoker.java:661)
	at org.testng.internal.Invoker.invokeTestMethod(Invoker.java:869)
	at org.testng.internal.Invoker.invokeTestMethods(Invoker.java:1193)
	at org.testng.internal.TestMethodWorker.invokeTestMethods(TestMethodWorker.java:126)
	at org.testng.internal.TestMethodWorker.run(TestMethodWorker.java:109)
	at org.testng.TestRunner.privateRun(TestRunner.java:744)
	at org.testng.TestRunner.run(TestRunner.java:602)
	at org.testng.SuiteRunner.runTest(SuiteRunner.java:380)
	at org.testng.SuiteRunner.access$000(SuiteRunner.java:39)
	at org.testng.SuiteRunner$SuiteWorker.run(SuiteRunner.java:414)
	at org.testng.internal.thread.ThreadUtil$1.call(ThreadUtil.java:52)
	at java.util.concurrent.FutureTask.run(FutureTask.java:266)
	at java.util.concurrent.ThreadPoolExecutor.runWorker(ThreadPoolExecutor.java:1142)
	at java.util.concurrent.ThreadPoolExecutor$Worker.run(ThreadPoolExecutor.java:617)
	at java.lang.Thread.run(Thread.java:745)
]]>
    </error>
  </testcase> <!-- QA023_ViewAndModifyAnOrder_ViaOrderSetsOrCreateAnOrder -->
  <testcase name="QA010_ResidentOrders_CreateAnOrderWithFrequencyRoutine" time="12981.882" classname="bluestrata.tests.functionalTests.PhysicianPortalTestCases"/>
  <testcase name="QA007_ResidentOrders" time="166.123" classname="bluestrata.tests.functionalTests.PhysicianPortalTestCases"/>
  <testcase name="QA018_CreateAnOrder_ViaOrderSets" time="940.708" classname="bluestrata.tests.functionalTests.PhysicianPortalTestCases"/>
  <testcase name="QA022_SignAnOrder_ViaOrderSetsOrCreateAnOrder" time="529.625" classname="bluestrata.tests.functionalTests.PhysicianPortalTestCases"/>
  <testcase name="QA015_ResidentOrders_CreateAnOrderWithFrequencyRoutine" time="1111.432" classname="bluestrata.tests.functionalTests.PhysicianPortalTestCases"/>
  <testcase name="QA012_ResidentOrders_CreateAnOrderWithFrequencyPRN" time="908.832" classname="bluestrata.tests.functionalTests.PhysicianPortalTestCases"/>
  <testcase name="QA026_ViewAndModify_Recaps" time="2256.322" classname="bluestrata.tests.functionalTests.PhysicianPortalTestCases"/>
  <testcase name="QA021_VerifyAndModifyAnOrder_ViaOrderSetsOrCreateAnOrder" time="385.598" classname="bluestrata.tests.functionalTests.PhysicianPortalTestCases"/>
  <testcase name="Gen_QA211_MyDashBoardPage" time="104.990" classname="bluestrata.tests.functionalTests.PhysicianPortalTestCases"/>
  <testcase name="Gen_QA213_HelpMenuWith_HelpSiteAbout" time="80.902" classname="bluestrata.tests.functionalTests.PhysicianPortalTestCases"/>
  <testcase name="Gen_QA210_Login_Credential_Verification" time="56.095" classname="bluestrata.tests.functionalTests.PhysicianPortalTestCases"/>
  <testcase name="Gen_QA214_HelpMenuWith_HelpSiteAbout" time="73.550" classname="bluestrata.tests.functionalTests.PhysicianPortalTestCases"/>
  <testcase name="Gen_QA209_BS_EHR_LoginPage" time="58.580" classname="bluestrata.tests.functionalTests.PhysicianPortalTestCases"/>
  <testcase name="Gen_QA212_UserNamePreferences_TopRightOf_ResidentDahsboard_Or_HomePage" time="80.199" classname="bluestrata.tests.functionalTests.PhysicianPortalTestCases"/>
</testsuite> <!-- bluestrata.tests.functionalTests.PhysicianPortalTestCases -->
