<?xml version="1.0" encoding="UTF-8"?>
<!-- Generated by org.testng.reporters.JUnitReportReporter -->
<testsuite skipped="0" hostname="HW1562" name="POC.tests.functionalTests.CarePlan_BowelAndBladder_TestCases" tests="9" failures="0" timestamp="29 Oct 2018 13:58:43 GMT" time="1310.653" errors="0">
  <testcase name="POC_QA286_Bowel_Recording_For_NO_BM" time="94.001" classname="POC.tests.functionalTests.CarePlan_BowelAndBladder_TestCases"/>
  <testcase name="POC_QA291_Bladder_Recording_For_Output" time="211.017" classname="POC.tests.functionalTests.CarePlan_BowelAndBladder_TestCases"/>
  <testcase name="POC_QA289_Bowel_Recording_For_Training" time="150.362" classname="POC.tests.functionalTests.CarePlan_BowelAndBladder_TestCases"/>
  <testcase name="POC_QA293_Bladder_Recording_For_Training" time="148.542" classname="POC.tests.functionalTests.CarePlan_BowelAndBladder_TestCases"/>
  <testcase name="POC_QA290_Bladder_Recording_For_NO_Output" time="167.321" classname="POC.tests.functionalTests.CarePlan_BowelAndBladder_TestCases"/>
  <testcase name="POC_QA292_Bladder_Recording_For_Appliance" time="172.569" classname="POC.tests.functionalTests.CarePlan_BowelAndBladder_TestCases"/>
  <testcase name="POC_QA285_Bowel_First_Screen" time="86.248" classname="POC.tests.functionalTests.CarePlan_BowelAndBladder_TestCases"/>
  <testcase name="POC_QA287_Bowel_Recording_For_BM" time="132.431" classname="POC.tests.functionalTests.CarePlan_BowelAndBladder_TestCases"/>
  <testcase name="POC_QA288_Bowel_Recording_For_Appliance" time="148.162" classname="POC.tests.functionalTests.CarePlan_BowelAndBladder_TestCases"/>
</testsuite> <!-- POC.tests.functionalTests.CarePlan_BowelAndBladder_TestCases -->
