<?xml version="1.0" encoding="UTF-8"?>
<!-- Generated by org.testng.reporters.JUnitReportReporter -->
<testsuite skipped="2" hostname="HW1562" name="aut.tests.functionaltests.EmarTestCases" tests="3" failures="0" timestamp="19 Jul 2018 12:00:38 GMT" time="255.241" errors="0">
  <testcase name="QA147_VitalSigns_ResidentDashboard_eMAR" time="255.241" classname="aut.tests.functionaltests.EmarTestCases"/>
  <testcase name="QA119_ChangeAppWindowThrough_ApplicationMenuButton" classname="aut.tests.functionaltests.EmarTestCases">
    <skipped/>
  </testcase> <!-- QA119_ChangeAppWindowThrough_ApplicationMenuButton -->
  <testcase name="QA116_LoginTo_EmarApplication" classname="aut.tests.functionaltests.EmarTestCases">
    <skipped/>
  </testcase> <!-- QA116_LoginTo_EmarApplication -->
</testsuite> <!-- aut.tests.functionaltests.EmarTestCases -->
