<?xml version="1.0" encoding="UTF-8"?>
<!-- Generated by org.testng.reporters.JUnitReportReporter -->
<testsuite skipped="0" hostname="HW1562" name="POC.tests.functionalTests.CarePlan_ADLs_TestCases" tests="14" failures="0" timestamp="19 Nov 2018 10:44:21 GMT" time="3080.944" errors="0">
  <testcase name="POC_QA281_User_Able_To_Record_An_ADLs_Activity_Of_Daily_Livings_ADLs_for_ToiletUse" time="143.064" classname="POC.tests.functionalTests.CarePlan_ADLs_TestCases"/>
  <testcase name="POC_QA276_User_Able_To_Record_An_ADLs_Activity_Of_Daily_Livings_ADLs_for_WalkInCorridor" time="140.197" classname="POC.tests.functionalTests.CarePlan_ADLs_TestCases"/>
  <testcase name="POC_QA275_User_Able_To_Record_An_ADLs_Activity_Of_Daily_Livings_ADLs_for_WalkInRoom" time="138.181" classname="POC.tests.functionalTests.CarePlan_ADLs_TestCases"/>
  <testcase name="POC_QA280_User_Able_To_Record_An_ADLs_Activity_Of_Daily_Livings_ADLs_for_Eating" time="143.572" classname="POC.tests.functionalTests.CarePlan_ADLs_TestCases"/>
  <testcase name="POC_QA283_User_Able_To_Record_An_ADLs_Activity_Of_Daily_Livings_ADLs_for_Bathing" time="143.812" classname="POC.tests.functionalTests.CarePlan_ADLs_TestCases"/>
  <testcase name="POC_QA278_User_Able_To_Record_An_ADLs_Activity_Of_Daily_Livings_ADLs_for_OffUnit" time="145.804" classname="POC.tests.functionalTests.CarePlan_ADLs_TestCases"/>
  <testcase name="POC_QA272_Activity_Of_Daily_Livings_ADLs_First_Screen" time="838.240" classname="POC.tests.functionalTests.CarePlan_ADLs_TestCases"/>
  <testcase name="POC_QA282_User_Able_To_Record_An_ADLs_Activity_Of_Daily_Livings_ADLs_for_PersonalHygiene" time="138.189" classname="POC.tests.functionalTests.CarePlan_ADLs_TestCases"/>
  <testcase name="POC_QA284_Color_Change_For_ADLs_Icon" time="524.921" classname="POC.tests.functionalTests.CarePlan_ADLs_TestCases"/>
  <testcase name="POC_QA273_User_Able_To_Record_An_ADLs_Activity_Of_Daily_Livings_ADLs_for_BedMobility" time="200.379" classname="POC.tests.functionalTests.CarePlan_ADLs_TestCases"/>
  <testcase name="POC_QA279_User_Able_To_Record_An_ADLs_Activity_Of_Daily_Livings_ADLs_for_Dressing" time="142.908" classname="POC.tests.functionalTests.CarePlan_ADLs_TestCases"/>
  <testcase name="POC_QA277_User_Able_To_Record_An_ADLs_Activity_Of_Daily_Livings_ADLs_for_OnUnit" time="138.654" classname="POC.tests.functionalTests.CarePlan_ADLs_TestCases"/>
  <testcase name="POC_QA274_User_Able_To_Record_An_ADLs_Activity_Of_Daily_Livings_ADLs_for_Transfer" time="146.781" classname="POC.tests.functionalTests.CarePlan_ADLs_TestCases"/>
  <testcase name="POC_QA271_New_And_Manage_Data_For_The_Care_Areas" time="96.242" classname="POC.tests.functionalTests.CarePlan_ADLs_TestCases"/>
</testsuite> <!-- POC.tests.functionalTests.CarePlan_ADLs_TestCases -->
