<?xml version="1.0" encoding="UTF-8"?>
<!-- Generated by org.testng.reporters.JUnitReportReporter -->
<testsuite skipped="0" hostname="HW1562" name="bluestrata.tests.functionalTests.PhysicianPortalTestCases" tests="1" failures="0" timestamp="31 Oct 2018 10:05:57 GMT" time="2151.031" errors="0">
  <testcase name="QA019_ViewAndModifyAnOrder_ViaOrderSets" time="2151.031" classname="bluestrata.tests.functionalTests.PhysicianPortalTestCases"/>
</testsuite> <!-- bluestrata.tests.functionalTests.PhysicianPortalTestCases -->
