<?xml version="1.0" encoding="UTF-8"?>
<!-- Generated by org.testng.reporters.JUnitReportReporter -->
<testsuite skipped="0" hostname="HW1562" name="aut.tests.functionaltests.FacilityAppTestCases" tests="18" failures="0" timestamp="05 Sep 2018 15:27:03 GMT" time="17799.707" errors="0">
  <testcase name="QA037_CreateAnOrderSetsviaFacilityAppfor_DetailsType" time="140.480" classname="aut.tests.functionaltests.FacilityAppTestCases"/>
  <testcase name="QA038_AddingFrequencyInNewlyCreatedOrderSetsViaFacilityAppFor_DetailsType_WithFrequencyType_Routine" time="650.084" classname="aut.tests.functionaltests.FacilityAppTestCases"/>
  <testcase name="QA039_FrequencyFieldSelection_WithFrequencyType_Routine" time="8729.438" classname="aut.tests.functionaltests.FacilityAppTestCases"/>
  <testcase name="QA040_HowOftenFieldSelection_WithFrequencyType_Routine" time="2627.211" classname="aut.tests.functionaltests.FacilityAppTestCases"/>
  <testcase name="QA041_AddingFrequencyInNewCreatedOrderSetsVia_FacilityAppForDetailsType_WithFrequencyType_PNR" time="1070.982" classname="aut.tests.functionaltests.FacilityAppTestCases"/>
  <testcase name="QA042_AddingFrequencyInNewCreatedOrderSetsVia_FacilityAppForDetailsType_WithFrequencyType_PNREveryHour" time="1064.246" classname="aut.tests.functionaltests.FacilityAppTestCases"/>
  <testcase name="QA043_CreateAnOrderSetsVia_FacilityApp_ForDetailsType_TreatmentWithMedication_And_Medication" time="242.643" classname="aut.tests.functionaltests.FacilityAppTestCases"/>
  <testcase name="QA044_AddingFrequencyIn_NewCreateAnOrderSetsVia_FacilityApp_ForDetailsType_TreatmentWithMedication_And_Medication_WithFrequencyType_Routine" time="967.660" classname="aut.tests.functionaltests.FacilityAppTestCases"/>
  <testcase name="QA045_AddingFrequencyIn_NewCreateAnOrderSetsVia_FacilityApp_ForDetailsType_TreatmentWithMedication_And_Medication_WithFrequencyType_PNR" time="430.771" classname="aut.tests.functionaltests.FacilityAppTestCases"/>
  <testcase name="QA046_AddingFrequencyIn_NewCreateAnOrderSetsVia_FacilityApp_ForDetailsType_TreatmentWithMedication_And_Medication_WithFrequencyType_PNREveryHour" time="437.751" classname="aut.tests.functionaltests.FacilityAppTestCases"/>
  <testcase name="QA047_AddMultipleOrdersetsWithinOneOrdersetTemplate" time="319.640" classname="aut.tests.functionaltests.FacilityAppTestCases"/>
  <testcase name="QA048_UpdatingOrRemovingOrder_LibrariesViaFacilityAppForDetailsType" time="731.900" classname="aut.tests.functionaltests.FacilityAppTestCases"/>
  <testcase name="Gen_QA209_BS_EHR_LoginPage" time="48.253" classname="aut.tests.functionaltests.FacilityAppTestCases"/>
  <testcase name="Gen_QA210_Login_Credential_Verification" time="57.536" classname="aut.tests.functionaltests.FacilityAppTestCases"/>
  <testcase name="Gen_QA211_MyDashBoardPage" time="96.038" classname="aut.tests.functionaltests.FacilityAppTestCases"/>
  <testcase name="Gen_QA212_UserNamePreferences_TopRightOf_ResidentDahsboard_Or_HomePage" time="66.311" classname="aut.tests.functionaltests.FacilityAppTestCases"/>
  <testcase name="Gen_QA213_HelpMenuWith_HelpSiteAbout" time="61.212" classname="aut.tests.functionaltests.FacilityAppTestCases"/>
  <testcase name="Gen_QA214_HelpMenuWith_HelpSiteAbout" time="57.551" classname="aut.tests.functionaltests.FacilityAppTestCases"/>
</testsuite> <!-- aut.tests.functionaltests.FacilityAppTestCases -->
