<?xml version="1.0" encoding="UTF-8"?>
<!-- Generated by org.testng.reporters.JUnitReportReporter -->
<testsuite skipped="0" hostname="HW1562" name="POC.tests.functionalTests.CarePlan_BowelAndBladder_TestCases" tests="1" failures="0" timestamp="28 Sep 2018 10:45:02 GMT" time="124.602" errors="0">
  <testcase name="POC_QA293_Bladder_Recording_For_Training" time="124.602" classname="POC.tests.functionalTests.CarePlan_BowelAndBladder_TestCases"/>
</testsuite> <!-- POC.tests.functionalTests.CarePlan_BowelAndBladder_TestCases -->
