<?xml version="1.0" encoding="UTF-8"?>
<!-- Generated by org.testng.reporters.JUnitReportReporter -->
<testsuite skipped="0" hostname="HW1562" name="POC.tests.functionalTests.CarePlan_HeightAndWeight_TestCases" tests="2" failures="0" timestamp="15 Nov 2018 14:51:41 GMT" time="314.851" errors="0">
  <testcase name="POC_QA295_Weight_Recording_For_Resident" time="160.072" classname="POC.tests.functionalTests.CarePlan_HeightAndWeight_TestCases"/>
  <testcase name="POC_QA294_Height_Recording_For_Resident" time="154.779" classname="POC.tests.functionalTests.CarePlan_HeightAndWeight_TestCases"/>
</testsuite> <!-- POC.tests.functionalTests.CarePlan_HeightAndWeight_TestCases -->
