<?xml version="1.0" encoding="UTF-8"?>
<!-- Generated by org.testng.reporters.JUnitReportReporter -->
<testsuite skipped="0" hostname="HW1562" name="aut.tests.functionaltests.EmarTestCases" tests="33" failures="0" timestamp="29 Aug 2018 17:39:03 GMT" time="10823.764" errors="5">
  <testcase name="QA135_LostOrDisposedMedication_ResidentDashoard_EMAR" time="280.960" classname="aut.tests.functionaltests.EmarTestCases"/>
  <testcase name="QA119_ChangeAppWindowThrough_ApplicationMenuButton" time="145.775" classname="aut.tests.functionaltests.EmarTestCases"/>
  <testcase name="QA123_EmarDashboard_ADTChanges" time="385.406" classname="aut.tests.functionaltests.EmarTestCases"/>
  <testcase name="QA140_MissedAdministration_RoutionOrders_ResidentDashboard_EMAR" time="299.619" classname="aut.tests.functionaltests.EmarTestCases"/>
  <testcase name="QA145_MissedAdministration_AdministeringFollowupsOrders_EMAR" time="444.135" classname="aut.tests.functionaltests.EmarTestCases">
    <error type="java.lang.NullPointerException">
      <![CDATA[java.lang.NullPointerException
	at aut.bluestrata.pages.EmarPage.DescriptionSelectionFromRoutine(EmarPage.java:1293)
	at aut.bluestrata.pages.EmarPage.AdministrationButtonRoutineTabValidation(EmarPage.java:923)
	at aut.tests.functionaltests.EmarTestCases.QA145_MissedAdministration_AdministeringFollowupsOrders_EMAR(EmarTestCases.java:840)
	at sun.reflect.NativeMethodAccessorImpl.invoke0(Native Method)
	at sun.reflect.NativeMethodAccessorImpl.invoke(NativeMethodAccessorImpl.java:62)
	at sun.reflect.DelegatingMethodAccessorImpl.invoke(DelegatingMethodAccessorImpl.java:43)
	at java.lang.reflect.Method.invoke(Method.java:498)
	at org.testng.internal.MethodInvocationHelper.invokeMethod(MethodInvocationHelper.java:108)
	at org.testng.internal.Invoker.invokeMethod(Invoker.java:661)
	at org.testng.internal.Invoker.invokeTestMethod(Invoker.java:869)
	at org.testng.internal.Invoker.invokeTestMethods(Invoker.java:1193)
	at org.testng.internal.TestMethodWorker.invokeTestMethods(TestMethodWorker.java:126)
	at org.testng.internal.TestMethodWorker.run(TestMethodWorker.java:109)
	at org.testng.TestRunner.privateRun(TestRunner.java:744)
	at org.testng.TestRunner.run(TestRunner.java:602)
	at org.testng.SuiteRunner.runTest(SuiteRunner.java:380)
	at org.testng.SuiteRunner.access$000(SuiteRunner.java:39)
	at org.testng.SuiteRunner$SuiteWorker.run(SuiteRunner.java:414)
	at org.testng.internal.thread.ThreadUtil$1.call(ThreadUtil.java:52)
	at java.util.concurrent.FutureTask.run(FutureTask.java:266)
	at java.util.concurrent.ThreadPoolExecutor.runWorker(ThreadPoolExecutor.java:1142)
	at java.util.concurrent.ThreadPoolExecutor$Worker.run(ThreadPoolExecutor.java:617)
	at java.lang.Thread.run(Thread.java:745)
]]>
    </error>
  </testcase> <!-- QA145_MissedAdministration_AdministeringFollowupsOrders_EMAR -->
  <testcase name="QA129_VerifyCurrentAdministrationRoutine_OrdersAdministration" time="363.337" classname="aut.tests.functionaltests.EmarTestCases"/>
  <testcase name="QA173_Creation_Of_Med_Inventory" time="272.976" classname="aut.tests.functionaltests.EmarTestCases"/>
  <testcase name="QA141_MissedAdministration_RoutionOrders_PreAdministrationAction_EMAR" time="284.998" classname="aut.tests.functionaltests.EmarTestCases"/>
  <testcase name="QA132_AdministeringShowFutureRecord_EMAR" time="218.558" classname="aut.tests.functionaltests.EmarTestCases"/>
  <testcase name="QA137_PastAdministrationPRN_ResidentDashoard_EMAR" time="301.834" classname="aut.tests.functionaltests.EmarTestCases"/>
  <testcase name="QA144_MissedAdministration_PRNOrders_PostAdministrationAction_EMAR" time="304.678" classname="aut.tests.functionaltests.EmarTestCases"/>
  <testcase name="QA118_HelpMenuWith_HelpSiteAbout" time="145.956" classname="aut.tests.functionaltests.EmarTestCases"/>
  <testcase name="QA130_VerifyCurrentAdministrationPRN_OrdersAdministration" time="347.257" classname="aut.tests.functionaltests.EmarTestCases"/>
  <testcase name="QA117_UserNamePreferences_TopRightOf_ResidentDahsboard_Or_HomePage" time="152.463" classname="aut.tests.functionaltests.EmarTestCases"/>
  <testcase name="QA120_ExploreEmar_DashboardPageUsing_eMARapp" time="166.709" classname="aut.tests.functionaltests.EmarTestCases"/>
  <testcase name="QA133_Edit_And_Undo_on_Today_administered_Orders_on_eMAR" time="287.570" classname="aut.tests.functionaltests.EmarTestCases"/>
  <testcase name="QA127_EmarDashboard_ResidentDetails_OnDashboard" time="615.038" classname="aut.tests.functionaltests.EmarTestCases"/>
  <testcase name="QA138_PastAdministrationFollowUps_ResidentDashoard_EMAR" time="401.991" classname="aut.tests.functionaltests.EmarTestCases">
    <error type="java.lang.NullPointerException">
      <![CDATA[java.lang.NullPointerException
	at aut.bluestrata.pages.EmarPage.DescriptionSelectionFromRoutine(EmarPage.java:1293)
	at aut.bluestrata.pages.EmarPage.AdministrationButtonRoutineTabValidation(EmarPage.java:923)
	at aut.tests.functionaltests.EmarTestCases.QA138_PastAdministrationFollowUps_ResidentDashoard_EMAR(EmarTestCases.java:639)
	at sun.reflect.NativeMethodAccessorImpl.invoke0(Native Method)
	at sun.reflect.NativeMethodAccessorImpl.invoke(NativeMethodAccessorImpl.java:62)
	at sun.reflect.DelegatingMethodAccessorImpl.invoke(DelegatingMethodAccessorImpl.java:43)
	at java.lang.reflect.Method.invoke(Method.java:498)
	at org.testng.internal.MethodInvocationHelper.invokeMethod(MethodInvocationHelper.java:108)
	at org.testng.internal.Invoker.invokeMethod(Invoker.java:661)
	at org.testng.internal.Invoker.invokeTestMethod(Invoker.java:869)
	at org.testng.internal.Invoker.invokeTestMethods(Invoker.java:1193)
	at org.testng.internal.TestMethodWorker.invokeTestMethods(TestMethodWorker.java:126)
	at org.testng.internal.TestMethodWorker.run(TestMethodWorker.java:109)
	at org.testng.TestRunner.privateRun(TestRunner.java:744)
	at org.testng.TestRunner.run(TestRunner.java:602)
	at org.testng.SuiteRunner.runTest(SuiteRunner.java:380)
	at org.testng.SuiteRunner.access$000(SuiteRunner.java:39)
	at org.testng.SuiteRunner$SuiteWorker.run(SuiteRunner.java:414)
	at org.testng.internal.thread.ThreadUtil$1.call(ThreadUtil.java:52)
	at java.util.concurrent.FutureTask.run(FutureTask.java:266)
	at java.util.concurrent.ThreadPoolExecutor.runWorker(ThreadPoolExecutor.java:1142)
	at java.util.concurrent.ThreadPoolExecutor$Worker.run(ThreadPoolExecutor.java:617)
	at java.lang.Thread.run(Thread.java:745)
]]>
    </error>
  </testcase> <!-- QA138_PastAdministrationFollowUps_ResidentDashoard_EMAR -->
  <testcase name="QA143_MissedAdministration_PRNOrders_PreAdministrationAction_EMAR" time="281.721" classname="aut.tests.functionaltests.EmarTestCases"/>
  <testcase name="QA142_MissedAdministration_RoutionOrders_PostAdministrationAction_EMAR" time="309.303" classname="aut.tests.functionaltests.EmarTestCases"/>
  <testcase name="QA116_LoginTo_EmarApplication" time="144.458" classname="aut.tests.functionaltests.EmarTestCases"/>
  <testcase name="QA126_EmarDashboard_ResidentDashboard" time="676.432" classname="aut.tests.functionaltests.EmarTestCases"/>
  <testcase name="QA124_EmarDashboard_LateMedicationsLast24Hours" time="175.883" classname="aut.tests.functionaltests.EmarTestCases"/>
  <testcase name="QA147_VitalSigns_ResidentDashboard_eMAR" time="242.704" classname="aut.tests.functionaltests.EmarTestCases">
    <error type="java.lang.NullPointerException">
      <![CDATA[java.lang.NullPointerException
	at aut.bluestrata.pages.EmarPage.BooleanTasks(EmarPage.java:997)
	at aut.bluestrata.pages.EmarPage.UpdateNewVitalSign(EmarPage.java:2294)
	at aut.tests.functionaltests.EmarTestCases.QA147_VitalSigns_ResidentDashboard_eMAR(EmarTestCases.java:880)
	at sun.reflect.NativeMethodAccessorImpl.invoke0(Native Method)
	at sun.reflect.NativeMethodAccessorImpl.invoke(NativeMethodAccessorImpl.java:62)
	at sun.reflect.DelegatingMethodAccessorImpl.invoke(DelegatingMethodAccessorImpl.java:43)
	at java.lang.reflect.Method.invoke(Method.java:498)
	at org.testng.internal.MethodInvocationHelper.invokeMethod(MethodInvocationHelper.java:108)
	at org.testng.internal.Invoker.invokeMethod(Invoker.java:661)
	at org.testng.internal.Invoker.invokeTestMethod(Invoker.java:869)
	at org.testng.internal.Invoker.invokeTestMethods(Invoker.java:1193)
	at org.testng.internal.TestMethodWorker.invokeTestMethods(TestMethodWorker.java:126)
	at org.testng.internal.TestMethodWorker.run(TestMethodWorker.java:109)
	at org.testng.TestRunner.privateRun(TestRunner.java:744)
	at org.testng.TestRunner.run(TestRunner.java:602)
	at org.testng.SuiteRunner.runTest(SuiteRunner.java:380)
	at org.testng.SuiteRunner.access$000(SuiteRunner.java:39)
	at org.testng.SuiteRunner$SuiteWorker.run(SuiteRunner.java:414)
	at org.testng.internal.thread.ThreadUtil$1.call(ThreadUtil.java:52)
	at java.util.concurrent.FutureTask.run(FutureTask.java:266)
	at java.util.concurrent.ThreadPoolExecutor.runWorker(ThreadPoolExecutor.java:1142)
	at java.util.concurrent.ThreadPoolExecutor$Worker.run(ThreadPoolExecutor.java:617)
	at java.lang.Thread.run(Thread.java:745)
]]>
    </error>
  </testcase> <!-- QA147_VitalSigns_ResidentDashboard_eMAR -->
  <testcase name="QA125_EmarDashboard_Followups" time="185.168" classname="aut.tests.functionaltests.EmarTestCases"/>
  <testcase name="QA128_AdministrationButtonsAvailable_OnResidentDashboard" time="838.368" classname="aut.tests.functionaltests.EmarTestCases"/>
  <testcase name="QA136_PastAdministrationRoutine_ResidentDashoard_EMAR" time="338.785" classname="aut.tests.functionaltests.EmarTestCases"/>
  <testcase name="QA121_LaunchPage_ViewOrderStatus_OneMARDashboard" time="368.890" classname="aut.tests.functionaltests.EmarTestCases"/>
  <testcase name="QA139_MissedAdministrationOn_ResidentDashboard_EMAR" time="603.665" classname="aut.tests.functionaltests.EmarTestCases">
    <error type="java.lang.NullPointerException">
      <![CDATA[java.lang.NullPointerException
	at aut.bluestrata.pages.EmarPage.DescriptionSelectionFromRoutine(EmarPage.java:1293)
	at aut.bluestrata.pages.EmarPage.AdministrationButtonRoutineTabValidation(EmarPage.java:923)
	at aut.tests.functionaltests.EmarTestCases.QA139_MissedAdministrationOn_ResidentDashboard_EMAR(EmarTestCases.java:672)
	at sun.reflect.NativeMethodAccessorImpl.invoke0(Native Method)
	at sun.reflect.NativeMethodAccessorImpl.invoke(NativeMethodAccessorImpl.java:62)
	at sun.reflect.DelegatingMethodAccessorImpl.invoke(DelegatingMethodAccessorImpl.java:43)
	at java.lang.reflect.Method.invoke(Method.java:498)
	at org.testng.internal.MethodInvocationHelper.invokeMethod(MethodInvocationHelper.java:108)
	at org.testng.internal.Invoker.invokeMethod(Invoker.java:661)
	at org.testng.internal.Invoker.invokeTestMethod(Invoker.java:869)
	at org.testng.internal.Invoker.invokeTestMethods(Invoker.java:1193)
	at org.testng.internal.TestMethodWorker.invokeTestMethods(TestMethodWorker.java:126)
	at org.testng.internal.TestMethodWorker.run(TestMethodWorker.java:109)
	at org.testng.TestRunner.privateRun(TestRunner.java:744)
	at org.testng.TestRunner.run(TestRunner.java:602)
	at org.testng.SuiteRunner.runTest(SuiteRunner.java:380)
	at org.testng.SuiteRunner.access$000(SuiteRunner.java:39)
	at org.testng.SuiteRunner$SuiteWorker.run(SuiteRunner.java:414)
	at org.testng.internal.thread.ThreadUtil$1.call(ThreadUtil.java:52)
	at java.util.concurrent.FutureTask.run(FutureTask.java:266)
	at java.util.concurrent.ThreadPoolExecutor.runWorker(ThreadPoolExecutor.java:1142)
	at java.util.concurrent.ThreadPoolExecutor$Worker.run(ThreadPoolExecutor.java:617)
	at java.lang.Thread.run(Thread.java:745)
]]>
    </error>
  </testcase> <!-- QA139_MissedAdministrationOn_ResidentDashboard_EMAR -->
  <testcase name="QA134_InteractionsButton_ResidentDashoard_EMAR" time="284.408" classname="aut.tests.functionaltests.EmarTestCases"/>
  <testcase name="QA122_EmarDashboard_OrdersWidget" time="332.683" classname="aut.tests.functionaltests.EmarTestCases"/>
  <testcase name="QA151_Behavior_Monitoring_on_eMAR" time="219.602" classname="aut.tests.functionaltests.EmarTestCases"/>
  <testcase name="QA131_VerifyCurrentAdministrationFollowUps_OrdersAdministration" time="402.434" classname="aut.tests.functionaltests.EmarTestCases">
    <error type="java.lang.NullPointerException">
      <![CDATA[java.lang.NullPointerException
	at aut.bluestrata.pages.EmarPage.DescriptionSelectionFromRoutine(EmarPage.java:1293)
	at aut.bluestrata.pages.EmarPage.AdministrationButtonRoutineTabValidation(EmarPage.java:923)
	at aut.tests.functionaltests.EmarTestCases.QA131_VerifyCurrentAdministrationFollowUps_OrdersAdministration(EmarTestCases.java:434)
	at sun.reflect.NativeMethodAccessorImpl.invoke0(Native Method)
	at sun.reflect.NativeMethodAccessorImpl.invoke(NativeMethodAccessorImpl.java:62)
	at sun.reflect.DelegatingMethodAccessorImpl.invoke(DelegatingMethodAccessorImpl.java:43)
	at java.lang.reflect.Method.invoke(Method.java:498)
	at org.testng.internal.MethodInvocationHelper.invokeMethod(MethodInvocationHelper.java:108)
	at org.testng.internal.Invoker.invokeMethod(Invoker.java:661)
	at org.testng.internal.Invoker.invokeTestMethod(Invoker.java:869)
	at org.testng.internal.Invoker.invokeTestMethods(Invoker.java:1193)
	at org.testng.internal.TestMethodWorker.invokeTestMethods(TestMethodWorker.java:126)
	at org.testng.internal.TestMethodWorker.run(TestMethodWorker.java:109)
	at org.testng.TestRunner.privateRun(TestRunner.java:744)
	at org.testng.TestRunner.run(TestRunner.java:602)
	at org.testng.SuiteRunner.runTest(SuiteRunner.java:380)
	at org.testng.SuiteRunner.access$000(SuiteRunner.java:39)
	at org.testng.SuiteRunner$SuiteWorker.run(SuiteRunner.java:414)
	at org.testng.internal.thread.ThreadUtil$1.call(ThreadUtil.java:52)
	at java.util.concurrent.FutureTask.run(FutureTask.java:266)
	at java.util.concurrent.ThreadPoolExecutor.runWorker(ThreadPoolExecutor.java:1142)
	at java.util.concurrent.ThreadPoolExecutor$Worker.run(ThreadPoolExecutor.java:617)
	at java.lang.Thread.run(Thread.java:745)
]]>
    </error>
  </testcase> <!-- QA131_VerifyCurrentAdministrationFollowUps_OrdersAdministration -->
</testsuite> <!-- aut.tests.functionaltests.EmarTestCases -->
