<?xml version="1.0" encoding="UTF-8"?>
<!-- Generated by org.testng.reporters.JUnitReportReporter -->
<testsuite skipped="0" hostname="HW1562" name="aut.tests.functionaltests.PhysicianPortalTestCases" tests="1" failures="0" timestamp="12 Jun 2018 13:13:32 GMT" time="2099.364" errors="0">
  <testcase name="QA026_ViewAndModify_Recaps" time="2099.364" classname="aut.tests.functionaltests.PhysicianPortalTestCases"/>
</testsuite> <!-- aut.tests.functionaltests.PhysicianPortalTestCases -->
