<?xml version="1.0" encoding="UTF-8"?>
<!-- Generated by org.testng.reporters.JUnitReportReporter -->
<testsuite skipped="10" hostname="HW1562" name="aut.tests.functionaltests.ClinicalTestCases" tests="11" failures="0" timestamp="25 May 2018 08:04:09 GMT" time="408.418" errors="0">
  <testcase name="QA99_ResidentOrders_CreateAnOrderUsingDetailsTypeTreatmentWithMedication_And_Medication_WithFrequencyPRNEveryHour" time="408.418" classname="aut.tests.functionaltests.ClinicalTestCases"/>
  <testcase name="QA100_ResidentOrders_CreateAnOrderUsingDetailsTypeTreatmentWithMedication_And_Medication_WithFrequencyPRN" classname="aut.tests.functionaltests.ClinicalTestCases">
    <skipped/>
  </testcase> <!-- QA100_ResidentOrders_CreateAnOrderUsingDetailsTypeTreatmentWithMedication_And_Medication_WithFrequencyPRN -->
  <testcase name="QA93_FrequencyFieldSelectionWhen_FrequencyTypeRoutine" classname="aut.tests.functionaltests.ClinicalTestCases">
    <skipped/>
  </testcase> <!-- QA93_FrequencyFieldSelectionWhen_FrequencyTypeRoutine -->
  <testcase name="QA90_OrderCreationViaClinicalAPP" classname="aut.tests.functionaltests.ClinicalTestCases">
    <skipped/>
  </testcase> <!-- QA90_OrderCreationViaClinicalAPP -->
  <testcase name="QA91_ResidentOrders_CreateAnOrderUsingDetailsType" classname="aut.tests.functionaltests.ClinicalTestCases">
    <skipped/>
  </testcase> <!-- QA91_ResidentOrders_CreateAnOrderUsingDetailsType -->
  <testcase name="QA98_ResidentOrders_CreateAnOrderUsingDetailsTypeTreatmentWithMedication_And_Medication_FrequencyTypeRoutine" classname="aut.tests.functionaltests.ClinicalTestCases">
    <skipped/>
  </testcase> <!-- QA98_ResidentOrders_CreateAnOrderUsingDetailsTypeTreatmentWithMedication_And_Medication_FrequencyTypeRoutine -->
  <testcase name="QA95_AddingFrequencyFromOrders_WithFrequencyPRN" classname="aut.tests.functionaltests.ClinicalTestCases">
    <skipped/>
  </testcase> <!-- QA95_AddingFrequencyFromOrders_WithFrequencyPRN -->
  <testcase name="QA94_HowOftenFieldSelectionWhen_FrequencyTypeRoutine" classname="aut.tests.functionaltests.ClinicalTestCases">
    <skipped/>
  </testcase> <!-- QA94_HowOftenFieldSelectionWhen_FrequencyTypeRoutine -->
  <testcase name="QA97_ResidentOrders_CreateAnOrderUsingDetailsTypeTreatmentWithMedication_And_Medication" classname="aut.tests.functionaltests.ClinicalTestCases">
    <skipped/>
  </testcase> <!-- QA97_ResidentOrders_CreateAnOrderUsingDetailsTypeTreatmentWithMedication_And_Medication -->
  <testcase name="QA92_AddingFrequencyFromResidentOrders_CreateAnOrderWithFrequencyRoutine" classname="aut.tests.functionaltests.ClinicalTestCases">
    <skipped/>
  </testcase> <!-- QA92_AddingFrequencyFromResidentOrders_CreateAnOrderWithFrequencyRoutine -->
  <testcase name="QA96_AddingFrequencyFromResidentOrder_WithFrequencyPRNEveryHour" classname="aut.tests.functionaltests.ClinicalTestCases">
    <skipped/>
  </testcase> <!-- QA96_AddingFrequencyFromResidentOrder_WithFrequencyPRNEveryHour -->
</testsuite> <!-- aut.tests.functionaltests.ClinicalTestCases -->
