<?xml version="1.0" encoding="UTF-8"?>
<!-- Generated by org.testng.reporters.JUnitReportReporter -->
<testsuite skipped="0" hostname="HW1562" name="POC.tests.functionalTests.CarePlan_IntakeAndOutput_TestCases" tests="2" failures="0" timestamp="29 Nov 2018 11:10:27 GMT" time="227.970" errors="0">
  <testcase name="POC_QA297_Output_Recording_For_Resident" time="111.998" classname="POC.tests.functionalTests.CarePlan_IntakeAndOutput_TestCases"/>
  <testcase name="POC_QA296_Intake_Recording_For_Resident" time="115.972" classname="POC.tests.functionalTests.CarePlan_IntakeAndOutput_TestCases"/>
</testsuite> <!-- POC.tests.functionalTests.CarePlan_IntakeAndOutput_TestCases -->
