<?xml version="1.0" encoding="UTF-8"?>
<!-- Generated by org.testng.reporters.JUnitReportReporter -->
<testsuite skipped="0" hostname="HW1562" name="POC.tests.functionalTests.CarePlan_Vitals_TestCases" tests="1" failures="0" timestamp="29 Nov 2018 11:10:27 GMT" time="249.968" errors="0">
  <testcase name="POC_QA304_Vitals_Recording_For_Resident" time="249.968" classname="POC.tests.functionalTests.CarePlan_Vitals_TestCases"/>
</testsuite> <!-- POC.tests.functionalTests.CarePlan_Vitals_TestCases -->
