<?xml version="1.0" encoding="UTF-8"?>
<!-- Generated by org.testng.reporters.JUnitReportReporter -->
<testsuite skipped="0" hostname="HW1562" name="aut.tests.functionaltests.PhysicianPortalTestCases" tests="20" failures="0" timestamp="29 Aug 2018 01:44:12 GMT" time="39018.133" errors="3">
  <testcase name="QA007_ResidentOrders" time="152.199" classname="aut.tests.functionaltests.PhysicianPortalTestCases"/>
  <testcase name="QA009_ResidentOrders_CreateAnOrderWithFrequencyRoutine" time="1171.216" classname="aut.tests.functionaltests.PhysicianPortalTestCases"/>
  <testcase name="QA008_ResidentOrders_CreateAnOrder" time="782.264" classname="aut.tests.functionaltests.PhysicianPortalTestCases"/>
  <testcase name="QA010_ResidentOrders_CreateAnOrderWithFrequencyRoutine" time="17967.092" classname="aut.tests.functionaltests.PhysicianPortalTestCases"/>
  <testcase name="QA011_HowOften_RoutineFrequencyType" time="3505.231" classname="aut.tests.functionaltests.PhysicianPortalTestCases"/>
  <testcase name="QA012_ResidentOrders_CreateAnOrderWithFrequencyPRN" time="1106.065" classname="aut.tests.functionaltests.PhysicianPortalTestCases"/>
  <testcase name="QA013_ResidentOrders_CreateAnOrderWithFrequencyPRNEveryHour" time="1107.581" classname="aut.tests.functionaltests.PhysicianPortalTestCases"/>
  <testcase name="QA014_ResidentOrders_CreateAnOrder" time="1810.209" classname="aut.tests.functionaltests.PhysicianPortalTestCases"/>
  <testcase name="QA015_ResidentOrders_CreateAnOrderWithFrequencyRoutine" time="1412.636" classname="aut.tests.functionaltests.PhysicianPortalTestCases"/>
  <testcase name="QA016_ResidentOrders_CreateAnOrderWithFrequencyPRNEveryHour" time="978.699" classname="aut.tests.functionaltests.PhysicianPortalTestCases"/>
  <testcase name="QA017_ResidentOrders_CreateAnOrderWithFrequencyPRN" time="967.376" classname="aut.tests.functionaltests.PhysicianPortalTestCases"/>
  <testcase name="QA018_CreateAnOrder_ViaOrderSets" time="177.912" classname="aut.tests.functionaltests.PhysicianPortalTestCases">
    <error type="org.openqa.selenium.NoSuchElementException" message="Unable to find element with xpath == //datatable-scroller[@class=&#039;datatable-scroll ng-star-inserted&#039;]//span[text()=&#039;Amoxicillin 875 MG Tablet&#039;]
For documentation on this error, please visit: http://seleniumhq.org/exceptions/no_such_element.html
Build info: version: &#039;3.6.0&#039;, revision: &#039;6fbf3ec767&#039;, time: &#039;2017-09-27T15:28:36.4Z&#039;
System info: host: &#039;HW1562&#039;, ip: &#039;10.11.4.33&#039;, os.name: &#039;Windows 7&#039;, os.arch: &#039;amd64&#039;, os.version: &#039;6.1&#039;, java.version: &#039;1.8.0_111&#039;
Driver info: org.openqa.selenium.ie.InternetExplorerDriver
Capabilities [{proxy=Proxy(), acceptInsecureCerts=false, browserVersion=11, se:ieOptions={nativeEvents=true, browserAttachTimeout=0, ie.ensureCleanSession=true, elementScrollBehavior=0, enablePersistentHover=true, ie.browserCommandLineSwitches=, ie.forceCreateProcessApi=false, requireWindowFocus=false, initialBrowserUrl=http://localhost:22995/, ignoreZoomSetting=false, ie.fileUploadDialogTimeout=3000, ignoreProtectedModeSettings=false}, timeouts={implicit=0, pageLoad=300000, script=30000}, browserName=internet explorer, pageLoadStrategy=normal, javascriptEnabled=true, platformName=WINDOWS, setWindowRect=true, platform=WINDOWS}]
Session ID: 08e62433-1231-4a00-87b8-28c762baeaed
*** Element info: {Using=xpath, value=//datatable-scroller[@class=&#039;datatable-scroll ng-star-inserted&#039;]//span[text()=&#039;Amoxicillin 875 MG Tablet&#039;]}">
      <![CDATA[org.openqa.selenium.NoSuchElementException: Unable to find element with xpath == //datatable-scroller[@class='datatable-scroll ng-star-inserted']//span[text()='Amoxicillin 875 MG Tablet']
For documentation on this error, please visit: http://seleniumhq.org/exceptions/no_such_element.html
Build info: version: '3.6.0', revision: '6fbf3ec767', time: '2017-09-27T15:28:36.4Z'
System info: host: 'HW1562', ip: '10.11.4.33', os.name: 'Windows 7', os.arch: 'amd64', os.version: '6.1', java.version: '1.8.0_111'
Driver info: org.openqa.selenium.ie.InternetExplorerDriver
Capabilities [{proxy=Proxy(), acceptInsecureCerts=false, browserVersion=11, se:ieOptions={nativeEvents=true, browserAttachTimeout=0, ie.ensureCleanSession=true, elementScrollBehavior=0, enablePersistentHover=true, ie.browserCommandLineSwitches=, ie.forceCreateProcessApi=false, requireWindowFocus=false, initialBrowserUrl=http://localhost:22995/, ignoreZoomSetting=false, ie.fileUploadDialogTimeout=3000, ignoreProtectedModeSettings=false}, timeouts={implicit=0, pageLoad=300000, script=30000}, browserName=internet explorer, pageLoadStrategy=normal, javascriptEnabled=true, platformName=WINDOWS, setWindowRect=true, platform=WINDOWS}]
Session ID: 08e62433-1231-4a00-87b8-28c762baeaed
*** Element info: {Using=xpath, value=//datatable-scroller[@class='datatable-scroll ng-star-inserted']//span[text()='Amoxicillin 875 MG Tablet']}
	at sun.reflect.NativeConstructorAccessorImpl.newInstance0(Native Method)
	at sun.reflect.NativeConstructorAccessorImpl.newInstance(NativeConstructorAccessorImpl.java:62)
	at sun.reflect.DelegatingConstructorAccessorImpl.newInstance(DelegatingConstructorAccessorImpl.java:45)
	at java.lang.reflect.Constructor.newInstance(Constructor.java:423)
	at org.openqa.selenium.remote.http.W3CHttpResponseCodec.createException(W3CHttpResponseCodec.java:187)
	at org.openqa.selenium.remote.http.W3CHttpResponseCodec.decode(W3CHttpResponseCodec.java:122)
	at org.openqa.selenium.remote.http.W3CHttpResponseCodec.decode(W3CHttpResponseCodec.java:49)
	at org.openqa.selenium.remote.HttpCommandExecutor.execute(HttpCommandExecutor.java:160)
	at org.openqa.selenium.remote.service.DriverCommandExecutor.execute(DriverCommandExecutor.java:83)
	at org.openqa.selenium.remote.RemoteWebDriver.execute(RemoteWebDriver.java:601)
	at org.openqa.selenium.remote.RemoteWebDriver.findElement(RemoteWebDriver.java:371)
	at org.openqa.selenium.remote.RemoteWebDriver.findElementByXPath(RemoteWebDriver.java:473)
	at org.openqa.selenium.By$ByXPath.findElement(By.java:361)
	at org.openqa.selenium.remote.RemoteWebDriver.findElement(RemoteWebDriver.java:363)
	at aut.bluestrata.pages.FacilityPage.CreateOrderSetDescription(FacilityPage.java:297)
	at aut.tests.functionaltests.PhysicianPortalTestCases.QA018_CreateAnOrder_ViaOrderSets(PhysicianPortalTestCases.java:999)
	at sun.reflect.NativeMethodAccessorImpl.invoke0(Native Method)
	at sun.reflect.NativeMethodAccessorImpl.invoke(NativeMethodAccessorImpl.java:62)
	at sun.reflect.DelegatingMethodAccessorImpl.invoke(DelegatingMethodAccessorImpl.java:43)
	at java.lang.reflect.Method.invoke(Method.java:498)
	at org.testng.internal.MethodInvocationHelper.invokeMethod(MethodInvocationHelper.java:108)
	at org.testng.internal.Invoker.invokeMethod(Invoker.java:661)
	at org.testng.internal.Invoker.invokeTestMethod(Invoker.java:869)
	at org.testng.internal.Invoker.invokeTestMethods(Invoker.java:1193)
	at org.testng.internal.TestMethodWorker.invokeTestMethods(TestMethodWorker.java:126)
	at org.testng.internal.TestMethodWorker.run(TestMethodWorker.java:109)
	at org.testng.TestRunner.privateRun(TestRunner.java:744)
	at org.testng.TestRunner.run(TestRunner.java:602)
	at org.testng.SuiteRunner.runTest(SuiteRunner.java:380)
	at org.testng.SuiteRunner.access$000(SuiteRunner.java:39)
	at org.testng.SuiteRunner$SuiteWorker.run(SuiteRunner.java:414)
	at org.testng.internal.thread.ThreadUtil$1.call(ThreadUtil.java:52)
	at java.util.concurrent.FutureTask.run(FutureTask.java:266)
	at java.util.concurrent.ThreadPoolExecutor.runWorker(ThreadPoolExecutor.java:1142)
	at java.util.concurrent.ThreadPoolExecutor$Worker.run(ThreadPoolExecutor.java:617)
	at java.lang.Thread.run(Thread.java:745)
]]>
    </error>
  </testcase> <!-- QA018_CreateAnOrder_ViaOrderSets -->
  <testcase name="QA019_ViewAndModifyAnOrder_ViaOrderSets" time="505.180" classname="aut.tests.functionaltests.PhysicianPortalTestCases">
    <error type="org.openqa.selenium.InvalidElementStateException" message="Element must not be hidden, disabled or read-only
Build info: version: &#039;3.6.0&#039;, revision: &#039;6fbf3ec767&#039;, time: &#039;2017-09-27T15:28:36.4Z&#039;
System info: host: &#039;HW1562&#039;, ip: &#039;10.11.4.33&#039;, os.name: &#039;Windows 7&#039;, os.arch: &#039;amd64&#039;, os.version: &#039;6.1&#039;, java.version: &#039;1.8.0_111&#039;
Driver info: org.openqa.selenium.ie.InternetExplorerDriver
Capabilities [{proxy=Proxy(), acceptInsecureCerts=false, browserVersion=11, se:ieOptions={nativeEvents=true, browserAttachTimeout=0, ie.ensureCleanSession=true, elementScrollBehavior=0, enablePersistentHover=true, ie.browserCommandLineSwitches=, ie.forceCreateProcessApi=false, requireWindowFocus=false, initialBrowserUrl=http://localhost:17004/, ignoreZoomSetting=false, ie.fileUploadDialogTimeout=3000, ignoreProtectedModeSettings=false}, timeouts={implicit=0, pageLoad=300000, script=30000}, browserName=internet explorer, pageLoadStrategy=normal, javascriptEnabled=true, platformName=WINDOWS, setWindowRect=true, platform=WINDOWS}]
Session ID: 28977963-6bb8-4dd0-8568-86d4d4a78704">
      <![CDATA[org.openqa.selenium.InvalidElementStateException: Element must not be hidden, disabled or read-only
Build info: version: '3.6.0', revision: '6fbf3ec767', time: '2017-09-27T15:28:36.4Z'
System info: host: 'HW1562', ip: '10.11.4.33', os.name: 'Windows 7', os.arch: 'amd64', os.version: '6.1', java.version: '1.8.0_111'
Driver info: org.openqa.selenium.ie.InternetExplorerDriver
Capabilities [{proxy=Proxy(), acceptInsecureCerts=false, browserVersion=11, se:ieOptions={nativeEvents=true, browserAttachTimeout=0, ie.ensureCleanSession=true, elementScrollBehavior=0, enablePersistentHover=true, ie.browserCommandLineSwitches=, ie.forceCreateProcessApi=false, requireWindowFocus=false, initialBrowserUrl=http://localhost:17004/, ignoreZoomSetting=false, ie.fileUploadDialogTimeout=3000, ignoreProtectedModeSettings=false}, timeouts={implicit=0, pageLoad=300000, script=30000}, browserName=internet explorer, pageLoadStrategy=normal, javascriptEnabled=true, platformName=WINDOWS, setWindowRect=true, platform=WINDOWS}]
Session ID: 28977963-6bb8-4dd0-8568-86d4d4a78704
	at sun.reflect.NativeConstructorAccessorImpl.newInstance0(Native Method)
	at sun.reflect.NativeConstructorAccessorImpl.newInstance(NativeConstructorAccessorImpl.java:62)
	at sun.reflect.DelegatingConstructorAccessorImpl.newInstance(DelegatingConstructorAccessorImpl.java:45)
	at java.lang.reflect.Constructor.newInstance(Constructor.java:423)
	at org.openqa.selenium.remote.http.W3CHttpResponseCodec.createException(W3CHttpResponseCodec.java:187)
	at org.openqa.selenium.remote.http.W3CHttpResponseCodec.decode(W3CHttpResponseCodec.java:122)
	at org.openqa.selenium.remote.http.W3CHttpResponseCodec.decode(W3CHttpResponseCodec.java:49)
	at org.openqa.selenium.remote.HttpCommandExecutor.execute(HttpCommandExecutor.java:160)
	at org.openqa.selenium.remote.service.DriverCommandExecutor.execute(DriverCommandExecutor.java:83)
	at org.openqa.selenium.remote.RemoteWebDriver.execute(RemoteWebDriver.java:601)
	at org.openqa.selenium.remote.RemoteWebElement.execute(RemoteWebElement.java:279)
	at org.openqa.selenium.remote.RemoteWebElement.clear(RemoteWebElement.java:118)
	at dweb.aut.pages.templates.PageTemplate.SendKeysToElementClearFirst(PageTemplate.java:525)
	at aut.bluestrata.pages.PhysicianPortalPage.RequireActionRelatedLabel(PhysicianPortalPage.java:1624)
	at aut.tests.functionaltests.PhysicianPortalTestCases.QA019_ViewAndModifyAnOrder_ViaOrderSets(PhysicianPortalTestCases.java:1125)
	at sun.reflect.NativeMethodAccessorImpl.invoke0(Native Method)
	at sun.reflect.NativeMethodAccessorImpl.invoke(NativeMethodAccessorImpl.java:62)
	at sun.reflect.DelegatingMethodAccessorImpl.invoke(DelegatingMethodAccessorImpl.java:43)
	at java.lang.reflect.Method.invoke(Method.java:498)
	at org.testng.internal.MethodInvocationHelper.invokeMethod(MethodInvocationHelper.java:108)
	at org.testng.internal.Invoker.invokeMethod(Invoker.java:661)
	at org.testng.internal.Invoker.invokeTestMethod(Invoker.java:869)
	at org.testng.internal.Invoker.invokeTestMethods(Invoker.java:1193)
	at org.testng.internal.TestMethodWorker.invokeTestMethods(TestMethodWorker.java:126)
	at org.testng.internal.TestMethodWorker.run(TestMethodWorker.java:109)
	at org.testng.TestRunner.privateRun(TestRunner.java:744)
	at org.testng.TestRunner.run(TestRunner.java:602)
	at org.testng.SuiteRunner.runTest(SuiteRunner.java:380)
	at org.testng.SuiteRunner.access$000(SuiteRunner.java:39)
	at org.testng.SuiteRunner$SuiteWorker.run(SuiteRunner.java:414)
	at org.testng.internal.thread.ThreadUtil$1.call(ThreadUtil.java:52)
	at java.util.concurrent.FutureTask.run(FutureTask.java:266)
	at java.util.concurrent.ThreadPoolExecutor.runWorker(ThreadPoolExecutor.java:1142)
	at java.util.concurrent.ThreadPoolExecutor$Worker.run(ThreadPoolExecutor.java:617)
	at java.lang.Thread.run(Thread.java:745)
]]>
    </error>
  </testcase> <!-- QA019_ViewAndModifyAnOrder_ViaOrderSets -->
  <testcase name="QA020_VerifyAnOrder_ViaOrderSetsOrCreateAnOrder" time="400.507" classname="aut.tests.functionaltests.PhysicianPortalTestCases"/>
  <testcase name="QA021_VerifyAndModifyAnOrder_ViaOrderSetsOrCreateAnOrder" time="398.228" classname="aut.tests.functionaltests.PhysicianPortalTestCases"/>
  <testcase name="QA022_SignAnOrder_ViaOrderSetsOrCreateAnOrder" time="547.102" classname="aut.tests.functionaltests.PhysicianPortalTestCases"/>
  <testcase name="QA023_ViewAndModifyAnOrder_ViaOrderSetsOrCreateAnOrder" time="1179.865" classname="aut.tests.functionaltests.PhysicianPortalTestCases">
    <error type="org.openqa.selenium.NoSuchElementException" message="Unable to find element with css selector == #libraryCreate
For documentation on this error, please visit: http://seleniumhq.org/exceptions/no_such_element.html
Build info: version: &#039;3.6.0&#039;, revision: &#039;6fbf3ec767&#039;, time: &#039;2017-09-27T15:28:36.4Z&#039;
System info: host: &#039;HW1562&#039;, ip: &#039;10.11.4.33&#039;, os.name: &#039;Windows 7&#039;, os.arch: &#039;amd64&#039;, os.version: &#039;6.1&#039;, java.version: &#039;1.8.0_111&#039;
Driver info: org.openqa.selenium.ie.InternetExplorerDriver
Capabilities [{proxy=Proxy(), acceptInsecureCerts=false, browserVersion=11, se:ieOptions={nativeEvents=true, browserAttachTimeout=0, ie.ensureCleanSession=true, elementScrollBehavior=0, enablePersistentHover=true, ie.browserCommandLineSwitches=, ie.forceCreateProcessApi=false, requireWindowFocus=false, initialBrowserUrl=http://localhost:25609/, ignoreZoomSetting=false, ie.fileUploadDialogTimeout=3000, ignoreProtectedModeSettings=false}, timeouts={implicit=0, pageLoad=300000, script=30000}, browserName=internet explorer, pageLoadStrategy=normal, javascriptEnabled=true, platformName=WINDOWS, setWindowRect=true, platform=WINDOWS}]
Session ID: 347fe42a-70f8-44aa-a65d-9ea35f953f95
*** Element info: {Using=id, value=libraryCreate}">
      <![CDATA[org.openqa.selenium.NoSuchElementException: Unable to find element with css selector == #libraryCreate
For documentation on this error, please visit: http://seleniumhq.org/exceptions/no_such_element.html
Build info: version: '3.6.0', revision: '6fbf3ec767', time: '2017-09-27T15:28:36.4Z'
System info: host: 'HW1562', ip: '10.11.4.33', os.name: 'Windows 7', os.arch: 'amd64', os.version: '6.1', java.version: '1.8.0_111'
Driver info: org.openqa.selenium.ie.InternetExplorerDriver
Capabilities [{proxy=Proxy(), acceptInsecureCerts=false, browserVersion=11, se:ieOptions={nativeEvents=true, browserAttachTimeout=0, ie.ensureCleanSession=true, elementScrollBehavior=0, enablePersistentHover=true, ie.browserCommandLineSwitches=, ie.forceCreateProcessApi=false, requireWindowFocus=false, initialBrowserUrl=http://localhost:25609/, ignoreZoomSetting=false, ie.fileUploadDialogTimeout=3000, ignoreProtectedModeSettings=false}, timeouts={implicit=0, pageLoad=300000, script=30000}, browserName=internet explorer, pageLoadStrategy=normal, javascriptEnabled=true, platformName=WINDOWS, setWindowRect=true, platform=WINDOWS}]
Session ID: 347fe42a-70f8-44aa-a65d-9ea35f953f95
*** Element info: {Using=id, value=libraryCreate}
	at sun.reflect.NativeConstructorAccessorImpl.newInstance0(Native Method)
	at sun.reflect.NativeConstructorAccessorImpl.newInstance(NativeConstructorAccessorImpl.java:62)
	at sun.reflect.DelegatingConstructorAccessorImpl.newInstance(DelegatingConstructorAccessorImpl.java:45)
	at java.lang.reflect.Constructor.newInstance(Constructor.java:423)
	at org.openqa.selenium.remote.http.W3CHttpResponseCodec.createException(W3CHttpResponseCodec.java:187)
	at org.openqa.selenium.remote.http.W3CHttpResponseCodec.decode(W3CHttpResponseCodec.java:122)
	at org.openqa.selenium.remote.http.W3CHttpResponseCodec.decode(W3CHttpResponseCodec.java:49)
	at org.openqa.selenium.remote.HttpCommandExecutor.execute(HttpCommandExecutor.java:160)
	at org.openqa.selenium.remote.service.DriverCommandExecutor.execute(DriverCommandExecutor.java:83)
	at org.openqa.selenium.remote.RemoteWebDriver.execute(RemoteWebDriver.java:601)
	at org.openqa.selenium.remote.RemoteWebDriver.findElement(RemoteWebDriver.java:371)
	at org.openqa.selenium.remote.RemoteWebDriver.findElementById(RemoteWebDriver.java:417)
	at org.openqa.selenium.By$ById.findElement(By.java:218)
	at org.openqa.selenium.remote.RemoteWebDriver.findElement(RemoteWebDriver.java:363)
	at dweb.aut.pages.templates.PageTemplate.SendKeysToElementClearFirst(PageTemplate.java:525)
	at aut.bluestrata.pages.PhysicianPortalPage.CreateAnOrderWithOrderDetails(PhysicianPortalPage.java:394)
	at aut.bluestrata.pages.PhysicianPortalPage.OrderPageCopyOrderValidation(PhysicianPortalPage.java:2869)
	at aut.tests.functionaltests.PhysicianPortalTestCases.QA023_ViewAndModifyAnOrder_ViaOrderSetsOrCreateAnOrder(PhysicianPortalTestCases.java:1467)
	at sun.reflect.NativeMethodAccessorImpl.invoke0(Native Method)
	at sun.reflect.NativeMethodAccessorImpl.invoke(NativeMethodAccessorImpl.java:62)
	at sun.reflect.DelegatingMethodAccessorImpl.invoke(DelegatingMethodAccessorImpl.java:43)
	at java.lang.reflect.Method.invoke(Method.java:498)
	at org.testng.internal.MethodInvocationHelper.invokeMethod(MethodInvocationHelper.java:108)
	at org.testng.internal.Invoker.invokeMethod(Invoker.java:661)
	at org.testng.internal.Invoker.invokeTestMethod(Invoker.java:869)
	at org.testng.internal.Invoker.invokeTestMethods(Invoker.java:1193)
	at org.testng.internal.TestMethodWorker.invokeTestMethods(TestMethodWorker.java:126)
	at org.testng.internal.TestMethodWorker.run(TestMethodWorker.java:109)
	at org.testng.TestRunner.privateRun(TestRunner.java:744)
	at org.testng.TestRunner.run(TestRunner.java:602)
	at org.testng.SuiteRunner.runTest(SuiteRunner.java:380)
	at org.testng.SuiteRunner.access$000(SuiteRunner.java:39)
	at org.testng.SuiteRunner$SuiteWorker.run(SuiteRunner.java:414)
	at org.testng.internal.thread.ThreadUtil$1.call(ThreadUtil.java:52)
	at java.util.concurrent.FutureTask.run(FutureTask.java:266)
	at java.util.concurrent.ThreadPoolExecutor.runWorker(ThreadPoolExecutor.java:1142)
	at java.util.concurrent.ThreadPoolExecutor$Worker.run(ThreadPoolExecutor.java:617)
	at java.lang.Thread.run(Thread.java:745)
]]>
    </error>
  </testcase> <!-- QA023_ViewAndModifyAnOrder_ViaOrderSetsOrCreateAnOrder -->
  <testcase name="QA024_RecapAnOrder_ViaOrderSetsOrCreateAnOrder" time="1854.347" classname="aut.tests.functionaltests.PhysicianPortalTestCases"/>
  <testcase name="QA025_SignatureOnRecap_Wheather_OrderCreatedFromOrder_Or_FromSets" time="697.664" classname="aut.tests.functionaltests.PhysicianPortalTestCases"/>
  <testcase name="QA026_ViewAndModify_Recaps" time="2296.757" classname="aut.tests.functionaltests.PhysicianPortalTestCases"/>
</testsuite> <!-- aut.tests.functionaltests.PhysicianPortalTestCases -->
