<?xml version="1.0" encoding="UTF-8"?>
<!-- Generated by org.testng.reporters.JUnitReportReporter -->
<testsuite skipped="0" hostname="HW1562" name="POC.tests.functionalTests.CarePlan_Restorative_TestCases" tests="62" failures="0" timestamp="29 Nov 2018 11:10:27 GMT" time="6475.663" errors="0">
  <testcase name="POC_QA319_Tolerance_Under_Bed_Mobility_Restorative_Recording_For_Resident" time="98.171" classname="POC.tests.functionalTests.CarePlan_Restorative_TestCases"/>
  <testcase name="POC_QA328_Minutes_Under_Continence_Exercise_Restorative_Recording_For_Resident" time="103.055" classname="POC.tests.functionalTests.CarePlan_Restorative_TestCases"/>
  <testcase name="POC_QA320_NoParticipation_NoParticipation_With_Notes_Under_Bed_Mobility_Restorative_Recording_For_Resident" time="99.867" classname="POC.tests.functionalTests.CarePlan_Restorative_TestCases"/>
  <testcase name="POC_QA308_Tolerance_Under_Ambulation_Restorative_Recording_For_Resident" time="98.147" classname="POC.tests.functionalTests.CarePlan_Restorative_TestCases"/>
  <testcase name="POC_QA360_Tolerance_Under_Strength_Training_Restorative_Recording_For_Resident" time="96.302" classname="POC.tests.functionalTests.CarePlan_Restorative_TestCases"/>
  <testcase name="POC_QA307_Self_And_Support_Under_Ambulation_Restorative_Recording_For_Resident" time="106.566" classname="POC.tests.functionalTests.CarePlan_Restorative_TestCases"/>
  <testcase name="POC_QA336_Restorative_Recording_For_Resident" time="105.754" classname="POC.tests.functionalTests.CarePlan_Restorative_TestCases"/>
  <testcase name="POC_QA351_Restorative_Recording_For_Resident" time="108.786" classname="POC.tests.functionalTests.CarePlan_Restorative_TestCases"/>
  <testcase name="POC_QA344_NoParticipation_NoParticipation_With_Notes_Under_Prosthetic_Restorative_Recording_For_Resident" time="102.931" classname="POC.tests.functionalTests.CarePlan_Restorative_TestCases"/>
  <testcase name="POC_QA353_Minutes_Under_Splint_Brace_Restorative_Recording_For_Resident" time="106.688" classname="POC.tests.functionalTests.CarePlan_Restorative_TestCases"/>
  <testcase name="POC_QA366_NoParticipation_NoParticipation_With_Notes_Under_Transfer_Restorative_Recording_For_Resident" time="98.549" classname="POC.tests.functionalTests.CarePlan_Restorative_TestCases"/>
  <testcase name="POC_QA323_Minutes_Under_Communication_Restorative_Recording_For_Resident" time="103.192" classname="POC.tests.functionalTests.CarePlan_Restorative_TestCases"/>
  <testcase name="POC_QA338_Minutes_Under_Dressing_Grooming_Restorative_Recording_For_Resident" time="107.326" classname="POC.tests.functionalTests.CarePlan_Restorative_TestCases"/>
  <testcase name="POC_QA352_Self_And_Support_Under_Splint_Brace_Restorative_Recording_For_Resident" time="117.490" classname="POC.tests.functionalTests.CarePlan_Restorative_TestCases"/>
  <testcase name="POC_QA354_Splint_Location_Under_Splint_Brace_Restorative_Recording_For_Resident" time="106.004" classname="POC.tests.functionalTests.CarePlan_Restorative_TestCases"/>
  <testcase name="POC_QA349_Tolerance_Under_Range_Of_Motion_Restorative_Recording_For_Resident" time="96.268" classname="POC.tests.functionalTests.CarePlan_Restorative_TestCases"/>
  <testcase name="POC_QA335_NoParticipation_NoParticipation_With_Notes_Under_Dining_Restorative_Recording_For_Resident" time="99.727" classname="POC.tests.functionalTests.CarePlan_Restorative_TestCases"/>
  <testcase name="POC_QA321_Restorative_Recording_For_Resident" time="110.943" classname="POC.tests.functionalTests.CarePlan_Restorative_TestCases"/>
  <testcase name="POC_QA350_NoParticipation_NoParticipation_With_Notes_Under_Range_Of_Motion_Restorative_Recording_For_Resident" time="100.097" classname="POC.tests.functionalTests.CarePlan_Restorative_TestCases"/>
  <testcase name="POC_QA318_Minutes_Under_Bed_Mobility_Restorative_Recording_For_Resident" time="103.893" classname="POC.tests.functionalTests.CarePlan_Restorative_TestCases"/>
  <testcase name="POC_QA334_Tolerance_Under_Dining_Restorative_Recording_For_Resident" time="97.229" classname="POC.tests.functionalTests.CarePlan_Restorative_TestCases"/>
  <testcase name="POC_QA345_Restorative_Recording_For_Resident" time="112.144" classname="POC.tests.functionalTests.CarePlan_Restorative_TestCases"/>
  <testcase name="POC_QA331_Restorative_Recording_For_Resident" time="106.207" classname="POC.tests.functionalTests.CarePlan_Restorative_TestCases"/>
  <testcase name="POC_QA306_Self_And_Support_Under_Ambulation_Restorative_Recording_For_Resident" time="98.355" classname="POC.tests.functionalTests.CarePlan_Restorative_TestCases"/>
  <testcase name="POC_QA355_Tolerance_Under_Splint_Brace_Restorative_Recording_For_Resident" time="98.142" classname="POC.tests.functionalTests.CarePlan_Restorative_TestCases"/>
  <testcase name="POC_QA364_Minutes_Under_Transfer_Restorative_Recording_For_Resident" time="105.562" classname="POC.tests.functionalTests.CarePlan_Restorative_TestCases"/>
  <testcase name="POC_QA329_Tolerance_Under_Continence_Exercise_Restorative_Recording_For_Resident" time="96.657" classname="POC.tests.functionalTests.CarePlan_Restorative_TestCases"/>
  <testcase name="POC_QA339_Tolerance_Under_Dressing_Grooming_Restorative_Recording_For_Resident" time="95.897" classname="POC.tests.functionalTests.CarePlan_Restorative_TestCases"/>
  <testcase name="POC_QA340_NoParticipation_NoParticipation_With_Notes_Under_Dressing_Grooming_Restorative_Recording_For_Resident" time="98.416" classname="POC.tests.functionalTests.CarePlan_Restorative_TestCases"/>
  <testcase name="POC_QA330_NoParticipation_NoParticipation_With_Notes_Under_Continence_Exercise_Restorative_Recording_For_Resident" time="98.193" classname="POC.tests.functionalTests.CarePlan_Restorative_TestCases"/>
  <testcase name="POC_QA337_Self_And_Support_Under_Dressing_Grooming_Restorative_Recording_For_Resident" time="116.899" classname="POC.tests.functionalTests.CarePlan_Restorative_TestCases"/>
  <testcase name="POC_QA362_Restorative_Recording_For_Resident" time="108.178" classname="POC.tests.functionalTests.CarePlan_Restorative_TestCases"/>
  <testcase name="POC_QA347_Active_Minutes_Under_Range_Of_Motion_Restorative_Recording_For_Resident" time="105.473" classname="POC.tests.functionalTests.CarePlan_Restorative_TestCases"/>
  <testcase name="POC_QA359_NU_Step_Minutes_Under_Strength_Training_Restorative_Recording_For_Resident" time="104.028" classname="POC.tests.functionalTests.CarePlan_Restorative_TestCases"/>
  <testcase name="POC_QA310_Balance_Restorative_Recording_For_Resident" time="89.238" classname="POC.tests.functionalTests.CarePlan_Restorative_TestCases"/>
  <testcase name="POC_QA311_Moving_From_Seat_To_Standing_Position_Under_Balance_Restorative_Recording_For_Resident" time="99.584" classname="POC.tests.functionalTests.CarePlan_Restorative_TestCases"/>
  <testcase name="POC_QA322_Self_And_Support_Under_Communication_Restorative_Recording_For_Resident" time="116.656" classname="POC.tests.functionalTests.CarePlan_Restorative_TestCases"/>
  <testcase name="POC_QA346_Self_And_Support_Under_Range_Of_Motion_Restorative_Recording_For_Resident" time="116.542" classname="POC.tests.functionalTests.CarePlan_Restorative_TestCases"/>
  <testcase name="POC_QA333_Minutes_Under_Dining_Restorative_Recording_For_Resident" time="106.354" classname="POC.tests.functionalTests.CarePlan_Restorative_TestCases"/>
  <testcase name="POC_QA305_Restorative_Recording_For_Resident" time="105.346" classname="POC.tests.functionalTests.CarePlan_Restorative_TestCases"/>
  <testcase name="POC_QA315_Walking_Under_Balance_Restorative_Recording_For_Resident" time="99.311" classname="POC.tests.functionalTests.CarePlan_Restorative_TestCases"/>
  <testcase name="POC_QA358_Self_And_Support_Under_Strength_Training_Restorative_Recording_For_Resident" time="120.536" classname="POC.tests.functionalTests.CarePlan_Restorative_TestCases"/>
  <testcase name="POC_QA327_Self_And_Support_Under_Continence_Exercise_Restorative_Recording_For_Resident" time="119.854" classname="POC.tests.functionalTests.CarePlan_Restorative_TestCases"/>
  <testcase name="POC_QA314_Turn_Around_Under_Balance_Restorative_Recording_For_Resident" time="96.940" classname="POC.tests.functionalTests.CarePlan_Restorative_TestCases"/>
  <testcase name="POC_QA341_Self_And_Support_Under_Prosthetic_Restorative_Recording_For_Resident" time="120.455" classname="POC.tests.functionalTests.CarePlan_Restorative_TestCases"/>
  <testcase name="POC_QA312_Moving_On_And_Off_Toilet_Under_Balance_Restorative_Recording_For_Resident" time="99.327" classname="POC.tests.functionalTests.CarePlan_Restorative_TestCases"/>
  <testcase name="POC_QA361_NoParticipation_NoParticipation_With_Notes_Under_Strength_Training_Restorative_Recording_For_Resident" time="98.509" classname="POC.tests.functionalTests.CarePlan_Restorative_TestCases"/>
  <testcase name="POC_QA313_Surface_to_Surface_Transfer_Under_Balance_Restorative_Recording_For_Resident" time="97.250" classname="POC.tests.functionalTests.CarePlan_Restorative_TestCases"/>
  <testcase name="POC_QA309_NoParticipation_NoParticipation_With_Notes_Under_Ambulation_Restorative_Recording_For_Resident" time="99.459" classname="POC.tests.functionalTests.CarePlan_Restorative_TestCases"/>
  <testcase name="POC_QA332_Self_And_Support_Under_Dining_Restorative_Recording_For_Resident" time="118.953" classname="POC.tests.functionalTests.CarePlan_Restorative_TestCases"/>
  <testcase name="POC_QA348_Passive_Minutes_Under_Range_Of_Motion_Restorative_Recording_For_Resident" time="106.135" classname="POC.tests.functionalTests.CarePlan_Restorative_TestCases"/>
  <testcase name="POC_QA326_Restorative_Recording_For_Resident" time="108.913" classname="POC.tests.functionalTests.CarePlan_Restorative_TestCases"/>
  <testcase name="POC_QA317_Self_And_Support_Under_Bed_Mobility_Restorative_Recording_For_Resident" time="116.525" classname="POC.tests.functionalTests.CarePlan_Restorative_TestCases"/>
  <testcase name="POC_QA363_Self_And_Support_Under_Transfer_Restorative_Recording_For_Resident" time="117.869" classname="POC.tests.functionalTests.CarePlan_Restorative_TestCases"/>
  <testcase name="POC_QA342_Minutes_Under_Prosthetic_Restorative_Recording_For_Resident" time="104.748" classname="POC.tests.functionalTests.CarePlan_Restorative_TestCases"/>
  <testcase name="POC_QA357_Restorative_Recording_For_Resident" time="105.640" classname="POC.tests.functionalTests.CarePlan_Restorative_TestCases"/>
  <testcase name="POC_QA325_NoParticipation_NoParticipation_With_Notes_Under_Communication_Restorative_Recording_For_Resident" time="103.357" classname="POC.tests.functionalTests.CarePlan_Restorative_TestCases"/>
  <testcase name="POC_QA316_Restorative_Recording_For_Resident" time="106.392" classname="POC.tests.functionalTests.CarePlan_Restorative_TestCases"/>
  <testcase name="POC_QA343_Tolerance_Under_Prosthetic_Restorative_Recording_For_Resident" time="100.296" classname="POC.tests.functionalTests.CarePlan_Restorative_TestCases"/>
  <testcase name="POC_QA324_Tolerance_Under_Communication_Restorative_Recording_For_Resident" time="96.403" classname="POC.tests.functionalTests.CarePlan_Restorative_TestCases"/>
  <testcase name="POC_QA365_Tolerance_Under_Transfer_Restorative_Recording_For_Resident" time="95.942" classname="POC.tests.functionalTests.CarePlan_Restorative_TestCases"/>
  <testcase name="POC_QA356_NoParticipation_NoParticipation_With_Notes_Under_Splint_Brace_Restorative_Recording_For_Resident" time="97.993" classname="POC.tests.functionalTests.CarePlan_Restorative_TestCases"/>
</testsuite> <!-- POC.tests.functionalTests.CarePlan_Restorative_TestCases -->
