<?xml version="1.0" encoding="UTF-8"?>
<!-- Generated by org.testng.reporters.JUnitReportReporter -->
<testsuite skipped="20" hostname="HW1562" name="bluestrata.tests.functionalTests.ClinicalTestCases" tests="21" failures="0" timestamp="25 Sep 2018 07:31:15 GMT" time="15.823" errors="1">
  <testcase name="QA097_ResidentOrders_CreateAnOrderUsingDetailsTypeTreatmentWithMedication_And_Medication" time="0.000" classname="bluestrata.tests.functionalTests.ClinicalTestCases">
    <skipped/>
  </testcase> <!-- QA097_ResidentOrders_CreateAnOrderUsingDetailsTypeTreatmentWithMedication_And_Medication -->
  <testcase name="beforeMethod" time="15.823" classname="bluestrata.tests.functionalTests.ClinicalTestCases">
    <error type="java.lang.Error" message="Unresolved compilation problem: 
	The constructor PageTemplate(WebDriver, IReporter) is undefined
">
      <![CDATA[java.lang.Error: Unresolved compilation problem: 
	The constructor PageTemplate(WebDriver, IReporter) is undefined

	at bluestrata.pages.LoginPage.<init>(LoginPage.java:21)
	at dweb.aut.pages.templates.TestTemplateMethodLevelInit.beforeMethod(TestTemplateMethodLevelInit.java:208)
	at sun.reflect.NativeMethodAccessorImpl.invoke0(Native Method)
	at sun.reflect.NativeMethodAccessorImpl.invoke(NativeMethodAccessorImpl.java:62)
	at sun.reflect.DelegatingMethodAccessorImpl.invoke(DelegatingMethodAccessorImpl.java:43)
	at java.lang.reflect.Method.invoke(Method.java:498)
	at org.testng.internal.MethodInvocationHelper.invokeMethod(MethodInvocationHelper.java:108)
	at org.testng.internal.Invoker.invokeConfigurationMethod(Invoker.java:523)
	at org.testng.internal.Invoker.invokeConfigurations(Invoker.java:224)
	at org.testng.internal.Invoker.invokeMethod(Invoker.java:599)
	at org.testng.internal.Invoker.invokeTestMethod(Invoker.java:869)
	at org.testng.internal.Invoker.invokeTestMethods(Invoker.java:1193)
	at org.testng.internal.TestMethodWorker.invokeTestMethods(TestMethodWorker.java:126)
	at org.testng.internal.TestMethodWorker.run(TestMethodWorker.java:109)
	at org.testng.TestRunner.privateRun(TestRunner.java:744)
	at org.testng.TestRunner.run(TestRunner.java:602)
	at org.testng.SuiteRunner.runTest(SuiteRunner.java:380)
	at org.testng.SuiteRunner.access$000(SuiteRunner.java:39)
	at org.testng.SuiteRunner$SuiteWorker.run(SuiteRunner.java:414)
	at org.testng.internal.thread.ThreadUtil$1.call(ThreadUtil.java:52)
	at java.util.concurrent.FutureTask.run(FutureTask.java:266)
	at java.util.concurrent.ThreadPoolExecutor.runWorker(ThreadPoolExecutor.java:1142)
	at java.util.concurrent.ThreadPoolExecutor$Worker.run(ThreadPoolExecutor.java:617)
	at java.lang.Thread.run(Thread.java:745)
]]>
    </error>
  </testcase> <!-- beforeMethod -->
  <testcase name="QA104_VerifyAndModifyAnOrder_ViaOrderSetsOrCreateAnOrder" classname="bluestrata.tests.functionalTests.ClinicalTestCases">
    <skipped/>
  </testcase> <!-- QA104_VerifyAndModifyAnOrder_ViaOrderSetsOrCreateAnOrder -->
  <testcase name="QA091_ResidentOrders_CreateAnOrderUsingDetailsType" classname="bluestrata.tests.functionalTests.ClinicalTestCases">
    <skipped/>
  </testcase> <!-- QA091_ResidentOrders_CreateAnOrderUsingDetailsType -->
  <testcase name="QA092_AddingFrequencyFromResidentOrders_CreateAnOrderWithFrequencyRoutine" classname="bluestrata.tests.functionalTests.ClinicalTestCases">
    <skipped/>
  </testcase> <!-- QA092_AddingFrequencyFromResidentOrders_CreateAnOrderWithFrequencyRoutine -->
  <testcase name="QA094_HowOftenFieldSelectionWhen_FrequencyTypeRoutine" classname="bluestrata.tests.functionalTests.ClinicalTestCases">
    <skipped/>
  </testcase> <!-- QA094_HowOftenFieldSelectionWhen_FrequencyTypeRoutine -->
  <testcase name="QA105_SignAnOrder_ViaOrderSetsOrCreateAnOrder" classname="bluestrata.tests.functionalTests.ClinicalTestCases">
    <skipped/>
  </testcase> <!-- QA105_SignAnOrder_ViaOrderSetsOrCreateAnOrder -->
  <testcase name="QA103_VerifyAnOrder_ViaOrderSetsOrCreateAnOrder" classname="bluestrata.tests.functionalTests.ClinicalTestCases">
    <skipped/>
  </testcase> <!-- QA103_VerifyAnOrder_ViaOrderSetsOrCreateAnOrder -->
  <testcase name="QA106_ViewAndModifyAnOrder_ViaOrderSetsOrCreateAnOrder" classname="bluestrata.tests.functionalTests.ClinicalTestCases">
    <skipped/>
  </testcase> <!-- QA106_ViewAndModifyAnOrder_ViaOrderSetsOrCreateAnOrder -->
  <testcase name="QA102_ViewAndModifyAnOrder_ViaOrderSets" classname="bluestrata.tests.functionalTests.ClinicalTestCases">
    <skipped/>
  </testcase> <!-- QA102_ViewAndModifyAnOrder_ViaOrderSets -->
  <testcase name="QA093_FrequencyFieldSelectionWhen_FrequencyTypeRoutine" classname="bluestrata.tests.functionalTests.ClinicalTestCases">
    <skipped/>
  </testcase> <!-- QA093_FrequencyFieldSelectionWhen_FrequencyTypeRoutine -->
  <testcase name="QA108_SignatureOnRecap_Wheather_OrderCreatedFromOrder_Or_FromSets" classname="bluestrata.tests.functionalTests.ClinicalTestCases">
    <skipped/>
  </testcase> <!-- QA108_SignatureOnRecap_Wheather_OrderCreatedFromOrder_Or_FromSets -->
  <testcase name="QA099_ResidentOrders_CreateAnOrderUsingDetailsTypeTreatmentWithMedication_And_Medication_WithFrequencyPRNEveryHour" classname="bluestrata.tests.functionalTests.ClinicalTestCases">
    <skipped/>
  </testcase> <!-- QA099_ResidentOrders_CreateAnOrderUsingDetailsTypeTreatmentWithMedication_And_Medication_WithFrequencyPRNEveryHour -->
  <testcase name="QA109_ViewAndModify_Recaps" classname="bluestrata.tests.functionalTests.ClinicalTestCases">
    <skipped/>
  </testcase> <!-- QA109_ViewAndModify_Recaps -->
  <testcase name="QA090_OrderCreationViaClinicalAPP" classname="bluestrata.tests.functionalTests.ClinicalTestCases">
    <skipped/>
  </testcase> <!-- QA090_OrderCreationViaClinicalAPP -->
  <testcase name="QA107_RecapAnOrder_ViaOrderSetsOrCreateAnOrder" classname="bluestrata.tests.functionalTests.ClinicalTestCases">
    <skipped/>
  </testcase> <!-- QA107_RecapAnOrder_ViaOrderSetsOrCreateAnOrder -->
  <testcase name="QA100_ResidentOrders_CreateAnOrderUsingDetailsTypeTreatmentWithMedication_And_Medication_WithFrequencyPRN" classname="bluestrata.tests.functionalTests.ClinicalTestCases">
    <skipped/>
  </testcase> <!-- QA100_ResidentOrders_CreateAnOrderUsingDetailsTypeTreatmentWithMedication_And_Medication_WithFrequencyPRN -->
  <testcase name="QA095_AddingFrequencyFromOrders_WithFrequencyPRN" classname="bluestrata.tests.functionalTests.ClinicalTestCases">
    <skipped/>
  </testcase> <!-- QA095_AddingFrequencyFromOrders_WithFrequencyPRN -->
  <testcase name="QA096_AddingFrequencyFromResidentOrder_WithFrequencyPRNEveryHour" classname="bluestrata.tests.functionalTests.ClinicalTestCases">
    <skipped/>
  </testcase> <!-- QA096_AddingFrequencyFromResidentOrder_WithFrequencyPRNEveryHour -->
  <testcase name="QA101_CreateAnOrder_ViaOrderSets" classname="bluestrata.tests.functionalTests.ClinicalTestCases">
    <skipped/>
  </testcase> <!-- QA101_CreateAnOrder_ViaOrderSets -->
  <testcase name="QA098_ResidentOrders_CreateAnOrderUsingDetailsTypeTreatmentWithMedication_And_Medication_FrequencyTypeRoutine" classname="bluestrata.tests.functionalTests.ClinicalTestCases">
    <skipped/>
  </testcase> <!-- QA098_ResidentOrders_CreateAnOrderUsingDetailsTypeTreatmentWithMedication_And_Medication_FrequencyTypeRoutine -->
</testsuite> <!-- bluestrata.tests.functionalTests.ClinicalTestCases -->
