<?xml version="1.0" encoding="UTF-8"?>
<!-- Generated by org.testng.reporters.JUnitReportReporter -->
<testsuite skipped="11" hostname="HW1562" name="aut.tests.functionaltests.FacilityAppTestCases" tests="12" failures="0" timestamp="05 Jun 2018 07:00:12 GMT" time="82.267" errors="1">
  <testcase name="QA039_FrequencyFieldSelection_WithFrequencyType_Routine" time="82.267" classname="aut.tests.functionaltests.FacilityAppTestCases">
    <error type="org.openqa.selenium.NoSuchWindowException" message="Currently focused window has been closed.
Build info: version: &#039;3.6.0&#039;, revision: &#039;6fbf3ec767&#039;, time: &#039;2017-09-27T15:28:36.4Z&#039;
System info: host: &#039;HW1562&#039;, ip: &#039;10.11.4.36&#039;, os.name: &#039;Windows 7&#039;, os.arch: &#039;amd64&#039;, os.version: &#039;6.1&#039;, java.version: &#039;1.8.0_141&#039;
Driver info: org.openqa.selenium.ie.InternetExplorerDriver
Capabilities [{proxy=Proxy(), acceptInsecureCerts=false, browserVersion=11, se:ieOptions={nativeEvents=true, browserAttachTimeout=0, ie.ensureCleanSession=true, elementScrollBehavior=0, enablePersistentHover=true, ie.browserCommandLineSwitches=, ie.forceCreateProcessApi=false, requireWindowFocus=false, initialBrowserUrl=http://localhost:48559/, ignoreZoomSetting=false, ie.fileUploadDialogTimeout=3000, ignoreProtectedModeSettings=false}, timeouts={implicit=0, pageLoad=300000, script=30000}, browserName=internet explorer, pageLoadStrategy=normal, javascriptEnabled=true, platformName=WINDOWS, setWindowRect=true, platform=WINDOWS}]
Session ID: ea1c0ee7-4c59-4d71-93ae-617f0482203c
*** Element info: {Using=xpath, value=(//div[@class=&#039;list-group&#039;]//a//div/h5)[9]}">
      <![CDATA[org.openqa.selenium.NoSuchWindowException: Currently focused window has been closed.
Build info: version: '3.6.0', revision: '6fbf3ec767', time: '2017-09-27T15:28:36.4Z'
System info: host: 'HW1562', ip: '10.11.4.36', os.name: 'Windows 7', os.arch: 'amd64', os.version: '6.1', java.version: '1.8.0_141'
Driver info: org.openqa.selenium.ie.InternetExplorerDriver
Capabilities [{proxy=Proxy(), acceptInsecureCerts=false, browserVersion=11, se:ieOptions={nativeEvents=true, browserAttachTimeout=0, ie.ensureCleanSession=true, elementScrollBehavior=0, enablePersistentHover=true, ie.browserCommandLineSwitches=, ie.forceCreateProcessApi=false, requireWindowFocus=false, initialBrowserUrl=http://localhost:48559/, ignoreZoomSetting=false, ie.fileUploadDialogTimeout=3000, ignoreProtectedModeSettings=false}, timeouts={implicit=0, pageLoad=300000, script=30000}, browserName=internet explorer, pageLoadStrategy=normal, javascriptEnabled=true, platformName=WINDOWS, setWindowRect=true, platform=WINDOWS}]
Session ID: ea1c0ee7-4c59-4d71-93ae-617f0482203c
*** Element info: {Using=xpath, value=(//div[@class='list-group']//a//div/h5)[9]}
	at sun.reflect.NativeConstructorAccessorImpl.newInstance0(Native Method)
	at sun.reflect.NativeConstructorAccessorImpl.newInstance(Unknown Source)
	at sun.reflect.DelegatingConstructorAccessorImpl.newInstance(Unknown Source)
	at java.lang.reflect.Constructor.newInstance(Unknown Source)
	at org.openqa.selenium.remote.http.W3CHttpResponseCodec.createException(W3CHttpResponseCodec.java:187)
	at org.openqa.selenium.remote.http.W3CHttpResponseCodec.decode(W3CHttpResponseCodec.java:122)
	at org.openqa.selenium.remote.http.W3CHttpResponseCodec.decode(W3CHttpResponseCodec.java:49)
	at org.openqa.selenium.remote.HttpCommandExecutor.execute(HttpCommandExecutor.java:158)
	at org.openqa.selenium.remote.service.DriverCommandExecutor.execute(DriverCommandExecutor.java:83)
	at org.openqa.selenium.remote.RemoteWebDriver.execute(RemoteWebDriver.java:545)
	at org.openqa.selenium.remote.RemoteWebDriver.findElement(RemoteWebDriver.java:319)
	at org.openqa.selenium.remote.RemoteWebDriver.findElementByXPath(RemoteWebDriver.java:421)
	at org.openqa.selenium.By$ByXPath.findElement(By.java:361)
	at org.openqa.selenium.remote.RemoteWebDriver.findElement(RemoteWebDriver.java:311)
	at aut.bluestrata.pages.FacilityPage.ManageOrdersSets(FacilityPage.java:63)
	at aut.tests.functionaltests.FacilityAppTestCases.QA039_FrequencyFieldSelection_WithFrequencyType_Routine(FacilityAppTestCases.java:283)
	at sun.reflect.NativeMethodAccessorImpl.invoke0(Native Method)
	at sun.reflect.NativeMethodAccessorImpl.invoke(Unknown Source)
	at sun.reflect.DelegatingMethodAccessorImpl.invoke(Unknown Source)
	at java.lang.reflect.Method.invoke(Unknown Source)
	at org.testng.internal.MethodInvocationHelper.invokeMethod(MethodInvocationHelper.java:108)
	at org.testng.internal.Invoker.invokeMethod(Invoker.java:661)
	at org.testng.internal.Invoker.invokeTestMethod(Invoker.java:869)
	at org.testng.internal.Invoker.invokeTestMethods(Invoker.java:1193)
	at org.testng.internal.TestMethodWorker.invokeTestMethods(TestMethodWorker.java:126)
	at org.testng.internal.TestMethodWorker.run(TestMethodWorker.java:109)
	at org.testng.TestRunner.privateRun(TestRunner.java:744)
	at org.testng.TestRunner.run(TestRunner.java:602)
	at org.testng.SuiteRunner.runTest(SuiteRunner.java:380)
	at org.testng.SuiteRunner.access$000(SuiteRunner.java:39)
	at org.testng.SuiteRunner$SuiteWorker.run(SuiteRunner.java:414)
	at org.testng.internal.thread.ThreadUtil$1.call(ThreadUtil.java:52)
	at java.util.concurrent.FutureTask.run(Unknown Source)
	at java.util.concurrent.ThreadPoolExecutor.runWorker(Unknown Source)
	at java.util.concurrent.ThreadPoolExecutor$Worker.run(Unknown Source)
	at java.lang.Thread.run(Unknown Source)
]]>
    </error>
  </testcase> <!-- QA039_FrequencyFieldSelection_WithFrequencyType_Routine -->
  <testcase name="QA038_AddingFrequencyInNewlyCreatedOrderSetsViaFacilityAppFor_DetailsType_WithFrequencyType_Routine" classname="aut.tests.functionaltests.FacilityAppTestCases">
    <skipped/>
  </testcase> <!-- QA038_AddingFrequencyInNewlyCreatedOrderSetsViaFacilityAppFor_DetailsType_WithFrequencyType_Routine -->
  <testcase name="QA037_CreateAnOrderSetsviaFacilityAppfor_DetailsType" classname="aut.tests.functionaltests.FacilityAppTestCases">
    <skipped/>
  </testcase> <!-- QA037_CreateAnOrderSetsviaFacilityAppfor_DetailsType -->
  <testcase name="QA047_AddMultipleOrdersetsWithinOneOrdersetTemplate" classname="aut.tests.functionaltests.FacilityAppTestCases">
    <skipped/>
  </testcase> <!-- QA047_AddMultipleOrdersetsWithinOneOrdersetTemplate -->
  <testcase name="QA042_AddingFrequencyInNewCreatedOrderSetsVia_FacilityAppForDetailsType_WithFrequencyType_PNREveryHour" classname="aut.tests.functionaltests.FacilityAppTestCases">
    <skipped/>
  </testcase> <!-- QA042_AddingFrequencyInNewCreatedOrderSetsVia_FacilityAppForDetailsType_WithFrequencyType_PNREveryHour -->
  <testcase name="QA041_AddingFrequencyInNewCreatedOrderSetsVia_FacilityAppForDetailsType_WithFrequencyType_PNR" classname="aut.tests.functionaltests.FacilityAppTestCases">
    <skipped/>
  </testcase> <!-- QA041_AddingFrequencyInNewCreatedOrderSetsVia_FacilityAppForDetailsType_WithFrequencyType_PNR -->
  <testcase name="QA043_CreateAnOrderSetsVia_FacilityApp_ForDetailsType_TreatmentWithMedication_And_Medication" classname="aut.tests.functionaltests.FacilityAppTestCases">
    <skipped/>
  </testcase> <!-- QA043_CreateAnOrderSetsVia_FacilityApp_ForDetailsType_TreatmentWithMedication_And_Medication -->
  <testcase name="QA045_AddingFrequencyIn_NewCreateAnOrderSetsVia_FacilityApp_ForDetailsType_TreatmentWithMedication_And_Medication_WithFrequencyType_PNR" classname="aut.tests.functionaltests.FacilityAppTestCases">
    <skipped/>
  </testcase> <!-- QA045_AddingFrequencyIn_NewCreateAnOrderSetsVia_FacilityApp_ForDetailsType_TreatmentWithMedication_And_Medication_WithFrequencyType_PNR -->
  <testcase name="QA040_HowOftenFieldSelection_WithFrequencyType_Routine" classname="aut.tests.functionaltests.FacilityAppTestCases">
    <skipped/>
  </testcase> <!-- QA040_HowOftenFieldSelection_WithFrequencyType_Routine -->
  <testcase name="QA048_UpdatingOrRemovingOrder_LibrariesViaFacilityAppForDetailsType" classname="aut.tests.functionaltests.FacilityAppTestCases">
    <skipped/>
  </testcase> <!-- QA048_UpdatingOrRemovingOrder_LibrariesViaFacilityAppForDetailsType -->
  <testcase name="QA044_AddingFrequencyIn_NewCreateAnOrderSetsVia_FacilityApp_ForDetailsType_TreatmentWithMedication_And_Medication_WithFrequencyType_Routine" classname="aut.tests.functionaltests.FacilityAppTestCases">
    <skipped/>
  </testcase> <!-- QA044_AddingFrequencyIn_NewCreateAnOrderSetsVia_FacilityApp_ForDetailsType_TreatmentWithMedication_And_Medication_WithFrequencyType_Routine -->
  <testcase name="QA046_AddingFrequencyIn_NewCreateAnOrderSetsVia_FacilityApp_ForDetailsType_TreatmentWithMedication_And_Medication_WithFrequencyType_PNREveryHour" classname="aut.tests.functionaltests.FacilityAppTestCases">
    <skipped/>
  </testcase> <!-- QA046_AddingFrequencyIn_NewCreateAnOrderSetsVia_FacilityApp_ForDetailsType_TreatmentWithMedication_And_Medication_WithFrequencyType_PNREveryHour -->
</testsuite> <!-- aut.tests.functionaltests.FacilityAppTestCases -->
