<?xml version="1.0" encoding="UTF-8"?>
<!-- Generated by org.testng.reporters.JUnitReportReporter -->
<testsuite skipped="19" hostname="HW1562" name="aut.tests.functionaltests.PhysicianPortalTestCases" tests="20" failures="0" timestamp="11 Jun 2018 11:41:59 GMT" time="2072.333" errors="0">
  <testcase name="QA019_ViewAndModifyAnOrder_ViaOrderSets" time="2072.333" classname="aut.tests.functionaltests.PhysicianPortalTestCases"/>
  <testcase name="QA017_ResidentOrders_CreateAnOrderWithFrequencyPRN" classname="aut.tests.functionaltests.PhysicianPortalTestCases">
    <skipped/>
  </testcase> <!-- QA017_ResidentOrders_CreateAnOrderWithFrequencyPRN -->
  <testcase name="QA016_ResidentOrders_CreateAnOrderWithFrequencyPRNEveryHour" classname="aut.tests.functionaltests.PhysicianPortalTestCases">
    <skipped/>
  </testcase> <!-- QA016_ResidentOrders_CreateAnOrderWithFrequencyPRNEveryHour -->
  <testcase name="QA023_ViewAndModifyAnOrder_ViaOrderSetsOrCreateAnOrder" classname="aut.tests.functionaltests.PhysicianPortalTestCases">
    <skipped/>
  </testcase> <!-- QA023_ViewAndModifyAnOrder_ViaOrderSetsOrCreateAnOrder -->
  <testcase name="QA009_ResidentOrders_CreateAnOrderWithFrequencyRoutine" classname="aut.tests.functionaltests.PhysicianPortalTestCases">
    <skipped/>
  </testcase> <!-- QA009_ResidentOrders_CreateAnOrderWithFrequencyRoutine -->
  <testcase name="QA022_SignAnOrder_ViaOrderSetsOrCreateAnOrder" classname="aut.tests.functionaltests.PhysicianPortalTestCases">
    <skipped/>
  </testcase> <!-- QA022_SignAnOrder_ViaOrderSetsOrCreateAnOrder -->
  <testcase name="QA015_ResidentOrders_CreateAnOrderWithFrequencyRoutine" classname="aut.tests.functionaltests.PhysicianPortalTestCases">
    <skipped/>
  </testcase> <!-- QA015_ResidentOrders_CreateAnOrderWithFrequencyRoutine -->
  <testcase name="QA007_ResidentOrders" classname="aut.tests.functionaltests.PhysicianPortalTestCases">
    <skipped/>
  </testcase> <!-- QA007_ResidentOrders -->
  <testcase name="QA012_ResidentOrders_CreateAnOrderWithFrequencyPRN" classname="aut.tests.functionaltests.PhysicianPortalTestCases">
    <skipped/>
  </testcase> <!-- QA012_ResidentOrders_CreateAnOrderWithFrequencyPRN -->
  <testcase name="QA026_ViewAndModify_Recaps" classname="aut.tests.functionaltests.PhysicianPortalTestCases">
    <skipped/>
  </testcase> <!-- QA026_ViewAndModify_Recaps -->
  <testcase name="QA018_CreateAnOrder_ViaOrderSets" classname="aut.tests.functionaltests.PhysicianPortalTestCases">
    <skipped/>
  </testcase> <!-- QA018_CreateAnOrder_ViaOrderSets -->
  <testcase name="QA010_ResidentOrders_CreateAnOrderWithFrequencyRoutine" classname="aut.tests.functionaltests.PhysicianPortalTestCases">
    <skipped/>
  </testcase> <!-- QA010_ResidentOrders_CreateAnOrderWithFrequencyRoutine -->
  <testcase name="QA011_HowOften_RoutineFrequencyType" classname="aut.tests.functionaltests.PhysicianPortalTestCases">
    <skipped/>
  </testcase> <!-- QA011_HowOften_RoutineFrequencyType -->
  <testcase name="QA021_VerifyAndModifyAnOrder_ViaOrderSetsOrCreateAnOrder" classname="aut.tests.functionaltests.PhysicianPortalTestCases">
    <skipped/>
  </testcase> <!-- QA021_VerifyAndModifyAnOrder_ViaOrderSetsOrCreateAnOrder -->
  <testcase name="QA025_SignatureOnRecap_Wheather_OrderCreatedFromOrder_Or_FromSets" classname="aut.tests.functionaltests.PhysicianPortalTestCases">
    <skipped/>
  </testcase> <!-- QA025_SignatureOnRecap_Wheather_OrderCreatedFromOrder_Or_FromSets -->
  <testcase name="QA013_ResidentOrders_CreateAnOrderWithFrequencyPRNEveryHour" classname="aut.tests.functionaltests.PhysicianPortalTestCases">
    <skipped/>
  </testcase> <!-- QA013_ResidentOrders_CreateAnOrderWithFrequencyPRNEveryHour -->
  <testcase name="QA008_ResidentOrders_CreateAnOrder" classname="aut.tests.functionaltests.PhysicianPortalTestCases">
    <skipped/>
  </testcase> <!-- QA008_ResidentOrders_CreateAnOrder -->
  <testcase name="QA020_VerifyAnOrder_ViaOrderSetsOrCreateAnOrder" classname="aut.tests.functionaltests.PhysicianPortalTestCases">
    <skipped/>
  </testcase> <!-- QA020_VerifyAnOrder_ViaOrderSetsOrCreateAnOrder -->
  <testcase name="QA014_ResidentOrders_CreateAnOrder" classname="aut.tests.functionaltests.PhysicianPortalTestCases">
    <skipped/>
  </testcase> <!-- QA014_ResidentOrders_CreateAnOrder -->
  <testcase name="QA024_RecapAnOrder_ViaOrderSetsOrCreateAnOrder" classname="aut.tests.functionaltests.PhysicianPortalTestCases">
    <skipped/>
  </testcase> <!-- QA024_RecapAnOrder_ViaOrderSetsOrCreateAnOrder -->
</testsuite> <!-- aut.tests.functionaltests.PhysicianPortalTestCases -->
