<?xml version="1.0" encoding="UTF-8"?>
<!-- Generated by org.testng.reporters.JUnitReportReporter -->
<testsuite skipped="0" hostname="HW1562" name="POC.tests.functionalTests.CarePlan_IntakeAndOutput_TestCases" tests="1" failures="0" timestamp="04 Oct 2018 09:53:37 GMT" time="195.291" errors="0">
  <testcase name="POC_QA297_Output_Recording_For_Resident" time="195.291" classname="POC.tests.functionalTests.CarePlan_IntakeAndOutput_TestCases"/>
</testsuite> <!-- POC.tests.functionalTests.CarePlan_IntakeAndOutput_TestCases -->
