<?xml version="1.0" encoding="UTF-8"?>
<!-- Generated by org.testng.reporters.JUnitReportReporter -->
<testsuite skipped="0" hostname="HW1562" name="POC.tests.functionalTests.CarePlan_MoodAndBehavior_TestCases" tests="2" failures="0" timestamp="15 Nov 2018 12:26:18 GMT" time="430.374" errors="0">
  <testcase name="POC_QA302_Mood_And_Behavior_Mood_Symptom_Recording_For_Training" time="234.816" classname="POC.tests.functionalTests.CarePlan_MoodAndBehavior_TestCases"/>
  <testcase name="POC_QA303_Mood_And_Behavior_Behavior_Symptom_Recording_For_Training" time="195.558" classname="POC.tests.functionalTests.CarePlan_MoodAndBehavior_TestCases"/>
</testsuite> <!-- POC.tests.functionalTests.CarePlan_MoodAndBehavior_TestCases -->
