<?xml version="1.0" encoding="UTF-8"?>
<!-- Generated by org.testng.reporters.JUnitReportReporter -->
<testsuite skipped="0" hostname="HW1562" name="bluestrata.tests.functionalTests.PhysicianPortalTestCases" tests="1" failures="0" timestamp="30 Oct 2018 15:00:33 GMT" time="1687.904" errors="0">
  <testcase name="QA026_ViewAndModify_Recaps" time="1687.904" classname="bluestrata.tests.functionalTests.PhysicianPortalTestCases"/>
</testsuite> <!-- bluestrata.tests.functionalTests.PhysicianPortalTestCases -->
