<?xml version="1.0" encoding="UTF-8"?>
<!-- Generated by org.testng.reporters.JUnitReportReporter -->
<testsuite skipped="18" hostname="HW1562" name="bluestrata.tests.functionalTests.ClinicalTestCases" tests="19" failures="0" timestamp="31 Oct 2018 15:02:33 GMT" time="1421.469" errors="1">
  <testcase name="QA102_ViewAndModifyAnOrder_ViaOrderSets" time="1421.469" classname="bluestrata.tests.functionalTests.ClinicalTestCases">
    <error type="org.openqa.selenium.NoSuchElementException" message="Unable to find element with xpath == //label[text()=&#039;Start Date&#039;]/..//div[contains(@class,&#039;form-control-plaintext&#039;)]
For documentation on this error, please visit: http://seleniumhq.org/exceptions/no_such_element.html
Build info: version: &#039;3.6.0&#039;, revision: &#039;6fbf3ec767&#039;, time: &#039;2017-09-27T15:28:36.4Z&#039;
System info: host: &#039;HW1562&#039;, ip: &#039;10.11.1.37&#039;, os.name: &#039;Windows 7&#039;, os.arch: &#039;amd64&#039;, os.version: &#039;6.1&#039;, java.version: &#039;1.8.0_111&#039;
Driver info: org.openqa.selenium.ie.InternetExplorerDriver
Capabilities [{proxy=Proxy(), acceptInsecureCerts=false, browserVersion=11, se:ieOptions={nativeEvents=true, browserAttachTimeout=0, ie.ensureCleanSession=true, elementScrollBehavior=0, enablePersistentHover=true, ie.browserCommandLineSwitches=, ie.forceCreateProcessApi=false, requireWindowFocus=false, initialBrowserUrl=http://localhost:8803/, ignoreZoomSetting=false, ie.fileUploadDialogTimeout=3000, ignoreProtectedModeSettings=false}, timeouts={implicit=0, pageLoad=300000, script=30000}, browserName=internet explorer, pageLoadStrategy=normal, javascriptEnabled=true, platformName=WINDOWS, setWindowRect=true, platform=WINDOWS}]
Session ID: 15efbf73-68f4-434f-bd2a-2058b93087d7
*** Element info: {Using=xpath, value=//label[text()=&#039;Start Date&#039;]/..//div[contains(@class,&#039;form-control-plaintext&#039;)]}">
      <![CDATA[org.openqa.selenium.NoSuchElementException: Unable to find element with xpath == //label[text()='Start Date']/..//div[contains(@class,'form-control-plaintext')]
For documentation on this error, please visit: http://seleniumhq.org/exceptions/no_such_element.html
Build info: version: '3.6.0', revision: '6fbf3ec767', time: '2017-09-27T15:28:36.4Z'
System info: host: 'HW1562', ip: '10.11.1.37', os.name: 'Windows 7', os.arch: 'amd64', os.version: '6.1', java.version: '1.8.0_111'
Driver info: org.openqa.selenium.ie.InternetExplorerDriver
Capabilities [{proxy=Proxy(), acceptInsecureCerts=false, browserVersion=11, se:ieOptions={nativeEvents=true, browserAttachTimeout=0, ie.ensureCleanSession=true, elementScrollBehavior=0, enablePersistentHover=true, ie.browserCommandLineSwitches=, ie.forceCreateProcessApi=false, requireWindowFocus=false, initialBrowserUrl=http://localhost:8803/, ignoreZoomSetting=false, ie.fileUploadDialogTimeout=3000, ignoreProtectedModeSettings=false}, timeouts={implicit=0, pageLoad=300000, script=30000}, browserName=internet explorer, pageLoadStrategy=normal, javascriptEnabled=true, platformName=WINDOWS, setWindowRect=true, platform=WINDOWS}]
Session ID: 15efbf73-68f4-434f-bd2a-2058b93087d7
*** Element info: {Using=xpath, value=//label[text()='Start Date']/..//div[contains(@class,'form-control-plaintext')]}
	at sun.reflect.NativeConstructorAccessorImpl.newInstance0(Native Method)
	at sun.reflect.NativeConstructorAccessorImpl.newInstance(NativeConstructorAccessorImpl.java:62)
	at sun.reflect.DelegatingConstructorAccessorImpl.newInstance(DelegatingConstructorAccessorImpl.java:45)
	at java.lang.reflect.Constructor.newInstance(Constructor.java:423)
	at org.openqa.selenium.remote.http.W3CHttpResponseCodec.createException(W3CHttpResponseCodec.java:187)
	at org.openqa.selenium.remote.http.W3CHttpResponseCodec.decode(W3CHttpResponseCodec.java:122)
	at org.openqa.selenium.remote.http.W3CHttpResponseCodec.decode(W3CHttpResponseCodec.java:49)
	at org.openqa.selenium.remote.HttpCommandExecutor.execute(HttpCommandExecutor.java:160)
	at org.openqa.selenium.remote.service.DriverCommandExecutor.execute(DriverCommandExecutor.java:83)
	at org.openqa.selenium.remote.RemoteWebDriver.execute(RemoteWebDriver.java:601)
	at org.openqa.selenium.remote.RemoteWebDriver.findElement(RemoteWebDriver.java:371)
	at org.openqa.selenium.remote.RemoteWebDriver.findElementByXPath(RemoteWebDriver.java:473)
	at org.openqa.selenium.By$ByXPath.findElement(By.java:361)
	at org.openqa.selenium.remote.RemoteWebDriver.findElement(RemoteWebDriver.java:363)
	at bluestrata.pages.PhysicianPortalPage.ArrowButtonVerification(PhysicianPortalPage.java:2498)
	at bluestrata.pages.PhysicianPortalPage.OrderPageCopyOrderValidation(PhysicianPortalPage.java:2881)
	at bluestrata.tests.functionalTests.ClinicalTestCases.QA102_ViewAndModifyAnOrder_ViaOrderSets(ClinicalTestCases.java:1627)
	at sun.reflect.NativeMethodAccessorImpl.invoke0(Native Method)
	at sun.reflect.NativeMethodAccessorImpl.invoke(NativeMethodAccessorImpl.java:62)
	at sun.reflect.DelegatingMethodAccessorImpl.invoke(DelegatingMethodAccessorImpl.java:43)
	at java.lang.reflect.Method.invoke(Method.java:498)
	at org.testng.internal.MethodInvocationHelper.invokeMethod(MethodInvocationHelper.java:108)
	at org.testng.internal.Invoker.invokeMethod(Invoker.java:661)
	at org.testng.internal.Invoker.invokeTestMethod(Invoker.java:869)
	at org.testng.internal.Invoker.invokeTestMethods(Invoker.java:1193)
	at org.testng.internal.TestMethodWorker.invokeTestMethods(TestMethodWorker.java:126)
	at org.testng.internal.TestMethodWorker.run(TestMethodWorker.java:109)
	at org.testng.TestRunner.privateRun(TestRunner.java:744)
	at org.testng.TestRunner.run(TestRunner.java:602)
	at org.testng.SuiteRunner.runTest(SuiteRunner.java:380)
	at org.testng.SuiteRunner.access$000(SuiteRunner.java:39)
	at org.testng.SuiteRunner$SuiteWorker.run(SuiteRunner.java:414)
	at org.testng.internal.thread.ThreadUtil$1.call(ThreadUtil.java:52)
	at java.util.concurrent.FutureTask.run(FutureTask.java:266)
	at java.util.concurrent.ThreadPoolExecutor.runWorker(ThreadPoolExecutor.java:1142)
	at java.util.concurrent.ThreadPoolExecutor$Worker.run(ThreadPoolExecutor.java:617)
	at java.lang.Thread.run(Thread.java:745)
]]>
    </error>
  </testcase> <!-- QA102_ViewAndModifyAnOrder_ViaOrderSets -->
  <testcase name="QA104_VerifyAndModifyAnOrder_ViaOrderSetsOrCreateAnOrder" classname="bluestrata.tests.functionalTests.ClinicalTestCases">
    <skipped/>
  </testcase> <!-- QA104_VerifyAndModifyAnOrder_ViaOrderSetsOrCreateAnOrder -->
  <testcase name="QA091_ResidentOrders_CreateAnOrderUsingDetailsType" classname="bluestrata.tests.functionalTests.ClinicalTestCases">
    <skipped/>
  </testcase> <!-- QA091_ResidentOrders_CreateAnOrderUsingDetailsType -->
  <testcase name="QA092_AddingFrequencyFromResidentOrders_CreateAnOrderWithFrequencyRoutine" classname="bluestrata.tests.functionalTests.ClinicalTestCases">
    <skipped/>
  </testcase> <!-- QA092_AddingFrequencyFromResidentOrders_CreateAnOrderWithFrequencyRoutine -->
  <testcase name="QA094_HowOftenFieldSelectionWhen_FrequencyTypeRoutine" classname="bluestrata.tests.functionalTests.ClinicalTestCases">
    <skipped/>
  </testcase> <!-- QA094_HowOftenFieldSelectionWhen_FrequencyTypeRoutine -->
  <testcase name="QA105_SignAnOrder_ViaOrderSetsOrCreateAnOrder" classname="bluestrata.tests.functionalTests.ClinicalTestCases">
    <skipped/>
  </testcase> <!-- QA105_SignAnOrder_ViaOrderSetsOrCreateAnOrder -->
  <testcase name="QA103_VerifyAnOrder_ViaOrderSetsOrCreateAnOrder" classname="bluestrata.tests.functionalTests.ClinicalTestCases">
    <skipped/>
  </testcase> <!-- QA103_VerifyAnOrder_ViaOrderSetsOrCreateAnOrder -->
  <testcase name="QA106_ViewAndModifyAnOrder_ViaOrderSetsOrCreateAnOrder" classname="bluestrata.tests.functionalTests.ClinicalTestCases">
    <skipped/>
  </testcase> <!-- QA106_ViewAndModifyAnOrder_ViaOrderSetsOrCreateAnOrder -->
  <testcase name="QA093_FrequencyFieldSelectionWhen_FrequencyTypeRoutine" classname="bluestrata.tests.functionalTests.ClinicalTestCases">
    <skipped/>
  </testcase> <!-- QA093_FrequencyFieldSelectionWhen_FrequencyTypeRoutine -->
  <testcase name="QA108_SignatureOnRecap_Wheather_OrderCreatedFromOrder_Or_FromSets" classname="bluestrata.tests.functionalTests.ClinicalTestCases">
    <skipped/>
  </testcase> <!-- QA108_SignatureOnRecap_Wheather_OrderCreatedFromOrder_Or_FromSets -->
  <testcase name="QA099_ResidentOrders_CreateAnOrderUsingDetailsTypeTreatmentWithMedication_And_Medication_WithFrequencyPRNEveryHour" classname="bluestrata.tests.functionalTests.ClinicalTestCases">
    <skipped/>
  </testcase> <!-- QA099_ResidentOrders_CreateAnOrderUsingDetailsTypeTreatmentWithMedication_And_Medication_WithFrequencyPRNEveryHour -->
  <testcase name="QA109_ViewAndModify_Recaps" classname="bluestrata.tests.functionalTests.ClinicalTestCases">
    <skipped/>
  </testcase> <!-- QA109_ViewAndModify_Recaps -->
  <testcase name="QA090_OrderCreationViaClinicalAPP" classname="bluestrata.tests.functionalTests.ClinicalTestCases">
    <skipped/>
  </testcase> <!-- QA090_OrderCreationViaClinicalAPP -->
  <testcase name="QA107_RecapAnOrder_ViaOrderSetsOrCreateAnOrder" classname="bluestrata.tests.functionalTests.ClinicalTestCases">
    <skipped/>
  </testcase> <!-- QA107_RecapAnOrder_ViaOrderSetsOrCreateAnOrder -->
  <testcase name="QA100_ResidentOrders_CreateAnOrderUsingDetailsTypeTreatmentWithMedication_And_Medication_WithFrequencyPRN" classname="bluestrata.tests.functionalTests.ClinicalTestCases">
    <skipped/>
  </testcase> <!-- QA100_ResidentOrders_CreateAnOrderUsingDetailsTypeTreatmentWithMedication_And_Medication_WithFrequencyPRN -->
  <testcase name="QA095_AddingFrequencyFromOrders_WithFrequencyPRN" classname="bluestrata.tests.functionalTests.ClinicalTestCases">
    <skipped/>
  </testcase> <!-- QA095_AddingFrequencyFromOrders_WithFrequencyPRN -->
  <testcase name="QA096_AddingFrequencyFromResidentOrder_WithFrequencyPRNEveryHour" classname="bluestrata.tests.functionalTests.ClinicalTestCases">
    <skipped/>
  </testcase> <!-- QA096_AddingFrequencyFromResidentOrder_WithFrequencyPRNEveryHour -->
  <testcase name="QA101_CreateAnOrder_ViaOrderSets" classname="bluestrata.tests.functionalTests.ClinicalTestCases">
    <skipped/>
  </testcase> <!-- QA101_CreateAnOrder_ViaOrderSets -->
  <testcase name="QA098_ResidentOrders_CreateAnOrderUsingDetailsTypeTreatmentWithMedication_And_Medication_FrequencyTypeRoutine" classname="bluestrata.tests.functionalTests.ClinicalTestCases">
    <skipped/>
  </testcase> <!-- QA098_ResidentOrders_CreateAnOrderUsingDetailsTypeTreatmentWithMedication_And_Medication_FrequencyTypeRoutine -->
</testsuite> <!-- bluestrata.tests.functionalTests.ClinicalTestCases -->
