<?xml version="1.0" encoding="UTF-8"?>
<!-- Generated by org.testng.reporters.JUnitReportReporter -->
<testsuite skipped="0" hostname="HW1562" name="POC.tests.functionalTests.CarePlan_BowelAndBladder_TestCases" tests="9" failures="0" timestamp="29 Nov 2018 11:10:27 GMT" time="1376.999" errors="0">
  <testcase name="POC_QA288_Bowel_Recording_For_Appliance" time="154.599" classname="POC.tests.functionalTests.CarePlan_BowelAndBladder_TestCases"/>
  <testcase name="POC_QA289_Bowel_Recording_For_Training" time="154.456" classname="POC.tests.functionalTests.CarePlan_BowelAndBladder_TestCases"/>
  <testcase name="POC_QA285_Bowel_First_Screen" time="93.214" classname="POC.tests.functionalTests.CarePlan_BowelAndBladder_TestCases"/>
  <testcase name="POC_QA293_Bladder_Recording_For_Training" time="156.219" classname="POC.tests.functionalTests.CarePlan_BowelAndBladder_TestCases"/>
  <testcase name="POC_QA292_Bladder_Recording_For_Appliance" time="182.011" classname="POC.tests.functionalTests.CarePlan_BowelAndBladder_TestCases"/>
  <testcase name="POC_QA286_Bowel_Recording_For_NO_BM" time="101.665" classname="POC.tests.functionalTests.CarePlan_BowelAndBladder_TestCases"/>
  <testcase name="POC_QA287_Bowel_Recording_For_BM" time="140.224" classname="POC.tests.functionalTests.CarePlan_BowelAndBladder_TestCases"/>
  <testcase name="POC_QA291_Bladder_Recording_For_Output" time="220.547" classname="POC.tests.functionalTests.CarePlan_BowelAndBladder_TestCases"/>
  <testcase name="POC_QA290_Bladder_Recording_For_NO_Output" time="174.064" classname="POC.tests.functionalTests.CarePlan_BowelAndBladder_TestCases"/>
</testsuite> <!-- POC.tests.functionalTests.CarePlan_BowelAndBladder_TestCases -->
