<?xml version="1.0" encoding="UTF-8"?>
<!-- Generated by org.testng.reporters.JUnitReportReporter -->
<testsuite skipped="0" hostname="HW1562" name="aut.tests.functionaltests.PhysicianPortalTestCases" tests="1" failures="0" timestamp="02 Aug 2018 12:51:47 GMT" time="121.083" errors="1">
  <testcase name="QA026_ViewAndModify_Recaps" time="121.083" classname="aut.tests.functionaltests.PhysicianPortalTestCases">
    <error type="java.lang.ClassCastException" message="org.openqa.selenium.By$ByXPath cannot be cast to org.openqa.selenium.WebElement">
      <![CDATA[java.lang.ClassCastException: org.openqa.selenium.By$ByXPath cannot be cast to org.openqa.selenium.WebElement
	at aut.bluestrata.pages.PhysicianPortalPage.RobotWork(PhysicianPortalPage.java:2716)
	at aut.bluestrata.pages.PhysicianPortalPage.OrderPageCopyOrderValidation(PhysicianPortalPage.java:2678)
	at aut.tests.functionaltests.PhysicianPortalTestCases.QA026_ViewAndModify_Recaps(PhysicianPortalTestCases.java:1828)
	at sun.reflect.NativeMethodAccessorImpl.invoke0(Native Method)
	at sun.reflect.NativeMethodAccessorImpl.invoke(Unknown Source)
	at sun.reflect.DelegatingMethodAccessorImpl.invoke(Unknown Source)
	at java.lang.reflect.Method.invoke(Unknown Source)
	at org.testng.internal.MethodInvocationHelper.invokeMethod(MethodInvocationHelper.java:108)
	at org.testng.internal.Invoker.invokeMethod(Invoker.java:661)
	at org.testng.internal.Invoker.invokeTestMethod(Invoker.java:869)
	at org.testng.internal.Invoker.invokeTestMethods(Invoker.java:1193)
	at org.testng.internal.TestMethodWorker.invokeTestMethods(TestMethodWorker.java:126)
	at org.testng.internal.TestMethodWorker.run(TestMethodWorker.java:109)
	at org.testng.TestRunner.privateRun(TestRunner.java:744)
	at org.testng.TestRunner.run(TestRunner.java:602)
	at org.testng.SuiteRunner.runTest(SuiteRunner.java:380)
	at org.testng.SuiteRunner.access$000(SuiteRunner.java:39)
	at org.testng.SuiteRunner$SuiteWorker.run(SuiteRunner.java:414)
	at org.testng.internal.thread.ThreadUtil$1.call(ThreadUtil.java:52)
	at java.util.concurrent.FutureTask.run(Unknown Source)
	at java.util.concurrent.ThreadPoolExecutor.runWorker(Unknown Source)
	at java.util.concurrent.ThreadPoolExecutor$Worker.run(Unknown Source)
	at java.lang.Thread.run(Unknown Source)
]]>
    </error>
  </testcase> <!-- QA026_ViewAndModify_Recaps -->
</testsuite> <!-- aut.tests.functionaltests.PhysicianPortalTestCases -->
