<?xml version="1.0" encoding="UTF-8"?>
<!-- Generated by org.testng.reporters.JUnitReportReporter -->
<testsuite skipped="0" hostname="HW1562" name="POC.tests.functionalTests.CarePlan_MoodAndBehavior_TestCases" tests="1" failures="0" timestamp="08 Oct 2018 10:55:30 GMT" time="1075.271" errors="0">
  <testcase name="POC_QA303_Mood_And_Behavior_Behavior_Symptom_Recording_For_Training" time="1075.271" classname="POC.tests.functionalTests.CarePlan_MoodAndBehavior_TestCases"/>
</testsuite> <!-- POC.tests.functionalTests.CarePlan_MoodAndBehavior_TestCases -->
