<?xml version="1.0" encoding="UTF-8"?>
<!-- Generated by org.testng.reporters.JUnitReportReporter -->
<testsuite skipped="0" hostname="HW1562" name="POC.tests.functionalTests.HomePageTestCases" tests="9" failures="0" timestamp="29 Nov 2018 11:10:27 GMT" time="524.938" errors="0">
  <testcase name="POC_QA265_Station_Setup_2nd_Icon_In_Left_Pane" time="53.933" classname="POC.tests.functionalTests.HomePageTestCases"/>
  <testcase name="POC_QA269_Station_Setup_6th_Icon_In_Left_Pane" time="86.397" classname="POC.tests.functionalTests.HomePageTestCases"/>
  <testcase name="POC_QA267_Station_Setup_4rd_Icon_In_Left_Pane" time="43.761" classname="POC.tests.functionalTests.HomePageTestCases"/>
  <testcase name="POC_QA266_Station_Setup_3rd_Icon_In_Left_Pane" time="57.679" classname="POC.tests.functionalTests.HomePageTestCases"/>
  <testcase name="POC_QA268_Station_Setup_5th_Icon_In_Left_Pane" time="47.299" classname="POC.tests.functionalTests.HomePageTestCases"/>
  <testcase name="POC_QA263_POC_Application_Landing_Page_contents" time="115.463" classname="POC.tests.functionalTests.HomePageTestCases"/>
  <testcase name="POC_QA264_Station_Setup_1st_Icon_In_Left_Pane" time="45.521" classname="POC.tests.functionalTests.HomePageTestCases"/>
  <testcase name="POC_QA270_Station_Setup_7th_Icon_In_Left_Pane" time="47.557" classname="POC.tests.functionalTests.HomePageTestCases"/>
  <testcase name="POC_QA262_BlueStrata_Point_Of_Care_Header" time="27.328" classname="POC.tests.functionalTests.HomePageTestCases"/>
</testsuite> <!-- POC.tests.functionalTests.HomePageTestCases -->
