<?xml version="1.0" encoding="UTF-8"?>
<!-- Generated by org.testng.reporters.JUnitReportReporter -->
<testsuite skipped="0" hostname="HW1562" name="aut.tests.functionaltests.PhysicianPortalTestCases" tests="1" failures="0" timestamp="05 Sep 2018 10:28:39 GMT" time="2086.656" errors="0">
  <testcase name="QA019_ViewAndModifyAnOrder_ViaOrderSets" time="2086.656" classname="aut.tests.functionaltests.PhysicianPortalTestCases"/>
</testsuite> <!-- aut.tests.functionaltests.PhysicianPortalTestCases -->
