<?xml version="1.0" encoding="UTF-8"?>
<!-- Generated by org.testng.reporters.JUnitReportReporter -->
<testsuite skipped="17" hostname="HW1562" name="aut.tests.functionaltests.PhysicianPortalTestCases" tests="18" failures="0" timestamp="24 May 2018 10:54:15 GMT" time="121.054" errors="1">
  <testcase name="QA24_RecapAnOrder_ViaOrderSetsOrCreateAnOrder" time="121.054" classname="aut.tests.functionaltests.PhysicianPortalTestCases">
    <error type="org.openqa.selenium.NoSuchWindowException" message="Unable to get browser
Build info: version: &#039;3.6.0&#039;, revision: &#039;6fbf3ec767&#039;, time: &#039;2017-09-27T15:28:36.4Z&#039;
System info: host: &#039;HW1562&#039;, ip: &#039;10.11.4.36&#039;, os.name: &#039;Windows 7&#039;, os.arch: &#039;amd64&#039;, os.version: &#039;6.1&#039;, java.version: &#039;1.8.0_141&#039;
Driver info: org.openqa.selenium.ie.InternetExplorerDriver
Capabilities [{proxy=Proxy(), acceptInsecureCerts=false, browserVersion=11, se:ieOptions={nativeEvents=true, browserAttachTimeout=0, ie.ensureCleanSession=true, elementScrollBehavior=0, enablePersistentHover=true, ie.browserCommandLineSwitches=, ie.forceCreateProcessApi=false, requireWindowFocus=false, initialBrowserUrl=http://localhost:11031/, ignoreZoomSetting=false, ie.fileUploadDialogTimeout=3000, ignoreProtectedModeSettings=false}, timeouts={implicit=0, pageLoad=300000, script=30000}, browserName=internet explorer, pageLoadStrategy=normal, javascriptEnabled=true, platformName=WINDOWS, setWindowRect=true, platform=WINDOWS}]
Session ID: 722f6e8b-2ad9-4bff-96eb-a4ff3f20386a">
      <![CDATA[org.openqa.selenium.NoSuchWindowException: Unable to get browser
Build info: version: '3.6.0', revision: '6fbf3ec767', time: '2017-09-27T15:28:36.4Z'
System info: host: 'HW1562', ip: '10.11.4.36', os.name: 'Windows 7', os.arch: 'amd64', os.version: '6.1', java.version: '1.8.0_141'
Driver info: org.openqa.selenium.ie.InternetExplorerDriver
Capabilities [{proxy=Proxy(), acceptInsecureCerts=false, browserVersion=11, se:ieOptions={nativeEvents=true, browserAttachTimeout=0, ie.ensureCleanSession=true, elementScrollBehavior=0, enablePersistentHover=true, ie.browserCommandLineSwitches=, ie.forceCreateProcessApi=false, requireWindowFocus=false, initialBrowserUrl=http://localhost:11031/, ignoreZoomSetting=false, ie.fileUploadDialogTimeout=3000, ignoreProtectedModeSettings=false}, timeouts={implicit=0, pageLoad=300000, script=30000}, browserName=internet explorer, pageLoadStrategy=normal, javascriptEnabled=true, platformName=WINDOWS, setWindowRect=true, platform=WINDOWS}]
Session ID: 722f6e8b-2ad9-4bff-96eb-a4ff3f20386a
	at sun.reflect.NativeConstructorAccessorImpl.newInstance0(Native Method)
	at sun.reflect.NativeConstructorAccessorImpl.newInstance(Unknown Source)
	at sun.reflect.DelegatingConstructorAccessorImpl.newInstance(Unknown Source)
	at java.lang.reflect.Constructor.newInstance(Unknown Source)
	at org.openqa.selenium.remote.http.W3CHttpResponseCodec.createException(W3CHttpResponseCodec.java:187)
	at org.openqa.selenium.remote.http.W3CHttpResponseCodec.decode(W3CHttpResponseCodec.java:122)
	at org.openqa.selenium.remote.http.W3CHttpResponseCodec.decode(W3CHttpResponseCodec.java:49)
	at org.openqa.selenium.remote.HttpCommandExecutor.execute(HttpCommandExecutor.java:158)
	at org.openqa.selenium.remote.service.DriverCommandExecutor.execute(DriverCommandExecutor.java:83)
	at org.openqa.selenium.remote.RemoteWebDriver.execute(RemoteWebDriver.java:545)
	at org.openqa.selenium.remote.RemoteWebDriver.execute(RemoteWebDriver.java:602)
	at org.openqa.selenium.ie.InternetExplorerDriver.getScreenshotAs(InternetExplorerDriver.java:235)
	at com.testreport.ExtentReporter.takeScreenShot(ExtentReporter.java:298)
	at com.testreport.ExtentReporter.logFailure(ExtentReporter.java:168)
	at dweb.aut.pages.templates.PageTemplate.click(PageTemplate.java:162)
	at aut.bluestrata.pages.PhysicianPortal.CreateAnOrderWithOrderDetails(PhysicianPortal.java:351)
	at aut.tests.functionaltests.PhysicianPortalTestCases.QA24_RecapAnOrder_ViaOrderSetsOrCreateAnOrder(PhysicianPortalTestCases.java:2653)
	at sun.reflect.NativeMethodAccessorImpl.invoke0(Native Method)
	at sun.reflect.NativeMethodAccessorImpl.invoke(Unknown Source)
	at sun.reflect.DelegatingMethodAccessorImpl.invoke(Unknown Source)
	at java.lang.reflect.Method.invoke(Unknown Source)
	at org.testng.internal.MethodInvocationHelper.invokeMethod(MethodInvocationHelper.java:108)
	at org.testng.internal.Invoker.invokeMethod(Invoker.java:661)
	at org.testng.internal.Invoker.invokeTestMethod(Invoker.java:869)
	at org.testng.internal.Invoker.invokeTestMethods(Invoker.java:1193)
	at org.testng.internal.TestMethodWorker.invokeTestMethods(TestMethodWorker.java:126)
	at org.testng.internal.TestMethodWorker.run(TestMethodWorker.java:109)
	at org.testng.TestRunner.privateRun(TestRunner.java:744)
	at org.testng.TestRunner.run(TestRunner.java:602)
	at org.testng.SuiteRunner.runTest(SuiteRunner.java:380)
	at org.testng.SuiteRunner.access$000(SuiteRunner.java:39)
	at org.testng.SuiteRunner$SuiteWorker.run(SuiteRunner.java:414)
	at org.testng.internal.thread.ThreadUtil$1.call(ThreadUtil.java:52)
	at java.util.concurrent.FutureTask.run(Unknown Source)
	at java.util.concurrent.ThreadPoolExecutor.runWorker(Unknown Source)
	at java.util.concurrent.ThreadPoolExecutor$Worker.run(Unknown Source)
	at java.lang.Thread.run(Unknown Source)
]]>
    </error>
  </testcase> <!-- QA24_RecapAnOrder_ViaOrderSetsOrCreateAnOrder -->
  <testcase name="QA10_ResidentOrders_CreateAnOrderWithFrequencyRoutine" classname="aut.tests.functionaltests.PhysicianPortalTestCases">
    <skipped/>
  </testcase> <!-- QA10_ResidentOrders_CreateAnOrderWithFrequencyRoutine -->
  <testcase name="QA15_ResidentOrders_CreateAnOrderWithFrequencyRoutine" classname="aut.tests.functionaltests.PhysicianPortalTestCases">
    <skipped/>
  </testcase> <!-- QA15_ResidentOrders_CreateAnOrderWithFrequencyRoutine -->
  <testcase name="QA11_HowOften_RoutineFrequencyType" classname="aut.tests.functionaltests.PhysicianPortalTestCases">
    <skipped/>
  </testcase> <!-- QA11_HowOften_RoutineFrequencyType -->
  <testcase name="QA13_ResidentOrders_CreateAnOrderWithFrequencyPRNEveryHour" classname="aut.tests.functionaltests.PhysicianPortalTestCases">
    <skipped/>
  </testcase> <!-- QA13_ResidentOrders_CreateAnOrderWithFrequencyPRNEveryHour -->
  <testcase name="QA20_VerifyAnOrder_ViaOrderSetsOrCreateAnOrder" classname="aut.tests.functionaltests.PhysicianPortalTestCases">
    <skipped/>
  </testcase> <!-- QA20_VerifyAnOrder_ViaOrderSetsOrCreateAnOrder -->
  <testcase name="QA21_VerifyAndModifyAnOrder_ViaOrderSetsOrCreateAnOrder" classname="aut.tests.functionaltests.PhysicianPortalTestCases">
    <skipped/>
  </testcase> <!-- QA21_VerifyAndModifyAnOrder_ViaOrderSetsOrCreateAnOrder -->
  <testcase name="QA14_ResidentOrders_CreateAnOrder" classname="aut.tests.functionaltests.PhysicianPortalTestCases">
    <skipped/>
  </testcase> <!-- QA14_ResidentOrders_CreateAnOrder -->
  <testcase name="QA19_ViewAndModifyAnOrder_ViaOrderSets" classname="aut.tests.functionaltests.PhysicianPortalTestCases">
    <skipped/>
  </testcase> <!-- QA19_ViewAndModifyAnOrder_ViaOrderSets -->
  <testcase name="QA17_ResidentOrders_CreateAnOrderWithFrequencyPRN" classname="aut.tests.functionaltests.PhysicianPortalTestCases">
    <skipped/>
  </testcase> <!-- QA17_ResidentOrders_CreateAnOrderWithFrequencyPRN -->
  <testcase name="QA16_ResidentOrders_CreateAnOrderWithFrequencyPRNEveryHour" classname="aut.tests.functionaltests.PhysicianPortalTestCases">
    <skipped/>
  </testcase> <!-- QA16_ResidentOrders_CreateAnOrderWithFrequencyPRNEveryHour -->
  <testcase name="QA08_ResidentOrders_CreateAnOrder" classname="aut.tests.functionaltests.PhysicianPortalTestCases">
    <skipped/>
  </testcase> <!-- QA08_ResidentOrders_CreateAnOrder -->
  <testcase name="QA22_SignAnOrder_ViaOrderSetsOrCreateAnOrder" classname="aut.tests.functionaltests.PhysicianPortalTestCases">
    <skipped/>
  </testcase> <!-- QA22_SignAnOrder_ViaOrderSetsOrCreateAnOrder -->
  <testcase name="QA12_ResidentOrders_CreateAnOrderWithFrequencyPRN" classname="aut.tests.functionaltests.PhysicianPortalTestCases">
    <skipped/>
  </testcase> <!-- QA12_ResidentOrders_CreateAnOrderWithFrequencyPRN -->
  <testcase name="QA23_ViewAndModifyAnOrder_ViaOrderSetsOrCreateAnOrder" classname="aut.tests.functionaltests.PhysicianPortalTestCases">
    <skipped/>
  </testcase> <!-- QA23_ViewAndModifyAnOrder_ViaOrderSetsOrCreateAnOrder -->
  <testcase name="QA09_ResidentOrders_CreateAnOrderWithFrequencyRoutine" classname="aut.tests.functionaltests.PhysicianPortalTestCases">
    <skipped/>
  </testcase> <!-- QA09_ResidentOrders_CreateAnOrderWithFrequencyRoutine -->
  <testcase name="QA18_CreateAnOrder_ViaOrderSets" classname="aut.tests.functionaltests.PhysicianPortalTestCases">
    <skipped/>
  </testcase> <!-- QA18_CreateAnOrder_ViaOrderSets -->
  <testcase name="QA07_ResidentOrders" classname="aut.tests.functionaltests.PhysicianPortalTestCases">
    <skipped/>
  </testcase> <!-- QA07_ResidentOrders -->
</testsuite> <!-- aut.tests.functionaltests.PhysicianPortalTestCases -->
