<?xml version="1.0" encoding="UTF-8"?>
<!-- Generated by org.testng.reporters.JUnitReportReporter -->
<testsuite skipped="0" hostname="HW1562" name="POC.tests.functionalTests.CarePlan_BowelAndBladder_TestCases" tests="9" failures="0" timestamp="15 Nov 2018 12:17:00 GMT" time="1402.621" errors="0">
  <testcase name="POC_QA285_Bowel_First_Screen" time="95.956" classname="POC.tests.functionalTests.CarePlan_BowelAndBladder_TestCases"/>
  <testcase name="POC_QA286_Bowel_Recording_For_NO_BM" time="97.563" classname="POC.tests.functionalTests.CarePlan_BowelAndBladder_TestCases"/>
  <testcase name="POC_QA289_Bowel_Recording_For_Training" time="157.191" classname="POC.tests.functionalTests.CarePlan_BowelAndBladder_TestCases"/>
  <testcase name="POC_QA293_Bladder_Recording_For_Training" time="154.760" classname="POC.tests.functionalTests.CarePlan_BowelAndBladder_TestCases"/>
  <testcase name="POC_QA290_Bladder_Recording_For_NO_Output" time="175.520" classname="POC.tests.functionalTests.CarePlan_BowelAndBladder_TestCases"/>
  <testcase name="POC_QA291_Bladder_Recording_For_Output" time="228.253" classname="POC.tests.functionalTests.CarePlan_BowelAndBladder_TestCases"/>
  <testcase name="POC_QA292_Bladder_Recording_For_Appliance" time="187.504" classname="POC.tests.functionalTests.CarePlan_BowelAndBladder_TestCases"/>
  <testcase name="POC_QA287_Bowel_Recording_For_BM" time="144.255" classname="POC.tests.functionalTests.CarePlan_BowelAndBladder_TestCases"/>
  <testcase name="POC_QA288_Bowel_Recording_For_Appliance" time="161.619" classname="POC.tests.functionalTests.CarePlan_BowelAndBladder_TestCases"/>
</testsuite> <!-- POC.tests.functionalTests.CarePlan_BowelAndBladder_TestCases -->
