<?xml version="1.0" encoding="UTF-8"?>
<!-- Generated by org.testng.reporters.JUnitReportReporter -->
<testsuite skipped="4" hostname="HW1562" name="aut.tests.functionaltests.EmarTestCases" tests="5" failures="0" timestamp="12 Jun 2018 09:45:08 GMT" time="169.951" errors="0">
  <testcase name="QA119_ChangeAppWindowThrough_ApplicationMenuButton" time="169.951" classname="aut.tests.functionaltests.EmarTestCases"/>
  <testcase name="QA117_UserNamePreferences_TopRightOf_ResidentDahsboard_Or_HomePage" classname="aut.tests.functionaltests.EmarTestCases">
    <skipped/>
  </testcase> <!-- QA117_UserNamePreferences_TopRightOf_ResidentDahsboard_Or_HomePage -->
  <testcase name="QA116_LoginTo_EmarApplication" classname="aut.tests.functionaltests.EmarTestCases">
    <skipped/>
  </testcase> <!-- QA116_LoginTo_EmarApplication -->
  <testcase name="QA120_ExploreEmar_DashboardPageUsing_eMARapp" classname="aut.tests.functionaltests.EmarTestCases">
    <skipped/>
  </testcase> <!-- QA120_ExploreEmar_DashboardPageUsing_eMARapp -->
  <testcase name="QA118_HelpMenuWith_HelpSiteAbout" classname="aut.tests.functionaltests.EmarTestCases">
    <skipped/>
  </testcase> <!-- QA118_HelpMenuWith_HelpSiteAbout -->
</testsuite> <!-- aut.tests.functionaltests.EmarTestCases -->
