<?xml version="1.0" encoding="UTF-8"?>
<!-- Generated by org.testng.reporters.JUnitReportReporter -->
<testsuite skipped="0" hostname="HW1562" name="POC.tests.functionalTests.CarePlan_Restorative_TestCases" tests="10" failures="0" timestamp="15 Nov 2018 15:20:21 GMT" time="1030.419" errors="0">
  <testcase name="POC_QA310_Balance_Restorative_Recording_For_Resident" time="93.433" classname="POC.tests.functionalTests.CarePlan_Restorative_TestCases"/>
  <testcase name="POC_QA313_Surface_to_Surface_Transfer_Under_Balance_Restorative_Recording_For_Resident" time="99.073" classname="POC.tests.functionalTests.CarePlan_Restorative_TestCases"/>
  <testcase name="POC_QA316_Restorative_Recording_For_Resident" time="107.470" classname="POC.tests.functionalTests.CarePlan_Restorative_TestCases"/>
  <testcase name="POC_QA311_Moving_From_Seat_To_Standing_Position_Under_Balance_Restorative_Recording_For_Resident" time="99.261" classname="POC.tests.functionalTests.CarePlan_Restorative_TestCases"/>
  <testcase name="POC_QA318_Minutes_Under_Bed_Mobility_Restorative_Recording_For_Resident" time="106.002" classname="POC.tests.functionalTests.CarePlan_Restorative_TestCases"/>
  <testcase name="POC_QA314_Turn_Around_Under_Balance_Restorative_Recording_For_Resident" time="99.883" classname="POC.tests.functionalTests.CarePlan_Restorative_TestCases"/>
  <testcase name="POC_QA315_Walking_Under_Balance_Restorative_Recording_For_Resident" time="97.195" classname="POC.tests.functionalTests.CarePlan_Restorative_TestCases"/>
  <testcase name="POC_QA312_Moving_On_And_Off_Toilet_Under_Balance_Restorative_Recording_For_Resident" time="99.862" classname="POC.tests.functionalTests.CarePlan_Restorative_TestCases"/>
  <testcase name="POC_QA319_Tolerance_Under_Bed_Mobility_Restorative_Recording_For_Resident" time="103.197" classname="POC.tests.functionalTests.CarePlan_Restorative_TestCases"/>
  <testcase name="POC_QA317_Self_And_Support_Under_Bed_Mobility_Restorative_Recording_For_Resident" time="125.043" classname="POC.tests.functionalTests.CarePlan_Restorative_TestCases"/>
</testsuite> <!-- POC.tests.functionalTests.CarePlan_Restorative_TestCases -->
