<?xml version="1.0" encoding="UTF-8"?>
<!-- Generated by org.testng.reporters.JUnitReportReporter -->
<testsuite skipped="0" hostname="HW1562" name="POC.tests.functionalTests.ResidentPageTestCases" tests="1" failures="0" timestamp="27 Sep 2018 06:37:12 GMT" time="635.461" errors="0">
  <testcase name="POC_QA281_User_Able_To_Record_An_ADLs_Activity_Of_Daily_Livings_ADLs_for_ToiletUse" time="635.461" classname="POC.tests.functionalTests.ResidentPageTestCases"/>
</testsuite> <!-- POC.tests.functionalTests.ResidentPageTestCases -->
