<?xml version="1.0" encoding="UTF-8"?>
<!-- Generated by org.testng.reporters.JUnitReportReporter -->
<testsuite skipped="0" hostname="HW1562" name="bluestrata.tests.functionalTests.PhysicianPortalTestCases" tests="26" failures="0" timestamp="31 Oct 2018 22:07:53 GMT" time="23709.252" errors="0">
  <testcase name="QA008_ResidentOrders_CreateAnOrder" time="588.974" classname="bluestrata.tests.functionalTests.PhysicianPortalTestCases"/>
  <testcase name="QA010_ResidentOrders_CreateAnOrderWithFrequencyRoutine" time="7378.657" classname="bluestrata.tests.functionalTests.PhysicianPortalTestCases"/>
  <testcase name="QA012_ResidentOrders_CreateAnOrderWithFrequencyPRN" time="600.906" classname="bluestrata.tests.functionalTests.PhysicianPortalTestCases"/>
  <testcase name="QA018_CreateAnOrder_ViaOrderSets" time="560.818" classname="bluestrata.tests.functionalTests.PhysicianPortalTestCases"/>
  <testcase name="QA011_HowOften_RoutineFrequencyType" time="1520.985" classname="bluestrata.tests.functionalTests.PhysicianPortalTestCases"/>
  <testcase name="QA016_ResidentOrders_CreateAnOrderWithFrequencyPRNEveryHour" time="512.158" classname="bluestrata.tests.functionalTests.PhysicianPortalTestCases"/>
  <testcase name="QA013_ResidentOrders_CreateAnOrderWithFrequencyPRNEveryHour" time="607.764" classname="bluestrata.tests.functionalTests.PhysicianPortalTestCases"/>
  <testcase name="QA020_VerifyAnOrder_ViaOrderSetsOrCreateAnOrder" time="290.716" classname="bluestrata.tests.functionalTests.PhysicianPortalTestCases"/>
  <testcase name="QA025_SignatureOnRecap_Wheather_OrderCreatedFromOrder_Or_FromSets" time="507.816" classname="bluestrata.tests.functionalTests.PhysicianPortalTestCases"/>
  <testcase name="QA022_SignAnOrder_ViaOrderSetsOrCreateAnOrder" time="397.902" classname="bluestrata.tests.functionalTests.PhysicianPortalTestCases"/>
  <testcase name="QA019_ViewAndModifyAnOrder_ViaOrderSets" time="2305.571" classname="bluestrata.tests.functionalTests.PhysicianPortalTestCases"/>
  <testcase name="QA014_ResidentOrders_CreateAnOrder" time="1362.487" classname="bluestrata.tests.functionalTests.PhysicianPortalTestCases"/>
  <testcase name="QA021_VerifyAndModifyAnOrder_ViaOrderSetsOrCreateAnOrder" time="294.765" classname="bluestrata.tests.functionalTests.PhysicianPortalTestCases"/>
  <testcase name="QA009_ResidentOrders_CreateAnOrderWithFrequencyRoutine" time="625.847" classname="bluestrata.tests.functionalTests.PhysicianPortalTestCases"/>
  <testcase name="QA007_ResidentOrders" time="76.050" classname="bluestrata.tests.functionalTests.PhysicianPortalTestCases"/>
  <testcase name="QA017_ResidentOrders_CreateAnOrderWithFrequencyPRN" time="520.084" classname="bluestrata.tests.functionalTests.PhysicianPortalTestCases"/>
  <testcase name="QA023_ViewAndModifyAnOrder_ViaOrderSetsOrCreateAnOrder" time="1538.673" classname="bluestrata.tests.functionalTests.PhysicianPortalTestCases"/>
  <testcase name="QA015_ResidentOrders_CreateAnOrderWithFrequencyRoutine" time="702.965" classname="bluestrata.tests.functionalTests.PhysicianPortalTestCases"/>
  <testcase name="QA024_RecapAnOrder_ViaOrderSetsOrCreateAnOrder" time="1280.968" classname="bluestrata.tests.functionalTests.PhysicianPortalTestCases"/>
  <testcase name="QA026_ViewAndModify_Recaps" time="1698.616" classname="bluestrata.tests.functionalTests.PhysicianPortalTestCases"/>
  <testcase name="Gen_QA212_UserNamePreferences_TopRightOf_ResidentDahsboard_Or_HomePage" time="53.178" classname="bluestrata.tests.functionalTests.PhysicianPortalTestCases"/>
  <testcase name="Gen_QA210_Login_Credential_Verification" time="60.973" classname="bluestrata.tests.functionalTests.PhysicianPortalTestCases"/>
  <testcase name="Gen_QA211_MyDashBoardPage" time="73.246" classname="bluestrata.tests.functionalTests.PhysicianPortalTestCases"/>
  <testcase name="Gen_QA213_HelpMenuWith_HelpSiteAbout" time="56.084" classname="bluestrata.tests.functionalTests.PhysicianPortalTestCases"/>
  <testcase name="Gen_QA209_BS_EHR_LoginPage" time="48.828" classname="bluestrata.tests.functionalTests.PhysicianPortalTestCases"/>
  <testcase name="Gen_QA214_HelpMenuWith_HelpSiteAbout" time="44.217" classname="bluestrata.tests.functionalTests.PhysicianPortalTestCases"/>
</testsuite> <!-- bluestrata.tests.functionalTests.PhysicianPortalTestCases -->
