<?xml version="1.0" encoding="UTF-8"?>
<!-- Generated by org.testng.reporters.JUnitReportReporter -->
<testsuite skipped="0" hostname="HW1562" name="bluestrata.tests.functionalTests.FacilityAppTestCases" tests="18" failures="0" timestamp="22 Sep 2018 20:08:50 GMT" time="18221.846" errors="0">
  <testcase name="QA037_CreateAnOrderSetsviaFacilityAppfor_DetailsType" time="152.179" classname="bluestrata.tests.functionalTests.FacilityAppTestCases"/>
  <testcase name="QA038_AddingFrequencyInNewlyCreatedOrderSetsViaFacilityAppFor_DetailsType_WithFrequencyType_Routine" time="663.215" classname="bluestrata.tests.functionalTests.FacilityAppTestCases"/>
  <testcase name="QA041_AddingFrequencyInNewCreatedOrderSetsVia_FacilityAppForDetailsType_WithFrequencyType_PNR" time="1030.391" classname="bluestrata.tests.functionalTests.FacilityAppTestCases"/>
  <testcase name="QA046_AddingFrequencyIn_NewCreateAnOrderSetsVia_FacilityApp_ForDetailsType_TreatmentWithMedication_And_Medication_WithFrequencyType_PNREveryHour" time="442.759" classname="bluestrata.tests.functionalTests.FacilityAppTestCases"/>
  <testcase name="QA040_HowOftenFieldSelection_WithFrequencyType_Routine" time="2637.547" classname="bluestrata.tests.functionalTests.FacilityAppTestCases"/>
  <testcase name="QA043_CreateAnOrderSetsVia_FacilityApp_ForDetailsType_TreatmentWithMedication_And_Medication" time="253.607" classname="bluestrata.tests.functionalTests.FacilityAppTestCases"/>
  <testcase name="QA042_AddingFrequencyInNewCreatedOrderSetsVia_FacilityAppForDetailsType_WithFrequencyType_PNREveryHour" time="1063.651" classname="bluestrata.tests.functionalTests.FacilityAppTestCases"/>
  <testcase name="QA044_AddingFrequencyIn_NewCreateAnOrderSetsVia_FacilityApp_ForDetailsType_TreatmentWithMedication_And_Medication_WithFrequencyType_Routine" time="970.183" classname="bluestrata.tests.functionalTests.FacilityAppTestCases"/>
  <testcase name="QA048_UpdatingOrRemovingOrder_LibrariesViaFacilityAppForDetailsType" time="1176.837" classname="bluestrata.tests.functionalTests.FacilityAppTestCases"/>
  <testcase name="QA047_AddMultipleOrdersetsWithinOneOrdersetTemplate" time="332.671" classname="bluestrata.tests.functionalTests.FacilityAppTestCases"/>
  <testcase name="QA045_AddingFrequencyIn_NewCreateAnOrderSetsVia_FacilityApp_ForDetailsType_TreatmentWithMedication_And_Medication_WithFrequencyType_PNR" time="432.151" classname="bluestrata.tests.functionalTests.FacilityAppTestCases"/>
  <testcase name="QA039_FrequencyFieldSelection_WithFrequencyType_Routine" time="8620.231" classname="bluestrata.tests.functionalTests.FacilityAppTestCases"/>
  <testcase name="Gen_QA210_Login_Credential_Verification" time="62.063" classname="bluestrata.tests.functionalTests.FacilityAppTestCases"/>
  <testcase name="Gen_QA213_HelpMenuWith_HelpSiteAbout" time="71.366" classname="bluestrata.tests.functionalTests.FacilityAppTestCases"/>
  <testcase name="Gen_QA209_BS_EHR_LoginPage" time="67.106" classname="bluestrata.tests.functionalTests.FacilityAppTestCases"/>
  <testcase name="Gen_QA211_MyDashBoardPage" time="102.368" classname="bluestrata.tests.functionalTests.FacilityAppTestCases"/>
  <testcase name="Gen_QA212_UserNamePreferences_TopRightOf_ResidentDahsboard_Or_HomePage" time="77.296" classname="bluestrata.tests.functionalTests.FacilityAppTestCases"/>
  <testcase name="Gen_QA214_HelpMenuWith_HelpSiteAbout" time="66.226" classname="bluestrata.tests.functionalTests.FacilityAppTestCases"/>
</testsuite> <!-- bluestrata.tests.functionalTests.FacilityAppTestCases -->
