<?xml version="1.0" encoding="UTF-8"?>
<!-- Generated by org.testng.reporters.JUnitReportReporter -->
<testsuite skipped="0" hostname="HW1562" name="aut.tests.functionaltests.ClinicalTestCases" tests="6" failures="0" timestamp="31 Aug 2018 12:35:44 GMT" time="452.564" errors="0">
  <testcase name="Gen_QA209_BS_EHR_LoginPage" time="54.665" classname="aut.tests.functionaltests.ClinicalTestCases"/>
  <testcase name="Gen_QA210_Login_Credential_Verification" time="59.864" classname="aut.tests.functionaltests.ClinicalTestCases"/>
  <testcase name="Gen_QA211_MyDashBoardPage" time="102.171" classname="aut.tests.functionaltests.ClinicalTestCases"/>
  <testcase name="Gen_QA212_UserNamePreferences_TopRightOf_ResidentDahsboard_Or_HomePage" time="78.062" classname="aut.tests.functionaltests.ClinicalTestCases"/>
  <testcase name="Gen_QA213_HelpMenuWith_HelpSiteAbout" time="92.969" classname="aut.tests.functionaltests.ClinicalTestCases"/>
  <testcase name="Gen_QA214_HelpMenuWith_HelpSiteAbout" time="64.833" classname="aut.tests.functionaltests.ClinicalTestCases"/>
</testsuite> <!-- aut.tests.functionaltests.ClinicalTestCases -->
