<?xml version="1.0" encoding="UTF-8"?>
<!-- Generated by org.testng.reporters.JUnitReportReporter -->
<testsuite skipped="0" hostname="HW1562" name="bluestrata.tests.functionaltests.PhysicianPortalTestCases" tests="1" failures="0" timestamp="07 Sep 2018 13:19:39 GMT" time="2099.680" errors="0">
  <testcase name="QA019_ViewAndModifyAnOrder_ViaOrderSets" time="2099.680" classname="bluestrata.tests.functionaltests.PhysicianPortalTestCases"/>
</testsuite> <!-- bluestrata.tests.functionaltests.PhysicianPortalTestCases -->
