<?xml version="1.0" encoding="UTF-8"?>
<!-- Generated by org.testng.reporters.JUnitReportReporter -->
<testsuite skipped="12" hostname="HW1562" name="aut.tests.functionaltests.ClinicalTestCases" tests="13" failures="0" timestamp="25 May 2018 10:05:12 GMT" time="766.457" errors="1">
  <testcase name="QA102_ViewAndModifyAnOrder_ViaOrderSets" time="766.457" classname="aut.tests.functionaltests.ClinicalTestCases">
    <error type="org.openqa.selenium.NoSuchElementException" message="Unable to find element with css selector == #query
For documentation on this error, please visit: http://seleniumhq.org/exceptions/no_such_element.html
Build info: version: &#039;3.6.0&#039;, revision: &#039;6fbf3ec767&#039;, time: &#039;2017-09-27T15:28:36.4Z&#039;
System info: host: &#039;HW1562&#039;, ip: &#039;10.11.4.36&#039;, os.name: &#039;Windows 7&#039;, os.arch: &#039;amd64&#039;, os.version: &#039;6.1&#039;, java.version: &#039;1.8.0_141&#039;
Driver info: org.openqa.selenium.ie.InternetExplorerDriver
Capabilities [{proxy=Proxy(), acceptInsecureCerts=false, browserVersion=11, se:ieOptions={nativeEvents=true, browserAttachTimeout=0, ie.ensureCleanSession=true, elementScrollBehavior=0, enablePersistentHover=true, ie.browserCommandLineSwitches=, ie.forceCreateProcessApi=false, requireWindowFocus=false, initialBrowserUrl=http://localhost:16639/, ignoreZoomSetting=false, ie.fileUploadDialogTimeout=3000, ignoreProtectedModeSettings=false}, timeouts={implicit=0, pageLoad=300000, script=30000}, browserName=internet explorer, pageLoadStrategy=normal, javascriptEnabled=true, platformName=WINDOWS, setWindowRect=true, platform=WINDOWS}]
Session ID: eb01d2a4-9bf3-4a34-8504-5ecd4b7b6ec1
*** Element info: {Using=id, value=query}">
      <![CDATA[org.openqa.selenium.NoSuchElementException: Unable to find element with css selector == #query
For documentation on this error, please visit: http://seleniumhq.org/exceptions/no_such_element.html
Build info: version: '3.6.0', revision: '6fbf3ec767', time: '2017-09-27T15:28:36.4Z'
System info: host: 'HW1562', ip: '10.11.4.36', os.name: 'Windows 7', os.arch: 'amd64', os.version: '6.1', java.version: '1.8.0_141'
Driver info: org.openqa.selenium.ie.InternetExplorerDriver
Capabilities [{proxy=Proxy(), acceptInsecureCerts=false, browserVersion=11, se:ieOptions={nativeEvents=true, browserAttachTimeout=0, ie.ensureCleanSession=true, elementScrollBehavior=0, enablePersistentHover=true, ie.browserCommandLineSwitches=, ie.forceCreateProcessApi=false, requireWindowFocus=false, initialBrowserUrl=http://localhost:16639/, ignoreZoomSetting=false, ie.fileUploadDialogTimeout=3000, ignoreProtectedModeSettings=false}, timeouts={implicit=0, pageLoad=300000, script=30000}, browserName=internet explorer, pageLoadStrategy=normal, javascriptEnabled=true, platformName=WINDOWS, setWindowRect=true, platform=WINDOWS}]
Session ID: eb01d2a4-9bf3-4a34-8504-5ecd4b7b6ec1
*** Element info: {Using=id, value=query}
	at sun.reflect.NativeConstructorAccessorImpl.newInstance0(Native Method)
	at sun.reflect.NativeConstructorAccessorImpl.newInstance(Unknown Source)
	at sun.reflect.DelegatingConstructorAccessorImpl.newInstance(Unknown Source)
	at java.lang.reflect.Constructor.newInstance(Unknown Source)
	at org.openqa.selenium.remote.http.W3CHttpResponseCodec.createException(W3CHttpResponseCodec.java:187)
	at org.openqa.selenium.remote.http.W3CHttpResponseCodec.decode(W3CHttpResponseCodec.java:122)
	at org.openqa.selenium.remote.http.W3CHttpResponseCodec.decode(W3CHttpResponseCodec.java:49)
	at org.openqa.selenium.remote.HttpCommandExecutor.execute(HttpCommandExecutor.java:158)
	at org.openqa.selenium.remote.service.DriverCommandExecutor.execute(DriverCommandExecutor.java:83)
	at org.openqa.selenium.remote.RemoteWebDriver.execute(RemoteWebDriver.java:545)
	at org.openqa.selenium.remote.RemoteWebDriver.findElement(RemoteWebDriver.java:319)
	at org.openqa.selenium.remote.RemoteWebDriver.findElementById(RemoteWebDriver.java:365)
	at org.openqa.selenium.By$ById.findElement(By.java:218)
	at org.openqa.selenium.remote.RemoteWebDriver.findElement(RemoteWebDriver.java:311)
	at dweb.aut.pages.templates.PageTemplate.SendKeysToElementClearFirst(PageTemplate.java:520)
	at aut.bluestrata.pages.PhysicianPortal.CreateAnOrderWithOrderDetails(PhysicianPortal.java:313)
	at aut.bluestrata.pages.PhysicianPortal.ModifyOrderPageDetail(PhysicianPortal.java:2208)
	at aut.tests.functionaltests.ClinicalTestCases.QA102_ViewAndModifyAnOrder_ViaOrderSets(ClinicalTestCases.java:1601)
	at sun.reflect.NativeMethodAccessorImpl.invoke0(Native Method)
	at sun.reflect.NativeMethodAccessorImpl.invoke(Unknown Source)
	at sun.reflect.DelegatingMethodAccessorImpl.invoke(Unknown Source)
	at java.lang.reflect.Method.invoke(Unknown Source)
	at org.testng.internal.MethodInvocationHelper.invokeMethod(MethodInvocationHelper.java:108)
	at org.testng.internal.Invoker.invokeMethod(Invoker.java:661)
	at org.testng.internal.Invoker.invokeTestMethod(Invoker.java:869)
	at org.testng.internal.Invoker.invokeTestMethods(Invoker.java:1193)
	at org.testng.internal.TestMethodWorker.invokeTestMethods(TestMethodWorker.java:126)
	at org.testng.internal.TestMethodWorker.run(TestMethodWorker.java:109)
	at org.testng.TestRunner.privateRun(TestRunner.java:744)
	at org.testng.TestRunner.run(TestRunner.java:602)
	at org.testng.SuiteRunner.runTest(SuiteRunner.java:380)
	at org.testng.SuiteRunner.access$000(SuiteRunner.java:39)
	at org.testng.SuiteRunner$SuiteWorker.run(SuiteRunner.java:414)
	at org.testng.internal.thread.ThreadUtil$1.call(ThreadUtil.java:52)
	at java.util.concurrent.FutureTask.run(Unknown Source)
	at java.util.concurrent.ThreadPoolExecutor.runWorker(Unknown Source)
	at java.util.concurrent.ThreadPoolExecutor$Worker.run(Unknown Source)
	at java.lang.Thread.run(Unknown Source)
]]>
    </error>
  </testcase> <!-- QA102_ViewAndModifyAnOrder_ViaOrderSets -->
  <testcase name="QA100_ResidentOrders_CreateAnOrderUsingDetailsTypeTreatmentWithMedication_And_Medication_WithFrequencyPRN" classname="aut.tests.functionaltests.ClinicalTestCases">
    <skipped/>
  </testcase> <!-- QA100_ResidentOrders_CreateAnOrderUsingDetailsTypeTreatmentWithMedication_And_Medication_WithFrequencyPRN -->
  <testcase name="QA095_AddingFrequencyFromOrders_WithFrequencyPRN" classname="aut.tests.functionaltests.ClinicalTestCases">
    <skipped/>
  </testcase> <!-- QA095_AddingFrequencyFromOrders_WithFrequencyPRN -->
  <testcase name="QA096_AddingFrequencyFromResidentOrder_WithFrequencyPRNEveryHour" classname="aut.tests.functionaltests.ClinicalTestCases">
    <skipped/>
  </testcase> <!-- QA096_AddingFrequencyFromResidentOrder_WithFrequencyPRNEveryHour -->
  <testcase name="QA092_AddingFrequencyFromResidentOrders_CreateAnOrderWithFrequencyRoutine" classname="aut.tests.functionaltests.ClinicalTestCases">
    <skipped/>
  </testcase> <!-- QA092_AddingFrequencyFromResidentOrders_CreateAnOrderWithFrequencyRoutine -->
  <testcase name="QA094_HowOftenFieldSelectionWhen_FrequencyTypeRoutine" classname="aut.tests.functionaltests.ClinicalTestCases">
    <skipped/>
  </testcase> <!-- QA094_HowOftenFieldSelectionWhen_FrequencyTypeRoutine -->
  <testcase name="QA097_ResidentOrders_CreateAnOrderUsingDetailsTypeTreatmentWithMedication_And_Medication" classname="aut.tests.functionaltests.ClinicalTestCases">
    <skipped/>
  </testcase> <!-- QA097_ResidentOrders_CreateAnOrderUsingDetailsTypeTreatmentWithMedication_And_Medication -->
  <testcase name="QA091_ResidentOrders_CreateAnOrderUsingDetailsType" classname="aut.tests.functionaltests.ClinicalTestCases">
    <skipped/>
  </testcase> <!-- QA091_ResidentOrders_CreateAnOrderUsingDetailsType -->
  <testcase name="QA101_CreateAnOrder_ViaOrderSets" classname="aut.tests.functionaltests.ClinicalTestCases">
    <skipped/>
  </testcase> <!-- QA101_CreateAnOrder_ViaOrderSets -->
  <testcase name="QA093_FrequencyFieldSelectionWhen_FrequencyTypeRoutine" classname="aut.tests.functionaltests.ClinicalTestCases">
    <skipped/>
  </testcase> <!-- QA093_FrequencyFieldSelectionWhen_FrequencyTypeRoutine -->
  <testcase name="QA099_ResidentOrders_CreateAnOrderUsingDetailsTypeTreatmentWithMedication_And_Medication_WithFrequencyPRNEveryHour" classname="aut.tests.functionaltests.ClinicalTestCases">
    <skipped/>
  </testcase> <!-- QA099_ResidentOrders_CreateAnOrderUsingDetailsTypeTreatmentWithMedication_And_Medication_WithFrequencyPRNEveryHour -->
  <testcase name="QA098_ResidentOrders_CreateAnOrderUsingDetailsTypeTreatmentWithMedication_And_Medication_FrequencyTypeRoutine" classname="aut.tests.functionaltests.ClinicalTestCases">
    <skipped/>
  </testcase> <!-- QA098_ResidentOrders_CreateAnOrderUsingDetailsTypeTreatmentWithMedication_And_Medication_FrequencyTypeRoutine -->
  <testcase name="QA090_OrderCreationViaClinicalAPP" classname="aut.tests.functionaltests.ClinicalTestCases">
    <skipped/>
  </testcase> <!-- QA090_OrderCreationViaClinicalAPP -->
</testsuite> <!-- aut.tests.functionaltests.ClinicalTestCases -->
