<?xml version="1.0" encoding="UTF-8"?>
<!-- Generated by org.testng.reporters.JUnitReportReporter -->
<testsuite skipped="0" hostname="HW1562" name="POC.tests.functionalTests.CarePlan_MealAndSnack_TestCases" tests="3" failures="0" timestamp="29 Nov 2018 14:04:52 GMT" time="310.792" errors="0">
  <testcase name="POC_QA298_Verify_Hydration__Meal_And_Snack_For_Resident" time="94.025" classname="POC.tests.functionalTests.CarePlan_MealAndSnack_TestCases"/>
  <testcase name="POC_QA300_Verify_Test2__Meal_And_Snack_For_Resident" time="110.576" classname="POC.tests.functionalTests.CarePlan_MealAndSnack_TestCases"/>
  <testcase name="POC_QA299_Verify_Lunch__Meal_And_Snack_For_Resident" time="106.191" classname="POC.tests.functionalTests.CarePlan_MealAndSnack_TestCases"/>
</testsuite> <!-- POC.tests.functionalTests.CarePlan_MealAndSnack_TestCases -->
