<?xml version="1.0" encoding="UTF-8"?>
<!-- Generated by org.testng.reporters.JUnitReportReporter -->
<testsuite skipped="0" hostname="HW1562" name="POC.tests.functionalTests.CarePlan_Vitals_TestCases" tests="1" failures="0" timestamp="15 Nov 2018 13:46:32 GMT" time="252.449" errors="0">
  <testcase name="POC_QA304_Vitals_Recording_For_Resident" time="252.449" classname="POC.tests.functionalTests.CarePlan_Vitals_TestCases"/>
</testsuite> <!-- POC.tests.functionalTests.CarePlan_Vitals_TestCases -->
